<?xml version="1.0" encoding="UTF-8"?>
<!-- Generated by org.testng.reporters.JUnitReportReporter -->
<testsuite skipped="10" hostname="DESKTOP-KQS99BN" name="selenium_tests.Runner" tests="39" failures="1" timestamp="05 Oct 2018 14:45:48 GMT" time="781.364" errors="0">
  <testcase name="run_scenario" time="12.245" classname="selenium_tests.Runner"/>
  <testcase name="run_scenario" time="8.436" classname="selenium_tests.Runner">
    <skipped/>
  </testcase> <!-- run_scenario -->
  <testcase name="run_scenario" time="12.833" classname="selenium_tests.Runner"/>
  <testcase name="run_scenario" time="7.895" classname="selenium_tests.Runner">
    <skipped/>
  </testcase> <!-- run_scenario -->
  <testcase name="run_scenario" time="13.545" classname="selenium_tests.Runner"/>
  <testcase name="run_scenario" time="11.153" classname="selenium_tests.Runner"/>
  <testcase name="run_scenario" time="12.497" classname="selenium_tests.Runner"/>
  <testcase name="run_scenario" time="10.262" classname="selenium_tests.Runner"/>
  <testcase name="run_scenario" time="11.232" classname="selenium_tests.Runner"/>
  <testcase name="run_scenario" time="68.876" classname="selenium_tests.Runner">
    <skipped/>
  </testcase> <!-- run_scenario -->
  <testcase name="run_scenario" time="10.710" classname="selenium_tests.Runner"/>
  <testcase name="run_scenario" time="10.570" classname="selenium_tests.Runner"/>
  <testcase name="run_scenario" time="11.304" classname="selenium_tests.Runner"/>
  <testcase name="run_scenario" time="12.029" classname="selenium_tests.Runner"/>
  <testcase name="run_scenario" time="14.083" classname="selenium_tests.Runner"/>
  <testcase name="run_scenario" time="18.148" classname="selenium_tests.Runner"/>
  <testcase name="run_scenario" time="16.918" classname="selenium_tests.Runner"/>
  <testcase name="run_scenario" time="79.376" classname="selenium_tests.Runner">
    <failure type="java.lang.AssertionError" message="expected [1] but found [2]">
      <![CDATA[java.lang.AssertionError: expected [1] but found [2]
	at org.testng.Assert.fail(Assert.java:93)
	at org.testng.Assert.failNotEquals(Assert.java:512)
	at org.testng.Assert.assertEqualsImpl(Assert.java:134)
	at org.testng.Assert.assertEquals(Assert.java:115)
	at org.testng.Assert.assertEquals(Assert.java:388)
	at org.testng.Assert.assertEquals(Assert.java:398)
	at selenium_tests.feature_steps.Steps_basket_feature.basket_with_products_and_quantity_is_shown(Steps_basket_feature.java:90)
	at ✽.basket with 1 products and 2 quantity is shown(src/test/resources/Features/TestSuite_basket.feature:69)
]]>
    </failure>
  </testcase> <!-- run_scenario -->
  <testcase name="run_scenario" time="10.696" classname="selenium_tests.Runner"/>
  <testcase name="run_scenario" time="10.563" classname="selenium_tests.Runner"/>
  <testcase name="run_scenario" time="12.124" classname="selenium_tests.Runner"/>
  <testcase name="run_scenario" time="10.667" classname="selenium_tests.Runner"/>
  <testcase name="run_scenario" time="8.608" classname="selenium_tests.Runner">
    <skipped/>
  </testcase> <!-- run_scenario -->
  <testcase name="run_scenario" time="2.896" classname="selenium_tests.Runner"/>
  <testcase name="run_scenario" time="18.985" classname="selenium_tests.Runner"/>
  <testcase name="run_scenario" time="18.580" classname="selenium_tests.Runner"/>
  <testcase name="run_scenario" time="12.007" classname="selenium_tests.Runner"/>
  <testcase name="run_scenario" time="22.016" classname="selenium_tests.Runner"/>
  <testcase name="run_scenario" time="67.575" classname="selenium_tests.Runner">
    <skipped/>
  </testcase> <!-- run_scenario -->
  <testcase name="run_scenario" time="10.033" classname="selenium_tests.Runner">
    <skipped/>
  </testcase> <!-- run_scenario -->
  <testcase name="run_scenario" time="13.518" classname="selenium_tests.Runner">
    <skipped/>
  </testcase> <!-- run_scenario -->
  <testcase name="run_scenario" time="10.280" classname="selenium_tests.Runner"/>
  <testcase name="run_scenario" time="15.831" classname="selenium_tests.Runner"/>
  <testcase name="run_scenario" time="70.117" classname="selenium_tests.Runner">
    <skipped/>
  </testcase> <!-- run_scenario -->
  <testcase name="run_scenario" time="11.135" classname="selenium_tests.Runner"/>
  <testcase name="run_scenario" time="10.714" classname="selenium_tests.Runner"/>
  <testcase name="run_scenario" time="21.628" classname="selenium_tests.Runner"/>
  <testcase name="run_scenario" time="71.613" classname="selenium_tests.Runner">
    <skipped/>
  </testcase> <!-- run_scenario -->
  <testcase name="run_scenario" time="9.666" classname="selenium_tests.Runner">
    <skipped/>
  </testcase> <!-- run_scenario -->
</testsuite> <!-- selenium_tests.Runner -->
