<?xml version="1.0" encoding="UTF-8"?>
<testng-results skipped="0" failed="0" ignored="0" total="0" passed="0">
  <reporter-output>
  </reporter-output>
  <suite name="Surefire suite" duration-ms="3" started-at="2018-08-22T00:32:51Z" finished-at="2018-08-22T00:32:51Z">
    <groups>
    </groups>
    <test name="Surefire test" duration-ms="3" started-at="2018-08-22T00:32:51Z" finished-at="2018-08-22T00:32:51Z">
    </test> <!-- Surefire test -->
  </suite> <!-- Surefire suite -->
</testng-results>
