<?xml version="1.0" encoding="UTF-8"?>
<testsuite xmlns:xsi="http://www.w3.org/2001/XMLSchema-instance" xsi:noNamespaceSchemaLocation="https://maven.apache.org/surefire/maven-failsafe-plugin/xsd/failsafe-test-report.xsd" name="TestSuite" time="568.943" tests="39" errors="0" skipped="10" failures="1">
  <properties>
[...]
</properties>
  <testcase name="run_scenario" classname="selenium_tests.Runner" time="11.306"/>
  <testcase name="run_scenario" classname="selenium_tests.Runner" time="4.487"/>
  <testcase name="run_scenario" classname="selenium_tests.Runner" time="12.833"/>
  <testcase name="run_scenario" classname="selenium_tests.Runner" time="4.694"/>
  <testcase name="run_scenario" classname="selenium_tests.Runner" time="7.312"/>
  <testcase name="run_scenario" classname="selenium_tests.Runner" time="10.716"/>
  <testcase name="run_scenario" classname="selenium_tests.Runner" time="0.551"/>
  <testcase name="run_scenario" classname="selenium_tests.Runner" time="10.022"/>
  <testcase name="run_scenario" classname="selenium_tests.Runner" time="8.127"/>
  <testcase name="run_scenario" classname="selenium_tests.Runner" time="3.005"/>
  <testcase name="run_scenario" classname="selenium_tests.Runner" time="0">
    <skipped message="expected [true] but found [false]"/>
  </testcase>
  <testcase name="run_scenario" classname="selenium_tests.Runner" time="5.259"/>
  <testcase name="run_scenario" classname="selenium_tests.Runner" time="0">
    <skipped message="expected [true] but found [false]"/>
  </testcase>
  <testcase name="run_scenario" classname="selenium_tests.Runner" time="12.118"/>
  <testcase name="run_scenario" classname="selenium_tests.Runner" time="10.696"/>
  <testcase name="run_scenario" classname="selenium_tests.Runner" time="10.711"/>
  <testcase name="run_scenario" classname="selenium_tests.Runner" time="10.28"/>
  <testcase name="run_scenario" classname="selenium_tests.Runner" time="10.262"/>
  <testcase name="run_scenario" classname="selenium_tests.Runner" time="10.563"/>
  <testcase name="run_scenario" classname="selenium_tests.Runner" time="0">
    <skipped message="Expected condition failed: waiting for presence of element located by: By.xpath: //button[@class=&quot;button button--full button--secondary&quot;] (tried for 60 second(s) with 500 milliseconds interval)"/>
  </testcase>
  <testcase name="run_scenario" classname="selenium_tests.Runner" time="10.507"/>
  <testcase name="run_scenario" classname="selenium_tests.Runner" time="5.325"/>
  <testcase name="run_scenario" classname="selenium_tests.Runner" time="6.92"/>
  <testcase name="run_scenario" classname="selenium_tests.Runner" time="10.668"/>
  <testcase name="run_scenario" classname="selenium_tests.Runner" time="11.153"/>
  <testcase name="run_scenario" classname="selenium_tests.Runner" time="11.232"/>
  <testcase name="run_scenario" classname="selenium_tests.Runner" time="12.03"/>
  <testcase name="run_scenario" classname="selenium_tests.Runner" time="0">
    <skipped message="Expected condition failed: waiting for presence of element located by: By.xpath: //button[@class=&quot; add-to-trolley-button button button--primary button--full&quot;] (tried for 60 second(s) with 500 milliseconds interval)"/>
    <system-out><![CDATA[
&amp#27;[31mFailed scenarios:&amp#27;[0m
&amp#27;[31msrc/test/resources/Features/TestSuite_Product.feature:22 &amp#27;[0m# customer searches for product by name
&amp#27;[31msrc/test/resources/Features/TestSuite_Product.feature:23 &amp#27;[0m# customer searches for product by name

20 Scenarios (&amp#27;[31m2 failed&amp#27;[0m, &amp#27;[32m18 passed&amp#27;[0m)
124 Steps (&amp#27;[31m2 failed&amp#27;[0m, &amp#27;[36m2 skipped&amp#27;[0m, &amp#27;[32m120 passed&amp#27;[0m)
3m52.636s

java.lang.AssertionError: expected [true] but found [false]
	at org.testng.Assert.fail(Assert.java:93)
	at org.testng.Assert.failNotEquals(Assert.java:512)
	at org.testng.Assert.assertTrue(Assert.java:41)
	at org.testng.Assert.assertTrue(Assert.java:51)
	at selenium_tests.feature_steps.Steps_product_feature.customer_can_see_important_product_data(Steps_product_feature.java:126)
	at ?.customer can see important product data(src/test/resources/Features/TestSuite_Product.feature:12)

java.lang.AssertionError: expected [true] but found [false]
	at org.testng.Assert.fail(Assert.java:93)
	at org.testng.Assert.failNotEquals(Assert.java:512)
	at org.testng.Assert.assertTrue(Assert.java:41)
	at org.testng.Assert.assertTrue(Assert.java:51)
	at selenium_tests.feature_steps.Steps_product_feature.customer_can_see_important_product_data(Steps_product_feature.java:129)
	at ?.customer can see important product data(src/test/resources/Features/TestSuite_Product.feature:12)

]]></system-out>
  </testcase>
  <testcase name="run_scenario" classname="selenium_tests.Runner" time="0">
    <skipped message="cucumber.api.PendingException: TODO: implement me&#10;	at selenium_tests.page_object_model.POM_productPage.adds_product_to_basket_via_productPage(POM_productPage.java:58)&#10;	at selenium_tests.feature_steps.Steps_basket_feature.adds_product_to_basket(Steps_basket_feature.java:25)&#10;	at ✽.adds product to basket(src/test/resources/Features/TestSuite_basket.feature:14)&#10;"/>
    <system-out><![CDATA[==============================================
[Test ID]
Customer views basket with x1 products, totalling x1 quantity

[Environment]
windows_chrome

[Screenshot ands logs found here]
C:/Users/workpeter/Documents/Eclipse-workspace/cucumber-selenium-framework/target/error-log/test-failures/windows-chrome_2018-10-05_1540

[Stack trace]
org.openqa.selenium.TimeoutException: Expected condition failed: waiting for presence of element located by: By.xpath: //button[@class=" add-to-trolley-button button button--primary button--full"] (tried for 60 second(s) with 500 milliseconds interval)
	at org.openqa.selenium.support.ui.WebDriverWait.timeoutException(WebDriverWait.java:81)
	at org.openqa.selenium.support.ui.FluentWait.until(FluentWait.java:271)
	at selenium_tests.Webdriver_builder$Enhanced_selenium_methods.wait_until_present(Webdriver_builder.java:491)
	at selenium_tests.Webdriver_builder$Enhanced_selenium_methods.focus_on(Webdriver_builder.java:707)
	at selenium_tests.Webdriver_builder$Enhanced_selenium_methods.click(Webdriver_builder.java:390)
	at selenium_tests.page_object_model.POM_productPage.adds_product_to_basket_via_productPage(POM_productPage.java:54)
	at selenium_tests.feature_steps.Steps_basket_feature.adds_product_to_basket(Steps_basket_feature.java:25)
	at ?.adds product to basket(src/test/resources/Features/TestSuite_basket.feature:14)
Caused by: org.openqa.selenium.NoSuchElementException: Cannot locate an element using By.xpath: //button[@class=" add-to-trolley-button button button--primary button--full"]
For documentation on this error, please visit: http://seleniumhq.org/exceptions/no_such_element.html
Build info: version: '3.12.0', revision: '7c6e0b3', time: '2018-05-08T14:04:26.12Z'
System info: host: 'DESKTOP-KQS99BN', ip: '192.168.0.17', os.name: 'Windows 10', os.arch: 'amd64', os.version: '10.0', java.version: '1.8.0_161'
Driver info: driver.version: unknown
	at org.openqa.selenium.support.ui.ExpectedConditions.lambda$findElement$0(ExpectedConditions.java:896)
	at java.util.Optional.orElseThrow(Optional.java:290)
	at org.openqa.selenium.support.ui.ExpectedConditions.findElement(ExpectedConditions.java:895)
	at org.openqa.selenium.support.ui.ExpectedConditions.access$000(ExpectedConditions.java:44)
	at org.openqa.selenium.support.ui.ExpectedConditions$6.apply(ExpectedConditions.java:183)
	at org.openqa.selenium.support.ui.ExpectedConditions$6.apply(ExpectedConditions.java:180)
	at org.openqa.selenium.support.ui.FluentWait.until(FluentWait.java:248)
	at selenium_tests.Webdriver_builder$Enhanced_selenium_methods.wait_until_present(Webdriver_builder.java:491)
	at selenium_tests.Webdriver_builder$Enhanced_selenium_methods.focus_on(Webdriver_builder.java:707)
	at selenium_tests.Webdriver_builder$Enhanced_selenium_methods.click(Webdriver_builder.java:390)
	at selenium_tests.page_object_model.POM_productPage.adds_product_to_basket_via_productPage(POM_productPage.java:54)
	at selenium_tests.feature_steps.Steps_basket_feature.adds_product_to_basket(Steps_basket_feature.java:25)
	at sun.reflect.NativeMethodAccessorImpl.invoke0(Native Method)
	at sun.reflect.NativeMethodAccessorImpl.invoke(NativeMethodAccessorImpl.java:62)
	at sun.reflect.DelegatingMethodAccessorImpl.invoke(DelegatingMethodAccessorImpl.java:43)
	at java.lang.reflect.Method.invoke(Method.java:498)
	at cucumber.runtime.Utils$1.call(Utils.java:26)
	at cucumber.runtime.Timeout.timeout(Timeout.java:16)
	at cucumber.runtime.Utils.invoke(Utils.java:20)
	at cucumber.runtime.java.JavaStepDefinition.execute(JavaStepDefinition.java:48)
	at cucumber.runtime.PickleStepDefinitionMatch.runStep(PickleStepDefinitionMatch.java:50)
	at cucumber.runner.TestStep.executeStep(TestStep.java:55)
	at cucumber.runner.TestStep.run(TestStep.java:42)
	at cucumber.runner.PickleStepTestStep.run(PickleStepTestStep.java:53)
	at cucumber.runner.TestCase.run(TestCase.java:47)
	at cucumber.runner.Runner.runPickle(Runner.java:44)
	at cucumber.api.testng.TestNGCucumberRunner.runScenario(TestNGCucumberRunner.java:56)
	at selenium_tests.Runner.run_scenario(Runner.java:138)
	at sun.reflect.GeneratedMethodAccessor63.invoke(Unknown Source)
	at sun.reflect.DelegatingMethodAccessorImpl.invoke(DelegatingMethodAccessorImpl.java:43)
	at java.lang.reflect.Method.invoke(Method.java:498)
	at org.testng.internal.MethodInvocationHelper.invokeMethod(MethodInvocationHelper.java:108)
	at org.testng.internal.Invoker.invokeMethod(Invoker.java:661)
	at org.testng.internal.Invoker.invokeTestMethod(Invoker.java:869)
	at org.testng.internal.Invoker.invokeTestMethods(Invoker.java:1193)
	at org.testng.internal.TestMethodWorker.invokeTestMethods(TestMethodWorker.java:126)
	at org.testng.internal.TestMethodWorker.run(TestMethodWorker.java:109)
	at org.testng.TestRunner.privateRun(TestRunner.java:744)
	at org.testng.TestRunner.run(TestRunner.java:602)
	at org.testng.SuiteRunner.runTest(SuiteRunner.java:380)
	at org.testng.SuiteRunner.access$000(SuiteRunner.java:39)
	at org.testng.SuiteRunner$SuiteWorker.run(SuiteRunner.java:414)
	at org.testng.internal.thread.ThreadUtil$1.call(ThreadUtil.java:52)
	at java.util.concurrent.FutureTask.run(FutureTask.java:266)
	at java.util.concurrent.ThreadPoolExecutor.runWorker(ThreadPoolExecutor.java:1149)
	at java.util.concurrent.ThreadPoolExecutor$Worker.run(ThreadPoolExecutor.java:624)
	at java.lang.Thread.run(Thread.java:748)


[Skipping next scenerio step/s] This item is not available online to add to basket
]]></system-out>
  </testcase>
  <testcase name="run_scenario" classname="selenium_tests.Runner" time="0">
    <skipped message="unknown error: Element is not clickable at point (1092, -70)&#10;  (Session info: chrome=69.0.3497.100)&#10;  (Driver info: chromedriver=70.0.3538.16 (16ed95b41bb05e565b11fb66ac33c660b721f778),platform=Windows NT 10.0.17134 x86_64) (WARNING: The server did not provide any stacktrace information)&#10;Command duration or timeout: 0 milliseconds&#10;Build info: version: &apos;3.12.0&apos;, revision: &apos;7c6e0b3&apos;, time: &apos;2018-05-08T14:04:26.12Z&apos;&#10;System info: host: &apos;DESKTOP-KQS99BN&apos;, ip: &apos;192.168.0.17&apos;, os.name: &apos;Windows 10&apos;, os.arch: &apos;amd64&apos;, os.version: &apos;10.0&apos;, java.version: &apos;1.8.0_161&apos;&#10;Driver info: org.openqa.selenium.chrome.ChromeDriver&#10;Capabilities {acceptInsecureCerts: true, acceptSslCerts: true, applicationCacheEnabled: false, browserConnectionEnabled: false, browserName: chrome, chrome: {chromedriverVersion: 70.0.3538.16 (16ed95b41bb05..., userDataDir: C:\Users\WORKPE~1\AppData\L...}, cssSelectorsEnabled: true, databaseEnabled: false, goog:chromeOptions: {debuggerAddress: localhost:63886}, handlesAlerts: true, hasTouchScreen: false, javascriptEnabled: true, locationContextEnabled: true, mobileEmulationEnabled: false, nativeEvents: true, networkConnectionEnabled: false, pageLoadStrategy: normal, platform: XP, platformName: XP, rotatable: false, setWindowRect: true, takesHeapSnapshot: true, takesScreenshot: true, unexpectedAlertBehaviour: accept, unhandledPromptBehavior: accept, version: 69.0.3497.100, webStorageEnabled: true}&#10;Session ID: b9284317eb958366e8ed3def43acc816"/>
    <system-out><![CDATA[[Error:404] GET https://encrypted-tbn0.gstatic.com/faviconV2?url=http://displayboxpuishun.com&client=AFS&size=16&type=FAVICON&fallback_opts=TYPE,SIZE,URL : via:http://www.argos.co.uk/
[Error:404] GET https://encrypted-tbn0.gstatic.com/faviconV2?url=http://displayboxpuishun.com&client=AFS&size=16&type=FAVICON&fallback_opts=TYPE,SIZE,URL : via:http://www.argos.co.uk/
]]></system-out>
  </testcase>
  <testcase name="run_scenario" classname="selenium_tests.Runner" time="0">
    <skipped message="unknown error: Element is not clickable at point (1092, -881)&#10;  (Session info: chrome=69.0.3497.100)&#10;  (Driver info: chromedriver=70.0.3538.16 (16ed95b41bb05e565b11fb66ac33c660b721f778),platform=Windows NT 10.0.17134 x86_64) (WARNING: The server did not provide any stacktrace information)&#10;Command duration or timeout: 0 milliseconds&#10;Build info: version: &apos;3.12.0&apos;, revision: &apos;7c6e0b3&apos;, time: &apos;2018-05-08T14:04:26.12Z&apos;&#10;System info: host: &apos;DESKTOP-KQS99BN&apos;, ip: &apos;192.168.0.17&apos;, os.name: &apos;Windows 10&apos;, os.arch: &apos;amd64&apos;, os.version: &apos;10.0&apos;, java.version: &apos;1.8.0_161&apos;&#10;Driver info: org.openqa.selenium.chrome.ChromeDriver&#10;Capabilities {acceptInsecureCerts: true, acceptSslCerts: true, applicationCacheEnabled: false, browserConnectionEnabled: false, browserName: chrome, chrome: {chromedriverVersion: 70.0.3538.16 (16ed95b41bb05..., userDataDir: C:\Users\WORKPE~1\AppData\L...}, cssSelectorsEnabled: true, databaseEnabled: false, goog:chromeOptions: {debuggerAddress: localhost:63886}, handlesAlerts: true, hasTouchScreen: false, javascriptEnabled: true, locationContextEnabled: true, mobileEmulationEnabled: false, nativeEvents: true, networkConnectionEnabled: false, pageLoadStrategy: normal, platform: XP, platformName: XP, rotatable: false, setWindowRect: true, takesHeapSnapshot: true, takesScreenshot: true, unexpectedAlertBehaviour: accept, unhandledPromptBehavior: accept, version: 69.0.3497.100, webStorageEnabled: true}&#10;Session ID: b9284317eb958366e8ed3def43acc816"/>
    <system-out><![CDATA[==============================================
[Test ID]
Customer views basket with x1 products, totalling x2 quantity

[Environment]
windows_chrome

[Screenshot ands logs found here]
C:/Users/workpeter/Documents/Eclipse-workspace/cucumber-selenium-framework/target/error-log/test-failures/windows-chrome_2018-10-05_1540

[Stack trace]
org.openqa.selenium.WebDriverException: unknown error: Element is not clickable at point (1092, -70)
  (Session info: chrome=69.0.3497.100)
  (Driver info: chromedriver=70.0.3538.16 (16ed95b41bb05e565b11fb66ac33c660b721f778),platform=Windows NT 10.0.17134 x86_64) (WARNING: The server did not provide any stacktrace information)
Command duration or timeout: 0 milliseconds
Build info: version: '3.12.0', revision: '7c6e0b3', time: '2018-05-08T14:04:26.12Z'
System info: host: 'DESKTOP-KQS99BN', ip: '192.168.0.17', os.name: 'Windows 10', os.arch: 'amd64', os.version: '10.0', java.version: '1.8.0_161'
Driver info: org.openqa.selenium.chrome.ChromeDriver
Capabilities {acceptInsecureCerts: true, acceptSslCerts: true, applicationCacheEnabled: false, browserConnectionEnabled: false, browserName: chrome, chrome: {chromedriverVersion: 70.0.3538.16 (16ed95b41bb05..., userDataDir: C:\Users\WORKPE~1\AppData\L...}, cssSelectorsEnabled: true, databaseEnabled: false, goog:chromeOptions: {debuggerAddress: localhost:63886}, handlesAlerts: true, hasTouchScreen: false, javascriptEnabled: true, locationContextEnabled: true, mobileEmulationEnabled: false, nativeEvents: true, networkConnectionEnabled: false, pageLoadStrategy: normal, platform: XP, platformName: XP, rotatable: false, setWindowRect: true, takesHeapSnapshot: true, takesScreenshot: true, unexpectedAlertBehaviour: accept, unhandledPromptBehavior: accept, version: 69.0.3497.100, webStorageEnabled: true}
Session ID: b9284317eb958366e8ed3def43acc816
	at sun.reflect.NativeConstructorAccessorImpl.newInstance0(Native Method)
	at sun.reflect.NativeConstructorAccessorImpl.newInstance(NativeConstructorAccessorImpl.java:62)
	at sun.reflect.DelegatingConstructorAccessorImpl.newInstance(DelegatingConstructorAccessorImpl.java:45)
	at java.lang.reflect.Constructor.newInstance(Constructor.java:423)
	at org.openqa.selenium.remote.ErrorHandler.createThrowable(ErrorHandler.java:214)
	at org.openqa.selenium.remote.ErrorHandler.throwIfResponseFailed(ErrorHandler.java:166)
	at org.openqa.selenium.remote.http.JsonHttpResponseCodec.reconstructValue(JsonHttpResponseCodec.java:40)
	at org.openqa.selenium.remote.http.AbstractHttpResponseCodec.decode(AbstractHttpResponseCodec.java:80)
	at org.openqa.selenium.remote.http.AbstractHttpResponseCodec.decode(AbstractHttpResponseCodec.java:44)
	at org.openqa.selenium.remote.HttpCommandExecutor.execute(HttpCommandExecutor.java:158)
	at org.openqa.selenium.remote.service.DriverCommandExecutor.execute(DriverCommandExecutor.java:83)
	at org.openqa.selenium.remote.RemoteWebDriver.execute(RemoteWebDriver.java:543)
	at org.openqa.selenium.remote.RemoteWebElement.execute(RemoteWebElement.java:276)
	at org.openqa.selenium.remote.RemoteWebElement.click(RemoteWebElement.java:83)
	at selenium_tests.Webdriver_builder$Enhanced_selenium_methods.click(Webdriver_builder.java:392)
	at selenium_tests.page_object_model.POM_productPage.adds_product_to_basket_via_productPage(POM_productPage.java:54)
	at selenium_tests.feature_steps.Steps_basket_feature.adds_product_to_basket_twice(Steps_basket_feature.java:32)
	at ?.adds product: FOOTBALL to basket twice(src/test/resources/Features/TestSuite_basket.feature:32)


]]></system-out>
  </testcase>
  <testcase name="run_scenario" classname="selenium_tests.Runner" time="0">
    <skipped message="Expected condition failed: waiting for presence of element located by: By.xpath: //button[@class=&quot; add-to-trolley-button button button--primary button--full&quot;] (tried for 60 second(s) with 500 milliseconds interval)"/>
    <system-out><![CDATA[==============================================
[Test ID]
Customer views basket with x1 products, totalling x2 quantity

[Environment]
windows_chrome

[Screenshot ands logs found here]
C:/Users/workpeter/Documents/Eclipse-workspace/cucumber-selenium-framework/target/error-log/test-failures/windows-chrome_2018-10-05_1541

[Stack trace]
org.openqa.selenium.WebDriverException: unknown error: Element is not clickable at point (1092, -881)
  (Session info: chrome=69.0.3497.100)
  (Driver info: chromedriver=70.0.3538.16 (16ed95b41bb05e565b11fb66ac33c660b721f778),platform=Windows NT 10.0.17134 x86_64) (WARNING: The server did not provide any stacktrace information)
Command duration or timeout: 0 milliseconds
Build info: version: '3.12.0', revision: '7c6e0b3', time: '2018-05-08T14:04:26.12Z'
System info: host: 'DESKTOP-KQS99BN', ip: '192.168.0.17', os.name: 'Windows 10', os.arch: 'amd64', os.version: '10.0', java.version: '1.8.0_161'
Driver info: org.openqa.selenium.chrome.ChromeDriver
Capabilities {acceptInsecureCerts: true, acceptSslCerts: true, applicationCacheEnabled: false, browserConnectionEnabled: false, browserName: chrome, chrome: {chromedriverVersion: 70.0.3538.16 (16ed95b41bb05..., userDataDir: C:\Users\WORKPE~1\AppData\L...}, cssSelectorsEnabled: true, databaseEnabled: false, goog:chromeOptions: {debuggerAddress: localhost:63886}, handlesAlerts: true, hasTouchScreen: false, javascriptEnabled: true, locationContextEnabled: true, mobileEmulationEnabled: false, nativeEvents: true, networkConnectionEnabled: false, pageLoadStrategy: normal, platform: XP, platformName: XP, rotatable: false, setWindowRect: true, takesHeapSnapshot: true, takesScreenshot: true, unexpectedAlertBehaviour: accept, unhandledPromptBehavior: accept, version: 69.0.3497.100, webStorageEnabled: true}
Session ID: b9284317eb958366e8ed3def43acc816
	at sun.reflect.NativeConstructorAccessorImpl.newInstance0(Native Method)
	at sun.reflect.NativeConstructorAccessorImpl.newInstance(NativeConstructorAccessorImpl.java:62)
	at sun.reflect.DelegatingConstructorAccessorImpl.newInstance(DelegatingConstructorAccessorImpl.java:45)
	at java.lang.reflect.Constructor.newInstance(Constructor.java:423)
	at org.openqa.selenium.remote.ErrorHandler.createThrowable(ErrorHandler.java:214)
	at org.openqa.selenium.remote.ErrorHandler.throwIfResponseFailed(ErrorHandler.java:166)
	at org.openqa.selenium.remote.http.JsonHttpResponseCodec.reconstructValue(JsonHttpResponseCodec.java:40)
	at org.openqa.selenium.remote.http.AbstractHttpResponseCodec.decode(AbstractHttpResponseCodec.java:80)
	at org.openqa.selenium.remote.http.AbstractHttpResponseCodec.decode(AbstractHttpResponseCodec.java:44)
	at org.openqa.selenium.remote.HttpCommandExecutor.execute(HttpCommandExecutor.java:158)
	at org.openqa.selenium.remote.service.DriverCommandExecutor.execute(DriverCommandExecutor.java:83)
	at org.openqa.selenium.remote.RemoteWebDriver.execute(RemoteWebDriver.java:543)
	at org.openqa.selenium.remote.RemoteWebElement.execute(RemoteWebElement.java:276)
	at org.openqa.selenium.remote.RemoteWebElement.click(RemoteWebElement.java:83)
	at selenium_tests.Webdriver_builder$Enhanced_selenium_methods.click(Webdriver_builder.java:392)
	at selenium_tests.page_object_model.POM_productPage.adds_product_to_basket_via_productPage(POM_productPage.java:54)
	at selenium_tests.feature_steps.Steps_basket_feature.adds_product_to_basket_twice(Steps_basket_feature.java:32)
	at ?.adds product: WEIGHTS to basket twice(src/test/resources/Features/TestSuite_basket.feature:32)


]]></system-out>
  </testcase>
  <testcase name="run_scenario" classname="selenium_tests.Runner" time="13.545"/>
  <testcase name="run_scenario" classname="selenium_tests.Runner" time="18.984"/>
  <testcase name="run_scenario" classname="selenium_tests.Runner" time="14.084"/>
  <testcase name="run_scenario" classname="selenium_tests.Runner" time="79.387">
    <failure message="expected [1] but found [2]" type="java.lang.AssertionError">java.lang.AssertionError: expected [1] but found [2]
</failure>
    <system-out><![CDATA[[Warning]
Expected condition failed: waiting for visibility of element located by By.xpath: //select[starts-with(@id,'quantity')] (tried for 60 second(s) with 500 milliseconds interval)
Build info: version: '3.12.0', revision: '7c6e0b3', time: '2018-05-08T14:04:26.12Z'
System info: host: 'DESKTOP-KQS99BN', ip: '192.168.0.17', os.name: 'Windows 10', os.arch: 'amd64', os.version: '10.0', java.version: '1.8.0_161'
Driver info: org.openqa.selenium.chrome.ChromeDriver
Capabilities {acceptInsecureCerts: true, acceptSslCerts: true, applicationCacheEnabled: false, browserConnectionEnabled: false, browserName: chrome, chrome: {chromedriverVersion: 70.0.3538.16 (16ed95b41bb05..., userDataDir: C:\Users\WORKPE~1\AppData\L...}, cssSelectorsEnabled: true, databaseEnabled: false, goog:chromeOptions: {debuggerAddress: localhost:63886}, handlesAlerts: true, hasTouchScreen: false, javascriptEnabled: true, locationContextEnabled: true, mobileEmulationEnabled: false, nativeEvents: true, networkConnectionEnabled: false, pageLoadStrategy: normal, platform: XP, platformName: XP, rotatable: false, setWindowRect: true, takesHeapSnapshot: true, takesScreenshot: true, unexpectedAlertBehaviour: accept, unhandledPromptBehavior: accept, version: 69.0.3497.100, webStorageEnabled: true}
Session ID: b9284317eb958366e8ed3def43acc816

[Continuing test scenerio]
Selenium will fail if normal execution flow is impacted

]]></system-out>
  </testcase>
  <testcase name="run_scenario" classname="selenium_tests.Runner" time="0">
    <skipped message="Expected condition failed: waiting for presence of element located by: By.xpath: //button[@class=&quot;button button--full button--secondary&quot;] (tried for 60 second(s) with 500 milliseconds interval)"/>
    <system-out><![CDATA[==============================================
[Test ID]
Customer views basket with x2 products, totalling x4 quantity then removes 1st product

[Environment]
windows_chrome

[Screenshot ands logs found here]
C:/Users/workpeter/Documents/Eclipse-workspace/cucumber-selenium-framework/target/error-log/test-failures/windows-chrome_2018-10-05_1544

[Stack trace]
java.lang.AssertionError: expected [1] but found [2]
	at org.testng.Assert.fail(Assert.java:93)
	at org.testng.Assert.failNotEquals(Assert.java:512)
	at org.testng.Assert.assertEqualsImpl(Assert.java:134)
	at org.testng.Assert.assertEquals(Assert.java:115)
	at org.testng.Assert.assertEquals(Assert.java:388)
	at org.testng.Assert.assertEquals(Assert.java:398)
	at selenium_tests.feature_steps.Steps_basket_feature.basket_with_products_and_quantity_is_shown(Steps_basket_feature.java:90)
	at ?.basket with 1 products and 2 quantity is shown(src/test/resources/Features/TestSuite_basket.feature:69)


]]></system-out>
  </testcase>
  <testcase name="run_scenario" classname="selenium_tests.Runner" time="0">
    <skipped message="unknown error: Element is not clickable at point (1092, -42)&#10;  (Session info: chrome=69.0.3497.100)&#10;  (Driver info: chromedriver=70.0.3538.16 (16ed95b41bb05e565b11fb66ac33c660b721f778),platform=Windows NT 10.0.17134 x86_64) (WARNING: The server did not provide any stacktrace information)&#10;Command duration or timeout: 0 milliseconds&#10;Build info: version: &apos;3.12.0&apos;, revision: &apos;7c6e0b3&apos;, time: &apos;2018-05-08T14:04:26.12Z&apos;&#10;System info: host: &apos;DESKTOP-KQS99BN&apos;, ip: &apos;192.168.0.17&apos;, os.name: &apos;Windows 10&apos;, os.arch: &apos;amd64&apos;, os.version: &apos;10.0&apos;, java.version: &apos;1.8.0_161&apos;&#10;Driver info: org.openqa.selenium.chrome.ChromeDriver&#10;Capabilities {acceptInsecureCerts: true, acceptSslCerts: true, applicationCacheEnabled: false, browserConnectionEnabled: false, browserName: chrome, chrome: {chromedriverVersion: 70.0.3538.16 (16ed95b41bb05..., userDataDir: C:\Users\WORKPE~1\AppData\L...}, cssSelectorsEnabled: true, databaseEnabled: false, goog:chromeOptions: {debuggerAddress: localhost:63886}, handlesAlerts: true, hasTouchScreen: false, javascriptEnabled: true, locationContextEnabled: true, mobileEmulationEnabled: false, nativeEvents: true, networkConnectionEnabled: false, pageLoadStrategy: normal, platform: XP, platformName: XP, rotatable: false, setWindowRect: true, takesHeapSnapshot: true, takesScreenshot: true, unexpectedAlertBehaviour: accept, unhandledPromptBehavior: accept, version: 69.0.3497.100, webStorageEnabled: true}&#10;Session ID: b9284317eb958366e8ed3def43acc816"/>
    <system-out><![CDATA[==============================================
[Test ID]
Customer views basket with x2 products, totalling x4 quantity then removes 1st product

[Environment]
windows_chrome

[Screenshot ands logs found here]
C:/Users/workpeter/Documents/Eclipse-workspace/cucumber-selenium-framework/target/error-log/test-failures/windows-chrome_2018-10-05_1545

[Stack trace]
org.openqa.selenium.TimeoutException: Expected condition failed: waiting for presence of element located by: By.xpath: //button[@class="button button--full button--secondary"] (tried for 60 second(s) with 500 milliseconds interval)
	at org.openqa.selenium.support.ui.WebDriverWait.timeoutException(WebDriverWait.java:81)
	at org.openqa.selenium.support.ui.FluentWait.until(FluentWait.java:271)
	at selenium_tests.Webdriver_builder$Enhanced_selenium_methods.wait_until_present(Webdriver_builder.java:491)
	at selenium_tests.Webdriver_builder$Enhanced_selenium_methods.focus_on(Webdriver_builder.java:707)
	at selenium_tests.Webdriver_builder$Enhanced_selenium_methods.click(Webdriver_builder.java:390)
	at selenium_tests.page_object_model.POM_popupBasket.checkContinueShopping(POM_popupBasket.java:17)
	at selenium_tests.page_object_model.POM_productPage.adds_product_to_basket_via_productPage(POM_productPage.java:55)
	at selenium_tests.page_object_model.POM_productResults.add_first_product_to_Basket_via_productResults(POM_productResults.java:30)
	at selenium_tests.feature_steps.Steps_basket_feature.adds_first_product_to_basket_x_quantity(Steps_basket_feature.java:40)
	at ?.adds first product to basket x2 quantity(src/test/resources/Features/TestSuite_basket.feature:64)
Caused by: org.openqa.selenium.NoSuchElementException: Cannot locate an element using By.xpath: //button[@class="button button--full button--secondary"]
For documentation on this error, please visit: http://seleniumhq.org/exceptions/no_such_element.html
Build info: version: '3.12.0', revision: '7c6e0b3', time: '2018-05-08T14:04:26.12Z'
System info: host: 'DESKTOP-KQS99BN', ip: '192.168.0.17', os.name: 'Windows 10', os.arch: 'amd64', os.version: '10.0', java.version: '1.8.0_161'
Driver info: driver.version: unknown
	at org.openqa.selenium.support.ui.ExpectedConditions.lambda$findElement$0(ExpectedConditions.java:896)
	at java.util.Optional.orElseThrow(Optional.java:290)
	at org.openqa.selenium.support.ui.ExpectedConditions.findElement(ExpectedConditions.java:895)
	at org.openqa.selenium.support.ui.ExpectedConditions.access$000(ExpectedConditions.java:44)
	at org.openqa.selenium.support.ui.ExpectedConditions$6.apply(ExpectedConditions.java:183)
	at org.openqa.selenium.support.ui.ExpectedConditions$6.apply(ExpectedConditions.java:180)
	at org.openqa.selenium.support.ui.FluentWait.until(FluentWait.java:248)
	at selenium_tests.Webdriver_builder$Enhanced_selenium_methods.wait_until_present(Webdriver_builder.java:491)
	at selenium_tests.Webdriver_builder$Enhanced_selenium_methods.focus_on(Webdriver_builder.java:707)
	at selenium_tests.Webdriver_builder$Enhanced_selenium_methods.click(Webdriver_builder.java:390)
	at selenium_tests.page_object_model.POM_popupBasket.checkContinueShopping(POM_popupBasket.java:17)
	at selenium_tests.page_object_model.POM_productPage.adds_product_to_basket_via_productPage(POM_productPage.java:55)
	at selenium_tests.page_object_model.POM_productResults.add_first_product_to_Basket_via_productResults(POM_productResults.java:30)
	at selenium_tests.feature_steps.Steps_basket_feature.adds_first_product_to_basket_x_quantity(Steps_basket_feature.java:40)
	at sun.reflect.NativeMethodAccessorImpl.invoke0(Native Method)
	at sun.reflect.NativeMethodAccessorImpl.invoke(NativeMethodAccessorImpl.java:62)
	at sun.reflect.DelegatingMethodAccessorImpl.invoke(DelegatingMethodAccessorImpl.java:43)
	at java.lang.reflect.Method.invoke(Method.java:498)
	at cucumber.runtime.Utils$1.call(Utils.java:26)
	at cucumber.runtime.Timeout.timeout(Timeout.java:16)
	at cucumber.runtime.Utils.invoke(Utils.java:20)
	at cucumber.runtime.java.JavaStepDefinition.execute(JavaStepDefinition.java:48)
	at cucumber.runtime.PickleStepDefinitionMatch.runStep(PickleStepDefinitionMatch.java:50)
	at cucumber.runner.TestStep.executeStep(TestStep.java:55)
	at cucumber.runner.TestStep.run(TestStep.java:42)
	at cucumber.runner.PickleStepTestStep.run(PickleStepTestStep.java:53)
	at cucumber.runner.TestCase.run(TestCase.java:47)
	at cucumber.runner.Runner.runPickle(Runner.java:44)
	at cucumber.api.testng.TestNGCucumberRunner.runScenario(TestNGCucumberRunner.java:56)
	at selenium_tests.Runner.run_scenario(Runner.java:138)
	at sun.reflect.GeneratedMethodAccessor63.invoke(Unknown Source)
	at sun.reflect.DelegatingMethodAccessorImpl.invoke(DelegatingMethodAccessorImpl.java:43)
	at java.lang.reflect.Method.invoke(Method.java:498)
	at org.testng.internal.MethodInvocationHelper.invokeMethod(MethodInvocationHelper.java:108)
	at org.testng.internal.Invoker.invokeMethod(Invoker.java:661)
	at org.testng.internal.Invoker.invokeTestMethod(Invoker.java:869)
	at org.testng.internal.Invoker.invokeTestMethods(Invoker.java:1193)
	at org.testng.internal.TestMethodWorker.invokeTestMethods(TestMethodWorker.java:126)
	at org.testng.internal.TestMethodWorker.run(TestMethodWorker.java:109)
	at org.testng.TestRunner.privateRun(TestRunner.java:744)
	at org.testng.TestRunner.run(TestRunner.java:602)
	at org.testng.SuiteRunner.runTest(SuiteRunner.java:380)
	at org.testng.SuiteRunner.access$000(SuiteRunner.java:39)
	at org.testng.SuiteRunner$SuiteWorker.run(SuiteRunner.java:414)
	at org.testng.internal.thread.ThreadUtil$1.call(ThreadUtil.java:52)
	at java.util.concurrent.FutureTask.run(FutureTask.java:266)
	at java.util.concurrent.ThreadPoolExecutor.runWorker(ThreadPoolExecutor.java:1149)
	at java.util.concurrent.ThreadPoolExecutor$Worker.run(ThreadPoolExecutor.java:624)
	at java.lang.Thread.run(Thread.java:748)


]]></system-out>
  </testcase>
  <testcase name="run_scenario" classname="selenium_tests.Runner" time="2.896"/>
</testsuite>