<?xml version="1.0" encoding="UTF-8"?>
<testng-results skipped="5" failed="0" ignored="0" total="258" passed="253">
  <reporter-output>
    <line>
      <![CDATA[<div "result">customer is on homepage (PASSED : 3s)</div>]]>
    </line>
    <line>
      <![CDATA[<div "result">customer searches by product: JEANS using search feature (PASSED : 2s)</div>]]>
    </line>
    <line>
      <![CDATA[<div "result">results of matching products are shown by order of popularity (PASSED : 0s)</div>]]>
    </line>
    <line>
      <![CDATA[<div "result">customer clicks on first product (PASSED : 7s)</div>]]>
    </line>
    <line>
      <![CDATA[<div "result">customer can see important product data (PASSED : 0s)</div>]]>
    </line>
    <line>
      <![CDATA[<div "result">customer can see related products (PASSED : 0s)</div>]]>
    </line>
    <line>
      <![CDATA[<div "result">customer is on homepage (PASSED : 5s)</div>]]>
    </line>
    <line>
      <![CDATA[<div "result">customer is on homepage (PASSED : 5s)</div>]]>
    </line>
    <line>
      <![CDATA[<div "result">customer is on homepage (PASSED : 3s)</div>]]>
    </line>
    <line>
      <![CDATA[<div "result">customer searches by product: JEANS using search feature (PASSED : 4s)</div>]]>
    </line>
    <line>
      <![CDATA[<div "result">results of matching products are shown by order of popularity (PASSED : 0s)</div>]]>
    </line>
    <line>
      <![CDATA[<div "result">customer searches by product: JEANS using search feature (PASSED : 4s)</div>]]>
    </line>
    <line>
      <![CDATA[<div "result">results of matching products are shown by order of popularity (PASSED : 0s)</div>]]>
    </line>
    <line>
      <![CDATA[<div "result">customer searches by product: RING using search feature (PASSED : 5s)</div>]]>
    </line>
    <line>
      <![CDATA[<div "result">results of matching products are shown by order of popularity (PASSED : 0s)</div>]]>
    </line>
    <line>
      <![CDATA[<div "result">customer clicks on first product (PASSED : 5s)</div>]]>
    </line>
    <line>
      <![CDATA[<div "result">customer can see important product data (PASSED : 0s)</div>]]>
    </line>
    <line>
      <![CDATA[<div "result">customer can see related products (PASSED : 0s)</div>]]>
    </line>
    <line>
      <![CDATA[<div "result">customer clicks on first product (PASSED : 5s)</div>]]>
    </line>
    <line>
      <![CDATA[<div "result">customer can see important product data (PASSED : 0s)</div>]]>
    </line>
    <line>
      <![CDATA[<div "result">customer can see related products (PASSED : 0s)</div>]]>
    </line>
    <line>
      <![CDATA[<div "result">customer clicks on first product (PASSED : 5s)</div>]]>
    </line>
    <line>
      <![CDATA[<div "result">customer can see important product data (PASSED : 0s)</div>]]>
    </line>
    <line>
      <![CDATA[<div "result">customer can see related products (PASSED : 0s)</div>]]>
    </line>
    <line>
      <![CDATA[<div "result">customer is on homepage (PASSED : 3s)</div>]]>
    </line>
    <line>
      <![CDATA[<div "result">customer is on homepage (PASSED : 3s)</div>]]>
    </line>
    <line>
      <![CDATA[<div "result">customer is on homepage (PASSED : 3s)</div>]]>
    </line>
    <line>
      <![CDATA[<div "result">customer searches by product: RING using search feature (PASSED : 4s)</div>]]>
    </line>
    <line>
      <![CDATA[<div "result">results of matching products are shown by order of popularity (PASSED : 0s)</div>]]>
    </line>
    <line>
      <![CDATA[<div "result">customer searches by product: RING using search feature (PASSED : 4s)</div>]]>
    </line>
    <line>
      <![CDATA[<div "result">results of matching products are shown by order of popularity (PASSED : 0s)</div>]]>
    </line>
    <line>
      <![CDATA[<div "result">customer searches by product: XBOX using search feature (PASSED : 6s)</div>]]>
    </line>
    <line>
      <![CDATA[<div "result">results of matching products are shown by order of popularity (PASSED : 0s)</div>]]>
    </line>
    <line>
      <![CDATA[<div "result">customer clicks on first product (PASSED : 3s)</div>]]>
    </line>
    <line>
      <![CDATA[<div "result">customer can see important product data (PASSED : 0s)</div>]]>
    </line>
    <line>
      <![CDATA[<div "result">customer can see related products (PASSED : 0s)</div>]]>
    </line>
    <line>
      <![CDATA[<div "result">customer clicks on first product (PASSED : 4s)</div>]]>
    </line>
    <line>
      <![CDATA[<div "result">customer can see important product data (PASSED : 0s)</div>]]>
    </line>
    <line>
      <![CDATA[<div "result">customer can see related products (PASSED : 0s)</div>]]>
    </line>
    <line>
      <![CDATA[<div "result">customer is on homepage (PASSED : 3s)</div>]]>
    </line>
    <line>
      <![CDATA[<div "result">customer clicks on first product (PASSED : 6s)</div>]]>
    </line>
    <line>
      <![CDATA[<div "result">customer can see important product data (PASSED : 0s)</div>]]>
    </line>
    <line>
      <![CDATA[<div "result">customer can see related products (PASSED : 0s)</div>]]>
    </line>
    <line>
      <![CDATA[<div "result">customer is on homepage (PASSED : 3s)</div>]]>
    </line>
    <line>
      <![CDATA[<div "result">customer is on homepage (PASSED : 3s)</div>]]>
    </line>
    <line>
      <![CDATA[<div "result">customer searches by product: XBOX using search feature (PASSED : 8s)</div>]]>
    </line>
    <line>
      <![CDATA[<div "result">results of matching products are shown by order of popularity (PASSED : 0s)</div>]]>
    </line>
    <line>
      <![CDATA[<div "result">customer searches by product: XBOX using search feature (PASSED : 4s)</div>]]>
    </line>
    <line>
      <![CDATA[<div "result">results of matching products are shown by order of popularity (PASSED : 0s)</div>]]>
    </line>
    <line>
      <![CDATA[<div "result">customer searches by product: COOKERS using search feature (PASSED : 4s)</div>]]>
    </line>
    <line>
      <![CDATA[<div "result">results of matching products are shown by order of popularity (PASSED : 1s)</div>]]>
    </line>
    <line>
      <![CDATA[<div "result">customer clicks on first product (PASSED : 4s)</div>]]>
    </line>
    <line>
      <![CDATA[<div "result">customer clicks on first product (PASSED : 3s)</div>]]>
    </line>
    <line>
      <![CDATA[<div "result">customer can see important product data (PASSED : 0s)</div>]]>
    </line>
    <line>
      <![CDATA[<div "result">customer can see related products (PASSED : 0s)</div>]]>
    </line>
    <line>
      <![CDATA[<div "result">customer can see important product data (PASSED : 0s)</div>]]>
    </line>
    <line>
      <![CDATA[<div "result">customer can see related products (PASSED : 0s)</div>]]>
    </line>
    <line>
      <![CDATA[<div "result">customer is on homepage (PASSED : 3s)</div>]]>
    </line>
    <line>
      <![CDATA[<div "result">customer clicks on first product (PASSED : 7s)</div>]]>
    </line>
    <line>
      <![CDATA[<div "result">customer can see important product data (PASSED : 0s)</div>]]>
    </line>
    <line>
      <![CDATA[<div "result">customer can see related products (PASSED : 0s)</div>]]>
    </line>
    <line>
      <![CDATA[<div "result">customer is on homepage (PASSED : 8s)</div>]]>
    </line>
    <line>
      <![CDATA[<div "result">customer searches by product: COOKERS using search feature (PASSED : 3s)</div>]]>
    </line>
    <line>
      <![CDATA[<div "result">customer is on homepage (PASSED : 3s)</div>]]>
    </line>
    <line>
      <![CDATA[<div "result">results of matching products are shown by order of popularity (PASSED : 0s)</div>]]>
    </line>
    <line>
      <![CDATA[<div "result">customer clicks on first product (PASSED : 4s)</div>]]>
    </line>
    <line>
      <![CDATA[<div "result">customer can see important product data (PASSED : 0s)</div>]]>
    </line>
    <line>
      <![CDATA[<div "result">customer can see related products (PASSED : 0s)</div>]]>
    </line>
    <line>
      <![CDATA[<div "result">customer searches by product: COOKERS using search feature (PASSED : 5s)</div>]]>
    </line>
    <line>
      <![CDATA[<div "result">results of matching products are shown by order of popularity (PASSED : 0s)</div>]]>
    </line>
    <line>
      <![CDATA[<div "result">customer searches by product: PUSHCHAIR using search feature (PASSED : 6s)</div>]]>
    </line>
    <line>
      <![CDATA[<div "result">results of matching products are shown by order of popularity (PASSED : 0s)</div>]]>
    </line>
    <line>
      <![CDATA[<div "result">customer is on homepage (PASSED : 3s)</div>]]>
    </line>
    <line>
      <![CDATA[<div "result">customer clicks on first product (PASSED : 5s)</div>]]>
    </line>
    <line>
      <![CDATA[<div "result">customer can see important product data (PASSED : 0s)</div>]]>
    </line>
    <line>
      <![CDATA[<div "result">customer can see related products (PASSED : 0s)</div>]]>
    </line>
    <line>
      <![CDATA[<div "result">customer clicks on first product (PASSED : 5s)</div>]]>
    </line>
    <line>
      <![CDATA[<div "result">customer can see important product data (PASSED : 0s)</div>]]>
    </line>
    <line>
      <![CDATA[<div "result">customer can see related products (PASSED : 0s)</div>]]>
    </line>
    <line>
      <![CDATA[<div "result">customer searches by product: PUSHCHAIR using search feature (PASSED : 5s)</div>]]>
    </line>
    <line>
      <![CDATA[<div "result">results of matching products are shown by order of popularity (PASSED : 0s)</div>]]>
    </line>
    <line>
      <![CDATA[<div "result">customer is on homepage (PASSED : 4s)</div>]]>
    </line>
    <line>
      <![CDATA[<div "result">customer is on homepage (PASSED : 4s)</div>]]>
    </line>
    <line>
      <![CDATA[<div "result">customer clicks on first product (PASSED : 4s)</div>]]>
    </line>
    <line>
      <![CDATA[<div "result">customer can see important product data (PASSED : 0s)</div>]]>
    </line>
    <line>
      <![CDATA[<div "result">customer can see related products (PASSED : 0s)</div>]]>
    </line>
    <line>
      <![CDATA[<div "result">customer searches by product: PUSHCHAIR using search feature (PASSED : 5s)</div>]]>
    </line>
    <line>
      <![CDATA[<div "result">results of matching products are shown by order of popularity (PASSED : 0s)</div>]]>
    </line>
    <line>
      <![CDATA[<div "result">customer is on homepage (PASSED : 3s)</div>]]>
    </line>
    <line>
      <![CDATA[<div "result">customer searches by product: SPIDERMAN using search feature (PASSED : 6s)</div>]]>
    </line>
    <line>
      <![CDATA[<div "result">results of matching products are shown by order of popularity (PASSED : 0s)</div>]]>
    </line>
    <line>
      <![CDATA[<div "result">customer searches by product: SPIDERMAN using search feature (PASSED : 4s)</div>]]>
    </line>
    <line>
      <![CDATA[<div "result">results of matching products are shown by order of popularity (PASSED : 0s)</div>]]>
    </line>
    <line>
      <![CDATA[<div "result">customer clicks on first product (PASSED : 6s)</div>]]>
    </line>
    <line>
      <![CDATA[<div "result">customer clicks on first product (PASSED : 5s)</div>]]>
    </line>
    <line>
      <![CDATA[<div "result">customer can see important product data (PASSED : 0s)</div>]]>
    </line>
    <line>
      <![CDATA[<div "result">customer can see related products (PASSED : 0s)</div>]]>
    </line>
    <line>
      <![CDATA[<div "result">customer can see important product data (PASSED : 0s)</div>]]>
    </line>
    <line>
      <![CDATA[<div "result">customer can see related products (PASSED : 0s)</div>]]>
    </line>
    <line>
      <![CDATA[<div "result">customer clicks on first product (PASSED : 3s)</div>]]>
    </line>
    <line>
      <![CDATA[<div "result">customer can see important product data (PASSED : 0s)</div>]]>
    </line>
    <line>
      <![CDATA[<div "result">customer can see related products (PASSED : 0s)</div>]]>
    </line>
    <line>
      <![CDATA[<div "result">customer is on homepage (PASSED : 3s)</div>]]>
    </line>
    <line>
      <![CDATA[<div "result">customer is on homepage (PASSED : 4s)</div>]]>
    </line>
    <line>
      <![CDATA[<div "result">customer is on homepage (PASSED : 4s)</div>]]>
    </line>
    <line>
      <![CDATA[<div "result">customer searches by product: SPIDERMAN using search feature (PASSED : 4s)</div>]]>
    </line>
    <line>
      <![CDATA[<div "result">results of matching products are shown by order of popularity (PASSED : 0s)</div>]]>
    </line>
    <line>
      <![CDATA[<div "result">customer searches by product: FOOTBALL using search feature (PASSED : 5s)</div>]]>
    </line>
    <line>
      <![CDATA[<div "result">results of matching products are shown by order of popularity (PASSED : 0s)</div>]]>
    </line>
    <line>
      <![CDATA[<div "result">customer searches by product: FOOTBALL using search feature (PASSED : 4s)</div>]]>
    </line>
    <line>
      <![CDATA[<div "result">results of matching products are shown by order of popularity (PASSED : 0s)</div>]]>
    </line>
    <line>
      <![CDATA[<div "result">customer clicks on first product (PASSED : 4s)</div>]]>
    </line>
    <line>
      <![CDATA[<div "result">customer can see important product data (PASSED : 0s)</div>]]>
    </line>
    <line>
      <![CDATA[<div "result">customer can see related products (PASSED : 0s)</div>]]>
    </line>
    <line>
      <![CDATA[<div "result">customer clicks on first product (PASSED : 5s)</div>]]>
    </line>
    <line>
      <![CDATA[<div "result">customer clicks on first product (PASSED : 3s)</div>]]>
    </line>
    <line>
      <![CDATA[<div "result">customer can see important product data (PASSED : 0s)</div>]]>
    </line>
    <line>
      <![CDATA[<div "result">customer can see related products (PASSED : 0s)</div>]]>
    </line>
    <line>
      <![CDATA[<div "result">customer can see important product data (PASSED : 0s)</div>]]>
    </line>
    <line>
      <![CDATA[<div "result">customer can see related products (PASSED : 0s)</div>]]>
    </line>
    <line>
      <![CDATA[<div "result">customer is on homepage (PASSED : 3s)</div>]]>
    </line>
    <line>
      <![CDATA[<div "result">customer is on homepage (PASSED : 4s)</div>]]>
    </line>
    <line>
      <![CDATA[<div "result">customer is on homepage (PASSED : 3s)</div>]]>
    </line>
    <line>
      <![CDATA[<div "result">customer searches by product: FOOTBALL using search feature (PASSED : 4s)</div>]]>
    </line>
    <line>
      <![CDATA[<div "result">results of matching products are shown by order of popularity (PASSED : 1s)</div>]]>
    </line>
    <line>
      <![CDATA[<div "result">customer searches by product: WEIGHTS using search feature (PASSED : 5s)</div>]]>
    </line>
    <line>
      <![CDATA[<div "result">results of matching products are shown by order of popularity (PASSED : 0s)</div>]]>
    </line>
    <line>
      <![CDATA[<div "result">customer searches by product: WEIGHTS using search feature (PASSED : 7s)</div>]]>
    </line>
    <line>
      <![CDATA[<div "result">results of matching products are shown by order of popularity (PASSED : 0s)</div>]]>
    </line>
    <line>
      <![CDATA[<div "result">customer clicks on first product (PASSED : 3s)</div>]]>
    </line>
    <line>
      <![CDATA[<div "result">customer can see important product data (PASSED : 0s)</div>]]>
    </line>
    <line>
      <![CDATA[<div "result">customer can see related products (PASSED : 0s)</div>]]>
    </line>
    <line>
      <![CDATA[<div "result">customer clicks on first product (PASSED : 3s)</div>]]>
    </line>
    <line>
      <![CDATA[<div "result">customer can see important product data (PASSED : 0s)</div>]]>
    </line>
    <line>
      <![CDATA[<div "result">customer can see related products (PASSED : 0s)</div>]]>
    </line>
    <line>
      <![CDATA[<div "result">customer is on homepage (PASSED : 3s)</div>]]>
    </line>
    <line>
      <![CDATA[<div "result">customer clicks on first product (PASSED : 5s)</div>]]>
    </line>
    <line>
      <![CDATA[<div "result">customer can see important product data (PASSED : 0s)</div>]]>
    </line>
    <line>
      <![CDATA[<div "result">customer can see related products (PASSED : 0s)</div>]]>
    </line>
    <line>
      <![CDATA[<div "result">customer searches by product: WEIGHTS using search feature (PASSED : 4s)</div>]]>
    </line>
    <line>
      <![CDATA[<div "result">results of matching products are shown by order of popularity (PASSED : 0s)</div>]]>
    </line>
    <line>
      <![CDATA[<div "result">customer is on homepage (PASSED : 3s)</div>]]>
    </line>
    <line>
      <![CDATA[<div "result">customer is on homepage (PASSED : 5s)</div>]]>
    </line>
    <line>
      <![CDATA[<div "result">customer clicks on first product (PASSED : 4s)</div>]]>
    </line>
    <line>
      <![CDATA[<div "result">customer can see important product data (PASSED : 0s)</div>]]>
    </line>
    <line>
      <![CDATA[<div "result">customer can see related products (PASSED : 0s)</div>]]>
    </line>
    <line>
      <![CDATA[<div "result">customer searches by product: XBOX using search feature (PASSED : 6s)</div>]]>
    </line>
    <line>
      <![CDATA[<div "result">customer searches by product: XBOX using search feature (PASSED : 6s)</div>]]>
    </line>
    <line>
      <![CDATA[<div "result">customer is on homepage (PASSED : 3s)</div>]]>
    </line>
    <line>
      <![CDATA[<div "result">customer sorts by price low-to-high (PASSED : 1s)</div>]]>
    </line>
    <line>
      <![CDATA[<div "result">results of matching products are shown by order of price low-to-high (PASSED : 0s)</div>]]>
    </line>
    <line>
      <![CDATA[<div "result">customer sorts by price low-to-high (PASSED : 2s)</div>]]>
    </line>
    <line>
      <![CDATA[<div "result">results of matching products are shown by order of price low-to-high (PASSED : 0s)</div>]]>
    </line>
    <line>
      <![CDATA[<div "result">customer sorts by price high-to-low (PASSED : 1s)</div>]]>
    </line>
    <line>
      <![CDATA[<div "result">results of matching products are shown by order of price high-to-low (PASSED : 0s)</div>]]>
    </line>
    <line>
      <![CDATA[<div "result">customer sorts by price high-to-low (PASSED : 1s)</div>]]>
    </line>
    <line>
      <![CDATA[<div "result">results of matching products are shown by order of price high-to-low (PASSED : 0s)</div>]]>
    </line>
    <line>
      <![CDATA[<div "result">customer sorts by customer rating (PASSED : 2s)</div>]]>
    </line>
    <line>
      <![CDATA[<div "result">customer searches by product: XBOX using search feature (PASSED : 5s)</div>]]>
    </line>
    <line>
      <![CDATA[<div "result">results of matching products are shown by order of customer rating (PASSED : 0s)</div>]]>
    </line>
    <line>
      <![CDATA[<div "result">customer sorts by customer rating (PASSED : 2s)</div>]]>
    </line>
    <line>
      <![CDATA[<div "result">results of matching products are shown by order of customer rating (PASSED : 0s)</div>]]>
    </line>
    <line>
      <![CDATA[<div "result">customer sorts by price low-to-high (PASSED : 2s)</div>]]>
    </line>
    <line>
      <![CDATA[<div "result">results of matching products are shown by order of price low-to-high (PASSED : 0s)</div>]]>
    </line>
    <line>
      <![CDATA[<div "result">customer is on homepage (PASSED : 3s)</div>]]>
    </line>
    <line>
      <![CDATA[<div "result">customer is on homepage (PASSED : 3s)</div>]]>
    </line>
    <line>
      <![CDATA[<div "result">customer sorts by price high-to-low (PASSED : 1s)</div>]]>
    </line>
    <line>
      <![CDATA[<div "result">results of matching products are shown by order of price high-to-low (PASSED : 0s)</div>]]>
    </line>
    <line>
      <![CDATA[<div "result">customer sorts by customer rating (PASSED : 2s)</div>]]>
    </line>
    <line>
      <![CDATA[<div "result">results of matching products are shown by order of customer rating (PASSED : 0s)</div>]]>
    </line>
    <line>
      <![CDATA[<div "result">customer searches by product: COOKERS using search feature (PASSED : 5s)</div>]]>
    </line>
    <line>
      <![CDATA[<div "result">customer searches by product: COOKERS using search feature (PASSED : 5s)</div>]]>
    </line>
    <line>
      <![CDATA[<div "result">customer sorts by price low-to-high (PASSED : 1s)</div>]]>
    </line>
    <line>
      <![CDATA[<div "result">customer is on homepage (PASSED : 3s)</div>]]>
    </line>
    <line>
      <![CDATA[<div "result">results of matching products are shown by order of price low-to-high (PASSED : 0s)</div>]]>
    </line>
    <line>
      <![CDATA[<div "result">customer sorts by price low-to-high (PASSED : 2s)</div>]]>
    </line>
    <line>
      <![CDATA[<div "result">results of matching products are shown by order of price low-to-high (PASSED : 0s)</div>]]>
    </line>
    <line>
      <![CDATA[<div "result">customer sorts by price high-to-low (PASSED : 1s)</div>]]>
    </line>
    <line>
      <![CDATA[<div "result">results of matching products are shown by order of price high-to-low (PASSED : 0s)</div>]]>
    </line>
    <line>
      <![CDATA[<div "result">customer sorts by price high-to-low (PASSED : 1s)</div>]]>
    </line>
    <line>
      <![CDATA[<div "result">results of matching products are shown by order of price high-to-low (PASSED : 0s)</div>]]>
    </line>
    <line>
      <![CDATA[<div "result">customer sorts by customer rating (PASSED : 2s)</div>]]>
    </line>
    <line>
      <![CDATA[<div "result">results of matching products are shown by order of customer rating (PASSED : 0s)</div>]]>
    </line>
    <line>
      <![CDATA[<div "result">customer sorts by customer rating (PASSED : 1s)</div>]]>
    </line>
    <line>
      <![CDATA[<div "result">results of matching products are shown by order of customer rating (PASSED : 0s)</div>]]>
    </line>
    <line>
      <![CDATA[<div "result">customer searches by product: COOKERS using search feature (PASSED : 4s)</div>]]>
    </line>
    <line>
      <![CDATA[<div "result">customer sorts by price low-to-high (PASSED : 2s)</div>]]>
    </line>
    <line>
      <![CDATA[<div "result">results of matching products are shown by order of price low-to-high (PASSED : 0s)</div>]]>
    </line>
    <line>
      <![CDATA[<div "result">customer is on homepage (PASSED : 3s)</div>]]>
    </line>
    <line>
      <![CDATA[<div "result">customer is on homepage (PASSED : 4s)</div>]]>
    </line>
    <line>
      <![CDATA[<div "result">customer sorts by price high-to-low (PASSED : 1s)</div>]]>
    </line>
    <line>
      <![CDATA[<div "result">results of matching products are shown by order of price high-to-low (PASSED : 0s)</div>]]>
    </line>
    <line>
      <![CDATA[<div "result">customer sorts by customer rating (PASSED : 2s)</div>]]>
    </line>
    <line>
      <![CDATA[<div "result">results of matching products are shown by order of customer rating (PASSED : 0s)</div>]]>
    </line>
    <line>
      <![CDATA[<div "result">customer searches by product: PUSHCHAIR using search feature (PASSED : 5s)</div>]]>
    </line>
    <line>
      <![CDATA[<div "result">customer searches by product: PUSHCHAIR using search feature (PASSED : 6s)</div>]]>
    </line>
    <line>
      <![CDATA[<div "result">customer is on homepage (PASSED : 3s)</div>]]>
    </line>
    <line>
      <![CDATA[<div "result">customer sorts by price low-to-high (PASSED : 1s)</div>]]>
    </line>
    <line>
      <![CDATA[<div "result">results of matching products are shown by order of price low-to-high (PASSED : 0s)</div>]]>
    </line>
    <line>
      <![CDATA[<div "result">customer sorts by price low-to-high (PASSED : 2s)</div>]]>
    </line>
    <line>
      <![CDATA[<div "result">results of matching products are shown by order of price low-to-high (PASSED : 0s)</div>]]>
    </line>
    <line>
      <![CDATA[<div "result">customer sorts by price high-to-low (PASSED : 2s)</div>]]>
    </line>
    <line>
      <![CDATA[<div "result">results of matching products are shown by order of price high-to-low (PASSED : 0s)</div>]]>
    </line>
    <line>
      <![CDATA[<div "result">customer sorts by price high-to-low (PASSED : 2s)</div>]]>
    </line>
    <line>
      <![CDATA[<div "result">results of matching products are shown by order of price high-to-low (PASSED : 0s)</div>]]>
    </line>
    <line>
      <![CDATA[<div "result">customer searches by product: PUSHCHAIR using search feature (PASSED : 4s)</div>]]>
    </line>
    <line>
      <![CDATA[<div "result">customer sorts by customer rating (PASSED : 2s)</div>]]>
    </line>
    <line>
      <![CDATA[<div "result">results of matching products are shown by order of customer rating (PASSED : 0s)</div>]]>
    </line>
    <line>
      <![CDATA[<div "result">customer sorts by customer rating (PASSED : 2s)</div>]]>
    </line>
    <line>
      <![CDATA[<div "result">results of matching products are shown by order of customer rating (PASSED : 0s)</div>]]>
    </line>
    <line>
      <![CDATA[<div "result">customer sorts by price low-to-high (PASSED : 2s)</div>]]>
    </line>
    <line>
      <![CDATA[<div "result">results of matching products are shown by order of price low-to-high (PASSED : 0s)</div>]]>
    </line>
    <line>
      <![CDATA[<div "result">customer sorts by price high-to-low (PASSED : 2s)</div>]]>
    </line>
    <line>
      <![CDATA[<div "result">results of matching products are shown by order of price high-to-low (PASSED : 0s)</div>]]>
    </line>
    <line>
      <![CDATA[<div "result">customer is on homepage (PASSED : 3s)</div>]]>
    </line>
    <line>
      <![CDATA[<div "result">customer is on homepage (PASSED : 3s)</div>]]>
    </line>
    <line>
      <![CDATA[<div "result">customer sorts by customer rating (PASSED : 1s)</div>]]>
    </line>
    <line>
      <![CDATA[<div "result">results of matching products are shown by order of customer rating (PASSED : 0s)</div>]]>
    </line>
    <line>
      <![CDATA[<div "result">customer is on homepage (PASSED : 3s)</div>]]>
    </line>
    <line>
      <![CDATA[<div "result">customer searches by product: SPIDERMAN using search feature (PASSED : 4s)</div>]]>
    </line>
    <line>
      <![CDATA[<div "result">customer searches by product: SPIDERMAN using search feature (PASSED : 6s)</div>]]>
    </line>
    <line>
      <![CDATA[<div "result">customer sorts by price low-to-high (PASSED : 2s)</div>]]>
    </line>
    <line>
      <![CDATA[<div "result">results of matching products are shown by order of price low-to-high (PASSED : 0s)</div>]]>
    </line>
    <line>
      <![CDATA[<div "result">customer sorts by price low-to-high (PASSED : 2s)</div>]]>
    </line>
    <line>
      <![CDATA[<div "result">results of matching products are shown by order of price low-to-high (PASSED : 0s)</div>]]>
    </line>
    <line>
      <![CDATA[<div "result">customer sorts by price high-to-low (PASSED : 2s)</div>]]>
    </line>
    <line>
      <![CDATA[<div "result">customer searches by product: SPIDERMAN using search feature (PASSED : 5s)</div>]]>
    </line>
    <line>
      <![CDATA[<div "result">results of matching products are shown by order of price high-to-low (PASSED : 0s)</div>]]>
    </line>
    <line>
      <![CDATA[<div "result">customer sorts by price high-to-low (PASSED : 2s)</div>]]>
    </line>
    <line>
      <![CDATA[<div "result">results of matching products are shown by order of price high-to-low (PASSED : 0s)</div>]]>
    </line>
    <line>
      <![CDATA[<div "result">customer sorts by customer rating (PASSED : 1s)</div>]]>
    </line>
    <line>
      <![CDATA[<div "result">results of matching products are shown by order of customer rating (PASSED : 0s)</div>]]>
    </line>
    <line>
      <![CDATA[<div "result">customer sorts by customer rating (PASSED : 1s)</div>]]>
    </line>
    <line>
      <![CDATA[<div "result">customer sorts by price low-to-high (PASSED : 1s)</div>]]>
    </line>
    <line>
      <![CDATA[<div "result">results of matching products are shown by order of customer rating (PASSED : 0s)</div>]]>
    </line>
    <line>
      <![CDATA[<div "result">results of matching products are shown by order of price low-to-high (PASSED : 0s)</div>]]>
    </line>
    <line>
      <![CDATA[<div "result">customer sorts by price high-to-low (PASSED : 2s)</div>]]>
    </line>
    <line>
      <![CDATA[<div "result">results of matching products are shown by order of price high-to-low (PASSED : 0s)</div>]]>
    </line>
    <line>
      <![CDATA[<div "result">customer sorts by customer rating (PASSED : 1s)</div>]]>
    </line>
    <line>
      <![CDATA[<div "result">results of matching products are shown by order of customer rating (PASSED : 0s)</div>]]>
    </line>
    <line>
      <![CDATA[<div "result">customer is on homepage (PASSED : 3s)</div>]]>
    </line>
    <line>
      <![CDATA[<div "result">customer is on homepage (PASSED : 4s)</div>]]>
    </line>
    <line>
      <![CDATA[<div "result">customer searches by product: FOOTBALL using search feature (PASSED : 4s)</div>]]>
    </line>
    <line>
      <![CDATA[<div "result">customer is on homepage (PASSED : 5s)</div>]]>
    </line>
    <line>
      <![CDATA[<div "result">customer sorts by price low-to-high (PASSED : 1s)</div>]]>
    </line>
    <line>
      <![CDATA[<div "result">customer searches by product: FOOTBALL using search feature (PASSED : 5s)</div>]]>
    </line>
    <line>
      <![CDATA[<div "result">results of matching products are shown by order of price low-to-high (PASSED : 0s)</div>]]>
    </line>
    <line>
      <![CDATA[<div "result">customer sorts by price high-to-low (PASSED : 1s)</div>]]>
    </line>
    <line>
      <![CDATA[<div "result">results of matching products are shown by order of price high-to-low (PASSED : 0s)</div>]]>
    </line>
    <line>
      <![CDATA[<div "result">customer sorts by price low-to-high (PASSED : 2s)</div>]]>
    </line>
    <line>
      <![CDATA[<div "result">results of matching products are shown by order of price low-to-high (PASSED : 0s)</div>]]>
    </line>
    <line>
      <![CDATA[<div "result">customer searches by product: FOOTBALL using search feature (PASSED : 3s)</div>]]>
    </line>
    <line>
      <![CDATA[<div "result">customer sorts by customer rating (PASSED : 1s)</div>]]>
    </line>
    <line>
      <![CDATA[<div "result">results of matching products are shown by order of customer rating (PASSED : 0s)</div>]]>
    </line>
    <line>
      <![CDATA[<div "result">customer sorts by price high-to-low (PASSED : 1s)</div>]]>
    </line>
    <line>
      <![CDATA[<div "result">results of matching products are shown by order of price high-to-low (PASSED : 0s)</div>]]>
    </line>
    <line>
      <![CDATA[<div "result">customer sorts by price low-to-high (PASSED : 3s)</div>]]>
    </line>
    <line>
      <![CDATA[<div "result">customer sorts by customer rating (PASSED : 2s)</div>]]>
    </line>
    <line>
      <![CDATA[<div "result">results of matching products are shown by order of customer rating (PASSED : 0s)</div>]]>
    </line>
    <line>
      <![CDATA[<div "result">results of matching products are shown by order of price low-to-high (PASSED : 0s)</div>]]>
    </line>
    <line>
      <![CDATA[<div "result">customer sorts by price high-to-low (PASSED : 1s)</div>]]>
    </line>
    <line>
      <![CDATA[<div "result">results of matching products are shown by order of price high-to-low (PASSED : 0s)</div>]]>
    </line>
    <line>
      <![CDATA[<div "result">customer is on homepage (PASSED : 4s)</div>]]>
    </line>
    <line>
      <![CDATA[<div "result">customer is on homepage (PASSED : 3s)</div>]]>
    </line>
    <line>
      <![CDATA[<div "result">customer sorts by customer rating (PASSED : 1s)</div>]]>
    </line>
    <line>
      <![CDATA[<div "result">results of matching products are shown by order of customer rating (PASSED : 0s)</div>]]>
    </line>
    <line>
      <![CDATA[<div "result">customer searches by product: WEIGHTS using search feature (PASSED : 4s)</div>]]>
    </line>
    <line>
      <![CDATA[<div "result">customer is on homepage (PASSED : 3s)</div>]]>
    </line>
    <line>
      <![CDATA[<div "result">customer sorts by price low-to-high (PASSED : 1s)</div>]]>
    </line>
    <line>
      <![CDATA[<div "result">results of matching products are shown by order of price low-to-high (PASSED : 0s)</div>]]>
    </line>
    <line>
      <![CDATA[<div "result">customer searches by product: WEIGHTS using search feature (PASSED : 6s)</div>]]>
    </line>
    <line>
      <![CDATA[<div "result">customer sorts by price high-to-low (PASSED : 1s)</div>]]>
    </line>
    <line>
      <![CDATA[<div "result">results of matching products are shown by order of price high-to-low (PASSED : 0s)</div>]]>
    </line>
    <line>
      <![CDATA[<div "result">customer sorts by price low-to-high (PASSED : 2s)</div>]]>
    </line>
    <line>
      <![CDATA[<div "result">results of matching products are shown by order of price low-to-high (PASSED : 0s)</div>]]>
    </line>
    <line>
      <![CDATA[<div "result">customer searches by product: WEIGHTS using search feature (PASSED : 4s)</div>]]>
    </line>
    <line>
      <![CDATA[<div "result">customer sorts by customer rating (PASSED : 1s)</div>]]>
    </line>
    <line>
      <![CDATA[<div "result">results of matching products are shown by order of customer rating (PASSED : 0s)</div>]]>
    </line>
    <line>
      <![CDATA[<div "result">customer sorts by price high-to-low (PASSED : 1s)</div>]]>
    </line>
    <line>
      <![CDATA[<div "result">results of matching products are shown by order of price high-to-low (PASSED : 0s)</div>]]>
    </line>
    <line>
      <![CDATA[<div "result">customer sorts by price low-to-high (PASSED : 2s)</div>]]>
    </line>
    <line>
      <![CDATA[<div "result">results of matching products are shown by order of price low-to-high (PASSED : 0s)</div>]]>
    </line>
    <line>
      <![CDATA[<div "result">customer sorts by customer rating (PASSED : 2s)</div>]]>
    </line>
    <line>
      <![CDATA[<div "result">results of matching products are shown by order of customer rating (PASSED : 0s)</div>]]>
    </line>
    <line>
      <![CDATA[<div "result">customer is on homepage (PASSED : 3s)</div>]]>
    </line>
    <line>
      <![CDATA[<div "result">customer sorts by price high-to-low (PASSED : 1s)</div>]]>
    </line>
    <line>
      <![CDATA[<div "result">results of matching products are shown by order of price high-to-low (PASSED : 0s)</div>]]>
    </line>
    <line>
      <![CDATA[<div "result">customer sorts by customer rating (PASSED : 1s)</div>]]>
    </line>
    <line>
      <![CDATA[<div "result">results of matching products are shown by order of customer rating (PASSED : 0s)</div>]]>
    </line>
    <line>
      <![CDATA[<div "result">customer is on homepage (PASSED : 3s)</div>]]>
    </line>
    <line>
      <![CDATA[<div "result">customer searches by product: JEANS using search feature (PASSED : 4s)</div>]]>
    </line>
    <line>
      <![CDATA[<div "result">customer sorts by price low-to-high (PASSED : 1s)</div>]]>
    </line>
    <line>
      <![CDATA[<div "result">results of matching products are shown by order of price low-to-high (PASSED : 0s)</div>]]>
    </line>
    <line>
      <![CDATA[<div "result">customer sorts by price high-to-low (PASSED : 1s)</div>]]>
    </line>
    <line>
      <![CDATA[<div "result">results of matching products are shown by order of price high-to-low (PASSED : 0s)</div>]]>
    </line>
    <line>
      <![CDATA[<div "result">customer searches by product: JEANS using search feature (PASSED : 4s)</div>]]>
    </line>
    <line>
      <![CDATA[<div "result">customer is on homepage (PASSED : 6s)</div>]]>
    </line>
    <line>
      <![CDATA[<div "result">customer sorts by price low-to-high (PASSED : 1s)</div>]]>
    </line>
    <line>
      <![CDATA[<div "result">results of matching products are shown by order of price low-to-high (PASSED : 0s)</div>]]>
    </line>
    <line>
      <![CDATA[<div "result">customer sorts by customer rating (PASSED : 1s)</div>]]>
    </line>
    <line>
      <![CDATA[<div "result">results of matching products are shown by order of customer rating (PASSED : 0s)</div>]]>
    </line>
    <line>
      <![CDATA[<div "result">customer sorts by price high-to-low (PASSED : 2s)</div>]]>
    </line>
    <line>
      <![CDATA[<div "result">results of matching products are shown by order of price high-to-low (PASSED : 0s)</div>]]>
    </line>
    <line>
      <![CDATA[<div "result">customer sorts by customer rating (PASSED : 1s)</div>]]>
    </line>
    <line>
      <![CDATA[<div "result">results of matching products are shown by order of customer rating (PASSED : 0s)</div>]]>
    </line>
    <line>
      <![CDATA[<div "result">customer searches by product: JEANS using search feature (PASSED : 5s)</div>]]>
    </line>
    <line>
      <![CDATA[<div "result">customer is on homepage (PASSED : 4s)</div>]]>
    </line>
    <line>
      <![CDATA[<div "result">customer sorts by price low-to-high (PASSED : 2s)</div>]]>
    </line>
    <line>
      <![CDATA[<div "result">results of matching products are shown by order of price low-to-high (PASSED : 0s)</div>]]>
    </line>
    <line>
      <![CDATA[<div "result">customer is on homepage (PASSED : 3s)</div>]]>
    </line>
    <line>
      <![CDATA[<div "result">customer sorts by price high-to-low (PASSED : 2s)</div>]]>
    </line>
    <line>
      <![CDATA[<div "result">results of matching products are shown by order of price high-to-low (PASSED : 0s)</div>]]>
    </line>
    <line>
      <![CDATA[<div "result">customer searches by product: RING using search feature (PASSED : 4s)</div>]]>
    </line>
    <line>
      <![CDATA[<div "result">customer sorts by customer rating (PASSED : 1s)</div>]]>
    </line>
    <line>
      <![CDATA[<div "result">results of matching products are shown by order of customer rating (PASSED : 0s)</div>]]>
    </line>
    <line>
      <![CDATA[<div "result">customer sorts by price low-to-high (PASSED : 2s)</div>]]>
    </line>
    <line>
      <![CDATA[<div "result">results of matching products are shown by order of price low-to-high (PASSED : 0s)</div>]]>
    </line>
    <line>
      <![CDATA[<div "result">customer searches by product: RING using search feature (PASSED : 6s)</div>]]>
    </line>
    <line>
      <![CDATA[<div "result">customer sorts by price high-to-low (PASSED : 2s)</div>]]>
    </line>
    <line>
      <![CDATA[<div "result">results of matching products are shown by order of price high-to-low (PASSED : 0s)</div>]]>
    </line>
    <line>
      <![CDATA[<div "result">customer is on homepage (PASSED : 4s)</div>]]>
    </line>
    <line>
      <![CDATA[<div "result">customer sorts by customer rating (PASSED : 1s)</div>]]>
    </line>
    <line>
      <![CDATA[<div "result">customer sorts by price low-to-high (PASSED : 2s)</div>]]>
    </line>
    <line>
      <![CDATA[<div "result">results of matching products are shown by order of price low-to-high (PASSED : 0s)</div>]]>
    </line>
    <line>
      <![CDATA[<div "result">results of matching products are shown by order of customer rating (PASSED : 0s)</div>]]>
    </line>
    <line>
      <![CDATA[<div "result">customer sorts by price high-to-low (PASSED : 1s)</div>]]>
    </line>
    <line>
      <![CDATA[<div "result">results of matching products are shown by order of price high-to-low (PASSED : 0s)</div>]]>
    </line>
    <line>
      <![CDATA[<div "result">customer sorts by customer rating (PASSED : 1s)</div>]]>
    </line>
    <line>
      <![CDATA[<div "result">results of matching products are shown by order of customer rating (PASSED : 0s)</div>]]>
    </line>
    <line>
      <![CDATA[<div "result">customer searches by product: RING using search feature (PASSED : 5s)</div>]]>
    </line>
    <line>
      <![CDATA[<div "result">customer sorts by price low-to-high (PASSED : 2s)</div>]]>
    </line>
    <line>
      <![CDATA[<div "result">results of matching products are shown by order of price low-to-high (PASSED : 0s)</div>]]>
    </line>
    <line>
      <![CDATA[<div "result">customer sorts by price high-to-low (PASSED : 2s)</div>]]>
    </line>
    <line>
      <![CDATA[<div "result">results of matching products are shown by order of price high-to-low (PASSED : 0s)</div>]]>
    </line>
    <line>
      <![CDATA[<div "result">customer sorts by customer rating (PASSED : 2s)</div>]]>
    </line>
    <line>
      <![CDATA[<div "result">results of matching products are shown by order of customer rating (PASSED : 0s)</div>]]>
    </line>
    <line>
      <![CDATA[<div "result">customer is on product page : COOKERS (PASSED : 14s)</div>]]>
    </line>
    <line>
      <![CDATA[<div "result">customer changes store location to : BL0 9JH (PASSED : 1s)</div>]]>
    </line>
    <line>
      <![CDATA[<div "result">customer can see stock availability (PASSED : 0s)</div>]]>
    </line>
    <line>
      <![CDATA[<div "result">customer is on product page : COOKERS (PASSED : 16s)</div>]]>
    </line>
    <line>
      <![CDATA[<div "result">customer changes store location to : BL0 9JH (PASSED : 1s)</div>]]>
    </line>
    <line>
      <![CDATA[<div "result">customer can see stock availability (PASSED : 0s)</div>]]>
    </line>
    <line>
      <![CDATA[<div "result">customer is on product page : COOKERS (PASSED : 14s)</div>]]>
    </line>
    <line>
      <![CDATA[<div "result">customer changes store location to : BL0 9JH (PASSED : 4s)</div>]]>
    </line>
    <line>
      <![CDATA[<div "result">customer can see stock availability (PASSED : 0s)</div>]]>
    </line>
    <line>
      <![CDATA[<div "result">customer is on product page : XBOX (PASSED : 15s)</div>]]>
    </line>
    <line>
      <![CDATA[<div "result">customer changes store location to : SE6 1SB (PASSED : 3s)</div>]]>
    </line>
    <line>
      <![CDATA[<div "result">customer can see stock availability (PASSED : 0s)</div>]]>
    </line>
    <line>
      <![CDATA[<div "result">customer is on product page : XBOX (PASSED : 16s)</div>]]>
    </line>
    <line>
      <![CDATA[<div "result">customer changes store location to : SE6 1SB (PASSED : 2s)</div>]]>
    </line>
    <line>
      <![CDATA[<div "result">customer can see stock availability (PASSED : 0s)</div>]]>
    </line>
    <line>
      <![CDATA[<div "result">customer is on product page : PUSHCHAIR (PASSED : 12s)</div>]]>
    </line>
    <line>
      <![CDATA[<div "result">customer is on product page : XBOX (PASSED : 18s)</div>]]>
    </line>
    <line>
      <![CDATA[<div "result">customer changes store location to : SE6 1SB (PASSED : 1s)</div>]]>
    </line>
    <line>
      <![CDATA[<div "result">customer can see stock availability (PASSED : 0s)</div>]]>
    </line>
    <line>
      <![CDATA[<div "result">customer changes store location to : SS1 2TW (PASSED : 2s)</div>]]>
    </line>
    <line>
      <![CDATA[<div "result">customer can see stock availability (PASSED : 0s)</div>]]>
    </line>
    <line>
      <![CDATA[<div "result">customer is on product page : PUSHCHAIR (PASSED : 15s)</div>]]>
    </line>
    <line>
      <![CDATA[<div "result">customer changes store location to : SS1 2TW (PASSED : 2s)</div>]]>
    </line>
    <line>
      <![CDATA[<div "result">customer can see stock availability (PASSED : 0s)</div>]]>
    </line>
    <line>
      <![CDATA[<div "result">customer is on product page : SPIDERMAN (PASSED : 11s)</div>]]>
    </line>
    <line>
      <![CDATA[<div "result">customer changes store location to : FK7 7TZ (PASSED : 2s)</div>]]>
    </line>
    <line>
      <![CDATA[<div "result">customer can see stock availability (PASSED : 0s)</div>]]>
    </line>
    <line>
      <![CDATA[<div "result">customer is on homepage (PASSED : 3s)</div>]]>
    </line>
    <line>
      <![CDATA[<div "result">customer is on product page : SPIDERMAN (PASSED : 14s)</div>]]>
    </line>
    <line>
      <![CDATA[<div "result">customer is on product page : PUSHCHAIR (PASSED : 22s)</div>]]>
    </line>
    <line>
      <![CDATA[<div "result">customer views basket (PASSED : 4s)</div>]]>
    </line>
    <line>
      <![CDATA[<div "result">empty basket is shown (PASSED : 0s)</div>]]>
    </line>
    <line>
      <![CDATA[<div "result">customer changes store location to : FK7 7TZ (PASSED : 1s)</div>]]>
    </line>
    <line>
      <![CDATA[<div "result">customer can see stock availability (PASSED : 0s)</div>]]>
    </line>
    <line>
      <![CDATA[<div "result">customer changes store location to : SS1 2TW (PASSED : 2s)</div>]]>
    </line>
    <line>
      <![CDATA[<div "result">customer can see stock availability (PASSED : 0s)</div>]]>
    </line>
    <line>
      <![CDATA[<div "result">customer is on homepage (PASSED : 4s)</div>]]>
    </line>
    <line>
      <![CDATA[<div "result">customer views basket (PASSED : 3s)</div>]]>
    </line>
    <line>
      <![CDATA[<div "result">empty basket is shown (PASSED : 0s)</div>]]>
    </line>
    <line>
      <![CDATA[<div "result">customer is on product page : XBOX (PASSED : 13s)</div>]]>
    </line>
    <line>
      <![CDATA[<div "result">adds product to basket (PASSED : 2s)</div>]]>
    </line>
    <line>
      <![CDATA[<div "result">customer is on product page : SPIDERMAN (PASSED : 18s)</div>]]>
    </line>
    <line>
      <![CDATA[<div "result">customer views basket (PASSED : 4s)</div>]]>
    </line>
    <line>
      <![CDATA[<div "result">basket with 1 products and 1 quantity is shown (PASSED : 0s)</div>]]>
    </line>
    <line>
      <![CDATA[<div "result">customer changes store location to : FK7 7TZ (PASSED : 2s)</div>]]>
    </line>
    <line>
      <![CDATA[<div "result">customer can see stock availability (PASSED : 0s)</div>]]>
    </line>
    <line>
      <![CDATA[<div "result">customer is on product page : XBOX (PASSED : 17s)</div>]]>
    </line>
    <line>
      <![CDATA[<div "result">customer is on homepage (PASSED : 4s)</div>]]>
    </line>
    <line>
      <![CDATA[<div "result">adds product to basket (PASSED : 1s)</div>]]>
    </line>
    <line>
      <![CDATA[<div "result">customer views basket (PASSED : 4s)</div>]]>
    </line>
    <line>
      <![CDATA[<div "result">empty basket is shown (PASSED : 0s)</div>]]>
    </line>
    <line>
      <![CDATA[<div "result">customer views basket (PASSED : 4s)</div>]]>
    </line>
    <line>
      <![CDATA[<div "result">basket with 1 products and 1 quantity is shown (PASSED : 0s)</div>]]>
    </line>
    <line>
      <![CDATA[<div "result">customer is on product page : COOKERS (PASSED : 13s)</div>]]>
    </line>
    <line>
      <![CDATA[<div "result">adds product to basket (PASSED : 2s)</div>]]>
    </line>
    <line>
      <![CDATA[<div "result">customer views basket (PASSED : 4s)</div>]]>
    </line>
    <line>
      <![CDATA[<div "result">basket with 1 products and 1 quantity is shown (PASSED : 0s)</div>]]>
    </line>
    <line>
      <![CDATA[<div "result">customer is on product page : COOKERS (PASSED : 19s)</div>]]>
    </line>
    <line>
      <![CDATA[<div "result">customer is on product page : XBOX (PASSED : 20s)</div>]]>
    </line>
    <line>
      <![CDATA[<div "result">adds product to basket (PASSED : 2s)</div>]]>
    </line>
    <line>
      <![CDATA[<div "result">adds product to basket (PASSED : 2s)</div>]]>
    </line>
    <line>
      <![CDATA[<div "result">customer is on product page : PUSHCHAIR (PASSED : 13s)</div>]]>
    </line>
    <line>
      <![CDATA[<div "result">customer views basket (PASSED : 4s)</div>]]>
    </line>
    <line>
      <![CDATA[<div "result">basket with 1 products and 1 quantity is shown (PASSED : 0s)</div>]]>
    </line>
    <line>
      <![CDATA[<div "result">customer views basket (PASSED : 4s)</div>]]>
    </line>
    <line>
      <![CDATA[<div "result">adds product to basket (PASSED : 2s)</div>]]>
    </line>
    <line>
      <![CDATA[<div "result">basket with 1 products and 1 quantity is shown (PASSED : 0s)</div>]]>
    </line>
    <line>
      <![CDATA[<div "result">customer views basket (PASSED : 4s)</div>]]>
    </line>
    <line>
      <![CDATA[<div "result">basket with 1 products and 1 quantity is shown (PASSED : 0s)</div>]]>
    </line>
    <line>
      <![CDATA[<div "result">customer is on product page : PUSHCHAIR (PASSED : 16s)</div>]]>
    </line>
    <line>
      <![CDATA[<div "result">customer is on product page : COOKERS (PASSED : 17s)</div>]]>
    </line>
    <line>
      <![CDATA[<div "result">adds product to basket (PASSED : 2s)</div>]]>
    </line>
    <line>
      <![CDATA[<div "result">adds product to basket (PASSED : 2s)</div>]]>
    </line>
    <line>
      <![CDATA[<div "result">customer is on product page : SPIDERMAN (PASSED : 12s)</div>]]>
    </line>
    <line>
      <![CDATA[<div "result">adds product to basket (PASSED : 2s)</div>]]>
    </line>
    <line>
      <![CDATA[<div "result">customer views basket (PASSED : 4s)</div>]]>
    </line>
    <line>
      <![CDATA[<div "result">basket with 1 products and 1 quantity is shown (PASSED : 0s)</div>]]>
    </line>
    <line>
      <![CDATA[<div "result">customer views basket (PASSED : 3s)</div>]]>
    </line>
    <line>
      <![CDATA[<div "result">basket with 1 products and 1 quantity is shown (PASSED : 0s)</div>]]>
    </line>
    <line>
      <![CDATA[<div "result">customer views basket (PASSED : 7s)</div>]]>
    </line>
    <line>
      <![CDATA[<div "result">basket with 1 products and 1 quantity is shown (PASSED : 0s)</div>]]>
    </line>
    <line>
      <![CDATA[<div "result">customer is on product page : SPIDERMAN (PASSED : 15s)</div>]]>
    </line>
    <line>
      <![CDATA[<div "result">adds product to basket (PASSED : 2s)</div>]]>
    </line>
    <line>
      <![CDATA[<div "result">customer is on product page : FOOTBALL (PASSED : 13s)</div>]]>
    </line>
    <line>
      <![CDATA[<div "result">customer is on product page : PUSHCHAIR (PASSED : 15s)</div>]]>
    </line>
    <line>
      <![CDATA[<div "result">adds product to basket (PASSED : 2s)</div>]]>
    </line>
    <line>
      <![CDATA[<div "result">customer views basket (PASSED : 3s)</div>]]>
    </line>
    <line>
      <![CDATA[<div "result">adds product to basket (PASSED : 2s)</div>]]>
    </line>
    <line>
      <![CDATA[<div "result">basket with 1 products and 1 quantity is shown (PASSED : 0s)</div>]]>
    </line>
    <line>
      <![CDATA[<div "result">customer views basket (PASSED : 3s)</div>]]>
    </line>
    <line>
      <![CDATA[<div "result">basket with 1 products and 1 quantity is shown (PASSED : 0s)</div>]]>
    </line>
    <line>
      <![CDATA[<div "result">customer views basket (PASSED : 4s)</div>]]>
    </line>
    <line>
      <![CDATA[<div "result">basket with 1 products and 1 quantity is shown (PASSED : 0s)</div>]]>
    </line>
    <line>
      <![CDATA[<div "result">customer is on product page : FOOTBALL (PASSED : 14s)</div>]]>
    </line>
    <line>
      <![CDATA[<div "result">adds product to basket (PASSED : 2s)</div>]]>
    </line>
    <line>
      <![CDATA[<div "result">customer is on product page : WEIGHTS (PASSED : 14s)</div>]]>
    </line>
    <line>
      <![CDATA[<div "result">adds product to basket (PASSED : 2s)</div>]]>
    </line>
    <line>
      <![CDATA[<div "result">customer views basket (PASSED : 4s)</div>]]>
    </line>
    <line>
      <![CDATA[<div "result">customer is on product page : SPIDERMAN (PASSED : 17s)</div>]]>
    </line>
    <line>
      <![CDATA[<div "result">basket with 1 products and 1 quantity is shown (PASSED : 0s)</div>]]>
    </line>
    <line>
      <![CDATA[<div "result">adds product to basket (PASSED : 2s)</div>]]>
    </line>
    <line>
      <![CDATA[<div "result">customer views basket (PASSED : 4s)</div>]]>
    </line>
    <line>
      <![CDATA[<div "result">basket with 1 products and 1 quantity is shown (PASSED : 0s)</div>]]>
    </line>
    <line>
      <![CDATA[<div "result">customer views basket (PASSED : 4s)</div>]]>
    </line>
    <line>
      <![CDATA[<div "result">basket with 1 products and 1 quantity is shown (PASSED : 0s)</div>]]>
    </line>
    <line>
      <![CDATA[<div "result">customer is on product page : WEIGHTS (PASSED : 16s)</div>]]>
    </line>
    <line>
      <![CDATA[<div "result">customer is on product page : JEANS (PASSED : 14s)</div>]]>
    </line>
    <line>
      <![CDATA[<div "result">adds product to basket (PASSED : 2s)</div>]]>
    </line>
    <line>
      <![CDATA[<div "result">customer is on product page : FOOTBALL (PASSED : 12s)</div>]]>
    </line>
    <line>
      <![CDATA[<div "result">adds product to basket (PASSED : 2s)</div>]]>
    </line>
    <line>
      <![CDATA[<div "result">adds product to basket (PASSED : 1s)</div>]]>
    </line>
    <line>
      <![CDATA[<div "result">customer views basket (PASSED : 3s)</div>]]>
    </line>
    <line>
      <![CDATA[<div "result">basket with 1 products and 1 quantity is shown (PASSED : 0s)</div>]]>
    </line>
    <line>
      <![CDATA[<div "result">customer views basket (PASSED : 3s)</div>]]>
    </line>
    <line>
      <![CDATA[<div "result">basket with 1 products and 1 quantity is shown (PASSED : 0s)</div>]]>
    </line>
    <line>
      <![CDATA[<div "result">customer views basket (PASSED : 8s)</div>]]>
    </line>
    <line>
      <![CDATA[<div "result">basket with 1 products and 1 quantity is shown (PASSED : 3s)</div>]]>
    </line>
    <line>
      <![CDATA[<div "result">customer is on product page : JEANS (PASSED : 13s)</div>]]>
    </line>
    <line>
      <![CDATA[<div "result">customer is on product page : RING (PASSED : 10s)</div>]]>
    </line>
    <line>
      <![CDATA[<div "result">adds product to basket (PENDING : 0s)</div>]]>
    </line>
    <line>
      <![CDATA[<div "result">customer views basket (SKIPPED)</div>]]>
    </line>
    <line>
      <![CDATA[<div "result">basket with 1 products and 1 quantity is shown (SKIPPED)</div>]]>
    </line>
    <line>
      <![CDATA[<div "result">adds product to basket (PASSED : 1s)</div>]]>
    </line>
    <line>
      <![CDATA[<div "result">customer views basket (PASSED : 4s)</div>]]>
    </line>
    <line>
      <![CDATA[<div "result">basket with 1 products and 1 quantity is shown (PASSED : 0s)</div>]]>
    </line>
    <line>
      <![CDATA[<div "result">customer is on product page : WEIGHTS (PASSED : 13s)</div>]]>
    </line>
    <line>
      <![CDATA[<div "result">adds product to basket (PASSED : 2s)</div>]]>
    </line>
    <line>
      <![CDATA[<div "result">customer is on product page : FOOTBALL (PASSED : 12s)</div>]]>
    </line>
    <line>
      <![CDATA[<div "result">customer views basket (PASSED : 3s)</div>]]>
    </line>
    <line>
      <![CDATA[<div "result">basket with 1 products and 1 quantity is shown (PASSED : 0s)</div>]]>
    </line>
    <line>
      <![CDATA[<div "result">adds product: FOOTBALL to basket twice (PASSED : 4s)</div>]]>
    </line>
    <line>
      <![CDATA[<div "result">customer is on product page : RING (PASSED : 14s)</div>]]>
    </line>
    <line>
      <![CDATA[<div "result">adds product to basket (PENDING : 0s)</div>]]>
    </line>
    <line>
      <![CDATA[<div "result">customer views basket (SKIPPED)</div>]]>
    </line>
    <line>
      <![CDATA[<div "result">basket with 1 products and 1 quantity is shown (SKIPPED)</div>]]>
    </line>
    <line>
      <![CDATA[<div "result">customer views basket (PASSED : 4s)</div>]]>
    </line>
    <line>
      <![CDATA[<div "result">basket with 1 products and 2 quantity is shown (PASSED : 0s)</div>]]>
    </line>
    <line>
      <![CDATA[<div "result">customer changes quantity of first product to x10 (PASSED : 1s)</div>]]>
    </line>
    <line>
      <![CDATA[<div "result">basket with 1 products and 10 quantity is shown (PASSED : 0s)</div>]]>
    </line>
    <line>
      <![CDATA[<div "result">customer is on product page : FOOTBALL (PASSED : 12s)</div>]]>
    </line>
    <line>
      <![CDATA[<div "result">customer is on product page : WEIGHTS (PASSED : 10s)</div>]]>
    </line>
    <line>
      <![CDATA[<div "result">adds product: FOOTBALL to basket twice (PASSED : 4s)</div>]]>
    </line>
    <line>
      <![CDATA[<div "result">customer views basket (PASSED : 3s)</div>]]>
    </line>
    <line>
      <![CDATA[<div "result">adds product: WEIGHTS to basket twice (PASSED : 3s)</div>]]>
    </line>
    <line>
      <![CDATA[<div "result">basket with 1 products and 2 quantity is shown (PASSED : 0s)</div>]]>
    </line>
    <line>
      <![CDATA[<div "result">customer views basket (PASSED : 3s)</div>]]>
    </line>
    <line>
      <![CDATA[<div "result">customer changes quantity of first product to x10 (PASSED : 3s)</div>]]>
    </line>
    <line>
      <![CDATA[<div "result">basket with 1 products and 2 quantity is shown (PASSED : 0s)</div>]]>
    </line>
    <line>
      <![CDATA[<div "result">basket with 1 products and 10 quantity is shown (PASSED : 0s)</div>]]>
    </line>
    <line>
      <![CDATA[<div "result">customer is on product page : JEANS (PASSED : 28s)</div>]]>
    </line>
    <line>
      <![CDATA[<div "result">customer changes quantity of first product to x10 (PASSED : 0s)</div>]]>
    </line>
    <line>
      <![CDATA[<div "result">basket with 1 products and 10 quantity is shown (PASSED : 0s)</div>]]>
    </line>
    <line>
      <![CDATA[<div "result">adds product to basket (PASSED : 2s)</div>]]>
    </line>
    <line>
      <![CDATA[<div "result">customer views basket (PASSED : 3s)</div>]]>
    </line>
    <line>
      <![CDATA[<div "result">basket with 1 products and 1 quantity is shown (PASSED : 0s)</div>]]>
    </line>
    <line>
      <![CDATA[<div "result">customer is on product page : JEANS (PASSED : 11s)</div>]]>
    </line>
    <line>
      <![CDATA[<div "result">customer is on product page : WEIGHTS (PASSED : 14s)</div>]]>
    </line>
    <line>
      <![CDATA[<div "result">customer is on product page : RING (PASSED : 11s)</div>]]>
    </line>
    <line>
      <![CDATA[<div "result">adds product to basket (PENDING : 0s)</div>]]>
    </line>
    <line>
      <![CDATA[<div "result">customer views basket (SKIPPED)</div>]]>
    </line>
    <line>
      <![CDATA[<div "result">basket with 1 products and 1 quantity is shown (SKIPPED)</div>]]>
    </line>
    <line>
      <![CDATA[<div "result">adds product: JEANS to basket twice (PASSED : 4s)</div>]]>
    </line>
    <line>
      <![CDATA[<div "result">adds product: WEIGHTS to basket twice (FAILED : 4s)</div>]]>
    </line>
    <line>
      <![CDATA[<div "result">customer views basket (SKIPPED)</div>]]>
    </line>
    <line>
      <![CDATA[<div "result">basket with 1 products and 2 quantity is shown (SKIPPED)</div>]]>
    </line>
    <line>
      <![CDATA[<div "result">customer changes quantity of first product to x10 (SKIPPED)</div>]]>
    </line>
    <line>
      <![CDATA[<div "result">basket with 1 products and 10 quantity is shown (SKIPPED)</div>]]>
    </line>
    <line>
      <![CDATA[<div "result">customer views basket (PASSED : 3s)</div>]]>
    </line>
    <line>
      <![CDATA[<div "result">basket with 1 products and 2 quantity is shown (PASSED : 0s)</div>]]>
    </line>
    <line>
      <![CDATA[<div "result">customer changes quantity of first product to x10 (PASSED : 0s)</div>]]>
    </line>
    <line>
      <![CDATA[<div "result">basket with 1 products and 10 quantity is shown (PASSED : 0s)</div>]]>
    </line>
    <line>
      <![CDATA[<div "result">customer is on homepage (PASSED : 3s)</div>]]>
    </line>
    <line>
      <![CDATA[<div "result">customer is on product page : JEANS (PASSED : 13s)</div>]]>
    </line>
    <line>
      <![CDATA[<div "result">customer searches by product: PUSHCHAIR using search feature (PASSED : 4s)</div>]]>
    </line>
    <line>
      <![CDATA[<div "result">adds first product to basket x1 quantity (PASSED : 2s)</div>]]>
    </line>
    <line>
      <![CDATA[<div "result">adds product: JEANS to basket twice (PASSED : 3s)</div>]]>
    </line>
    <line>
      <![CDATA[<div "result">customer is on product page : FOOTBALL (PASSED : 20s)</div>]]>
    </line>
    <line>
      <![CDATA[<div "result">adds second product to basket x1 quantity (PASSED : 2s)</div>]]>
    </line>
    <line>
      <![CDATA[<div "result">customer views basket (PASSED : 3s)</div>]]>
    </line>
    <line>
      <![CDATA[<div "result">basket with 1 products and 2 quantity is shown (PASSED : 0s)</div>]]>
    </line>
    <line>
      <![CDATA[<div "result">customer changes quantity of first product to x10 (PASSED : 0s)</div>]]>
    </line>
    <line>
      <![CDATA[<div "result">basket with 1 products and 10 quantity is shown (PASSED : 0s)</div>]]>
    </line>
    <line>
      <![CDATA[<div "result">adds product: FOOTBALL to basket twice (PASSED : 4s)</div>]]>
    </line>
    <line>
      <![CDATA[<div "result">customer views basket (PASSED : 4s)</div>]]>
    </line>
    <line>
      <![CDATA[<div "result">basket with 2 products and 2 quantity is shown (PASSED : 0s)</div>]]>
    </line>
    <line>
      <![CDATA[<div "result">customer is on homepage (PASSED : 3s)</div>]]>
    </line>
    <line>
      <![CDATA[<div "result">customer is on homepage (PASSED : 3s)</div>]]>
    </line>
    <line>
      <![CDATA[<div "result">customer searches by product: PUSHCHAIR using search feature (PASSED : 5s)</div>]]>
    </line>
    <line>
      <![CDATA[<div "result">customer searches by product: SPIDERMAN using search feature (PASSED : 4s)</div>]]>
    </line>
    <line>
      <![CDATA[<div "result">adds first product to basket x1 quantity (PASSED : 2s)</div>]]>
    </line>
    <line>
      <![CDATA[<div "result">adds first product to basket x1 quantity (PASSED : 1s)</div>]]>
    </line>
    <line>
      <![CDATA[<div "result">adds second product to basket x1 quantity (PASSED : 1s)</div>]]>
    </line>
    <line>
      <![CDATA[<div "result">adds second product to basket x1 quantity (PASSED : 1s)</div>]]>
    </line>
    <line>
      <![CDATA[<div "result">customer views basket (PASSED : 4s)</div>]]>
    </line>
    <line>
      <![CDATA[<div "result">basket with 2 products and 2 quantity is shown (PASSED : 0s)</div>]]>
    </line>
    <line>
      <![CDATA[<div "result">customer views basket (PASSED : 3s)</div>]]>
    </line>
    <line>
      <![CDATA[<div "result">basket with 2 products and 2 quantity is shown (PASSED : 0s)</div>]]>
    </line>
    <line>
      <![CDATA[<div "result">customer is on homepage (PASSED : 3s)</div>]]>
    </line>
    <line>
      <![CDATA[<div "result">customer is on homepage (PASSED : 4s)</div>]]>
    </line>
    <line>
      <![CDATA[<div "result">customer views basket (PASSED : 24s)</div>]]>
    </line>
    <line>
      <![CDATA[<div "result">customer searches by product: SPIDERMAN using search feature (PASSED : 5s)</div>]]>
    </line>
    <line>
      <![CDATA[<div "result">customer searches by product: FOOTBALL using search feature (PASSED : 3s)</div>]]>
    </line>
    <line>
      <![CDATA[<div "result">adds first product to basket x1 quantity (PASSED : 2s)</div>]]>
    </line>
    <line>
      <![CDATA[<div "result">adds first product to basket x1 quantity (PASSED : 1s)</div>]]>
    </line>
    <line>
      <![CDATA[<div "result">basket with 1 products and 2 quantity is shown (PASSED : 3s)</div>]]>
    </line>
    <line>
      <![CDATA[<div "result">adds second product to basket x1 quantity (PASSED : 1s)</div>]]>
    </line>
    <line>
      <![CDATA[<div "result">adds second product to basket x1 quantity (PASSED : 1s)</div>]]>
    </line>
    <line>
      <![CDATA[<div "result">customer changes quantity of first product to x10 (PASSED : 1s)</div>]]>
    </line>
    <line>
      <![CDATA[<div "result">basket with 1 products and 10 quantity is shown (PASSED : 0s)</div>]]>
    </line>
    <line>
      <![CDATA[<div "result">customer views basket (PASSED : 3s)</div>]]>
    </line>
    <line>
      <![CDATA[<div "result">customer views basket (PASSED : 3s)</div>]]>
    </line>
    <line>
      <![CDATA[<div "result">basket with 2 products and 2 quantity is shown (PASSED : 0s)</div>]]>
    </line>
    <line>
      <![CDATA[<div "result">basket with 2 products and 2 quantity is shown (PASSED : 0s)</div>]]>
    </line>
    <line>
      <![CDATA[<div "result">customer is on homepage (PASSED : 3s)</div>]]>
    </line>
    <line>
      <![CDATA[<div "result">customer is on homepage (PASSED : 4s)</div>]]>
    </line>
    <line>
      <![CDATA[<div "result">customer searches by product: COOKERS using search feature (PASSED : 3s)</div>]]>
    </line>
    <line>
      <![CDATA[<div "result">customer searches by product: FOOTBALL using search feature (PASSED : 5s)</div>]]>
    </line>
    <line>
      <![CDATA[<div "result">customer is on product page : WEIGHTS (PASSED : 13s)</div>]]>
    </line>
    <line>
      <![CDATA[<div "result">adds first product to basket x1 quantity (PASSED : 2s)</div>]]>
    </line>
    <line>
      <![CDATA[<div "result">adds second product to basket x1 quantity (FAILED : 0s)</div>]]>
    </line>
    <line>
      <![CDATA[<div "result">customer views basket (SKIPPED)</div>]]>
    </line>
    <line>
      <![CDATA[<div "result">basket with 2 products and 2 quantity is shown (SKIPPED)</div>]]>
    </line>
    <line>
      <![CDATA[<div "result">adds product: WEIGHTS to basket twice (PASSED : 4s)</div>]]>
    </line>
    <line>
      <![CDATA[<div "result">customer is on homepage (PASSED : 3s)</div>]]>
    </line>
    <line>
      <![CDATA[<div "result">customer searches by product: COOKERS using search feature (PASSED : 4s)</div>]]>
    </line>
    <line>
      <![CDATA[<div "result">customer views basket (PASSED : 9s)</div>]]>
    </line>
    <line>
      <![CDATA[<div "result">adds first product to basket x2 quantity (PASSED : 17s)</div>]]>
    </line>
    <line>
      <![CDATA[<div "result">basket with 1 products and 2 quantity is shown (PASSED : 1s)</div>]]>
    </line>
    <line>
      <![CDATA[<div "result">customer changes quantity of first product to x10 (PASSED : 0s)</div>]]>
    </line>
    <line>
      <![CDATA[<div "result">basket with 1 products and 10 quantity is shown (PASSED : 0s)</div>]]>
    </line>
    <line>
      <![CDATA[<div "result">adds second product to basket x2 quantity (PASSED : 16s)</div>]]>
    </line>
    <line>
      <![CDATA[<div "result">customer is on product page : JEANS (PASSED : 16s)</div>]]>
    </line>
    <line>
      <![CDATA[<div "result">customer views basket (PASSED : 4s)</div>]]>
    </line>
    <line>
      <![CDATA[<div "result">adds first product to basket x2 quantity (PASSED : 25s)</div>]]>
    </line>
    <line>
      <![CDATA[<div "result">basket with 2 products and 4 quantity is shown (PASSED : 0s)</div>]]>
    </line>
    <line>
      <![CDATA[<div "result">customer removes firt product from basket (PASSED : 0s)</div>]]>
    </line>
    <line>
      <![CDATA[<div "result">basket with 1 products and 2 quantity is shown (PASSED : 0s)</div>]]>
    </line>
    <line>
      <![CDATA[<div "result">adds product: JEANS to basket twice (PASSED : 4s)</div>]]>
    </line>
    <line>
      <![CDATA[<div "result">customer is on homepage (PASSED : 3s)</div>]]>
    </line>
    <line>
      <![CDATA[<div "result">customer views basket (PASSED : 4s)</div>]]>
    </line>
    <line>
      <![CDATA[<div "result">basket with 1 products and 2 quantity is shown (PASSED : 0s)</div>]]>
    </line>
    <line>
      <![CDATA[<div "result">customer changes quantity of first product to x10 (PASSED : 0s)</div>]]>
    </line>
    <line>
      <![CDATA[<div "result">basket with 1 products and 10 quantity is shown (PASSED : 0s)</div>]]>
    </line>
    <line>
      <![CDATA[<div "result">customer searches by product: JEANS using search feature (PASSED : 3s)</div>]]>
    </line>
    <line>
      <![CDATA[<div "result">customer is on homepage (PASSED : 5s)</div>]]>
    </line>
    <line>
      <![CDATA[<div "result">customer searches by product: PUSHCHAIR using search feature (PASSED : 5s)</div>]]>
    </line>
    <line>
      <![CDATA[<div "result">adds second product to basket x2 quantity (PASSED : 23s)</div>]]>
    </line>
    <line>
      <![CDATA[<div "result">adds first product to basket x1 quantity (PASSED : 5s)</div>]]>
    </line>
    <line>
      <![CDATA[<div "result">adds first product to basket x2 quantity (PASSED : 15s)</div>]]>
    </line>
    <line>
      <![CDATA[<div "result">adds second product to basket x1 quantity (PASSED : 2s)</div>]]>
    </line>
    <line>
      <![CDATA[<div "result">customer views basket (PASSED : 4s)</div>]]>
    </line>
    <line>
      <![CDATA[<div "result">basket with 2 products and 4 quantity is shown (PASSED : 0s)</div>]]>
    </line>
    <line>
      <![CDATA[<div "result">customer views basket (PASSED : 3s)</div>]]>
    </line>
    <line>
      <![CDATA[<div "result">customer removes firt product from basket (PASSED : 3s)</div>]]>
    </line>
    <line>
      <![CDATA[<div "result">basket with 1 products and 2 quantity is shown (PASSED : 0s)</div>]]>
    </line>
    <line>
      <![CDATA[<div "result">basket with 2 products and 2 quantity is shown (PASSED : 3s)</div>]]>
    </line>
    <line>
      <![CDATA[<div "result">customer is on homepage (PASSED : 3s)</div>]]>
    </line>
    <line>
      <![CDATA[<div "result">customer is on homepage (PASSED : 4s)</div>]]>
    </line>
    <line>
      <![CDATA[<div "result">customer searches by product: JEANS using search feature (PASSED : 4s)</div>]]>
    </line>
    <line>
      <![CDATA[<div "result">adds second product to basket x2 quantity (PASSED : 14s)</div>]]>
    </line>
    <line>
      <![CDATA[<div "result">customer searches by product: SPIDERMAN using search feature (PASSED : 5s)</div>]]>
    </line>
    <line>
      <![CDATA[<div "result">customer views basket (PASSED : 3s)</div>]]>
    </line>
    <line>
      <![CDATA[<div "result">basket with 2 products and 4 quantity is shown (PASSED : 0s)</div>]]>
    </line>
    <line>
      <![CDATA[<div "result">customer removes firt product from basket (PASSED : 0s)</div>]]>
    </line>
    <line>
      <![CDATA[<div "result">basket with 1 products and 2 quantity is shown (PASSED : 0s)</div>]]>
    </line>
    <line>
      <![CDATA[<div "result">adds first product to basket x1 quantity (PASSED : 3s)</div>]]>
    </line>
    <line>
      <![CDATA[<div "result">adds second product to basket x1 quantity (PASSED : 2s)</div>]]>
    </line>
    <line>
      <![CDATA[<div "result">customer is on homepage (PASSED : 3s)</div>]]>
    </line>
    <line>
      <![CDATA[<div "result">customer views basket (PASSED : 3s)</div>]]>
    </line>
    <line>
      <![CDATA[<div "result">customer searches by product: XBOX using search feature (PASSED : 4s)</div>]]>
    </line>
    <line>
      <![CDATA[<div "result">basket with 2 products and 2 quantity is shown (PASSED : 2s)</div>]]>
    </line>
    <line>
      <![CDATA[<div "result">adds first product to basket x2 quantity (PASSED : 4s)</div>]]>
    </line>
    <line>
      <![CDATA[<div "result">customer is on homepage (PASSED : 4s)</div>]]>
    </line>
    <line>
      <![CDATA[<div "result">adds first product to basket x2 quantity (PASSED : 21s)</div>]]>
    </line>
    <line>
      <![CDATA[<div "result">adds second product to basket x2 quantity (PASSED : 3s)</div>]]>
    </line>
    <line>
      <![CDATA[<div "result">customer searches by product: FOOTBALL using search feature (PASSED : 5s)</div>]]>
    </line>
    <line>
      <![CDATA[<div "result">customer views basket (PASSED : 3s)</div>]]>
    </line>
    <line>
      <![CDATA[<div "result">basket with 2 products and 4 quantity is shown (PASSED : 0s)</div>]]>
    </line>
    <line>
      <![CDATA[<div "result">customer removes firt product from basket (PASSED : 0s)</div>]]>
    </line>
    <line>
      <![CDATA[<div "result">basket with 1 products and 2 quantity is shown (PASSED : 0s)</div>]]>
    </line>
    <line>
      <![CDATA[<div "result">adds first product to basket x1 quantity (PASSED : 3s)</div>]]>
    </line>
    <line>
      <![CDATA[<div "result">adds second product to basket x1 quantity (PASSED : 2s)</div>]]>
    </line>
    <line>
      <![CDATA[<div "result">customer is on homepage (PASSED : 3s)</div>]]>
    </line>
    <line>
      <![CDATA[<div "result">customer clicks on category: TECHNOLOGY in the menu (PASSED : 2s)</div>]]>
    </line>
    <line>
      <![CDATA[<div "result">category splash screen is shown (PASSED : 0s)</div>]]>
    </line>
    <line>
      <![CDATA[<div "result">customer views basket (PASSED : 5s)</div>]]>
    </line>
    <line>
      <![CDATA[<div "result">basket with 2 products and 2 quantity is shown (PASSED : 1s)</div>]]>
    </line>
    <line>
      <![CDATA[<div "result">customer is on homepage (PASSED : 3s)</div>]]>
    </line>
    <line>
      <![CDATA[<div "result">adds second product to basket x2 quantity (PASSED : 21s)</div>]]>
    </line>
    <line>
      <![CDATA[<div "result">customer clicks on category: HOME AND GARDEN in the menu (PASSED : 3s)</div>]]>
    </line>
    <line>
      <![CDATA[<div "result">category splash screen is shown (PASSED : 0s)</div>]]>
    </line>
    <line>
      <![CDATA[<div "result">customer is on homepage (PASSED : 6s)</div>]]>
    </line>
    <line>
      <![CDATA[<div "result">customer is on homepage (PASSED : 2s)</div>]]>
    </line>
    <line>
      <![CDATA[<div "result">customer views basket (PASSED : 3s)</div>]]>
    </line>
    <line>
      <![CDATA[<div "result">basket with 2 products and 4 quantity is shown (PASSED : 0s)</div>]]>
    </line>
    <line>
      <![CDATA[<div "result">customer clicks on category: BABY AND NURSERY in the menu (PASSED : 2s)</div>]]>
    </line>
    <line>
      <![CDATA[<div "result">category splash screen is shown (PASSED : 0s)</div>]]>
    </line>
    <line>
      <![CDATA[<div "result">customer searches by product: COOKERS using search feature (PASSED : 4s)</div>]]>
    </line>
    <line>
      <![CDATA[<div "result">customer removes firt product from basket (PASSED : 3s)</div>]]>
    </line>
    <line>
      <![CDATA[<div "result">basket with 1 products and 2 quantity is shown (PASSED : 0s)</div>]]>
    </line>
    <line>
      <![CDATA[<div "result">customer is on homepage (PASSED : 3s)</div>]]>
    </line>
    <line>
      <![CDATA[<div "result">customer is on homepage (PASSED : 3s)</div>]]>
    </line>
    <line>
      <![CDATA[<div "result">customer clicks on category: TOYS in the menu (PASSED : 2s)</div>]]>
    </line>
    <line>
      <![CDATA[<div "result">category splash screen is shown (PASSED : 0s)</div>]]>
    </line>
    <line>
      <![CDATA[<div "result">customer is on homepage (PASSED : 2s)</div>]]>
    </line>
    <line>
      <![CDATA[<div "result">customer searches by product: XBOX using search feature (PASSED : 6s)</div>]]>
    </line>
    <line>
      <![CDATA[<div "result">customer clicks on category: SPORTS AND LEISURE in the menu (PASSED : 2s)</div>]]>
    </line>
    <line>
      <![CDATA[<div "result">category splash screen is shown (PASSED : 0s)</div>]]>
    </line>
    <line>
      <![CDATA[<div "result">customer is on homepage (PASSED : 2s)</div>]]>
    </line>
    <line>
      <![CDATA[<div "result">adds first product to basket x2 quantity (PASSED : 4s)</div>]]>
    </line>
    <line>
      <![CDATA[<div "result">customer clicks on category: HEALTH AND BEAUTY in the menu (PASSED : 2s)</div>]]>
    </line>
    <line>
      <![CDATA[<div "result">category splash screen is shown (PASSED : 0s)</div>]]>
    </line>
    <line>
      <![CDATA[<div "result">adds second product to basket x2 quantity (PASSED : 5s)</div>]]>
    </line>
    <line>
      <![CDATA[<div "result">customer is on homepage (PASSED : 2s)</div>]]>
    </line>
    <line>
      <![CDATA[<div "result">customer clicks on category: CLOTHING in the menu (PASSED : 2s)</div>]]>
    </line>
    <line>
      <![CDATA[<div "result">category splash screen is shown (PASSED : 0s)</div>]]>
    </line>
    <line>
      <![CDATA[<div "result">customer views basket (PASSED : 3s)</div>]]>
    </line>
    <line>
      <![CDATA[<div "result">basket with 2 products and 4 quantity is shown (PASSED : 0s)</div>]]>
    </line>
    <line>
      <![CDATA[<div "result">customer is on homepage (PASSED : 2s)</div>]]>
    </line>
    <line>
      <![CDATA[<div "result">customer removes firt product from basket (PASSED : 2s)</div>]]>
    </line>
    <line>
      <![CDATA[<div "result">basket with 1 products and 2 quantity is shown (PASSED : 0s)</div>]]>
    </line>
    <line>
      <![CDATA[<div "result">customer clicks on category: JEWELLERY AND WATCHES in the menu (PASSED : 2s)</div>]]>
    </line>
    <line>
      <![CDATA[<div "result">category splash screen is shown (PASSED : 0s)</div>]]>
    </line>
    <line>
      <![CDATA[<div "result">adds first product to basket x2 quantity (PASSED : 29s)</div>]]>
    </line>
    <line>
      <![CDATA[<div "result">customer is on homepage (PASSED : 3s)</div>]]>
    </line>
    <line>
      <![CDATA[<div "result">customer is on homepage (PASSED : 4s)</div>]]>
    </line>
    <line>
      <![CDATA[<div "result">customer clicks on category: TECHNOLOGY in the menu (PASSED : 4s)</div>]]>
    </line>
    <line>
      <![CDATA[<div "result">category splash screen is shown (PASSED : 0s)</div>]]>
    </line>
    <line>
      <![CDATA[<div "result">customer hovers on category: TECHNOLOGY in the menu (PASSED : 0s)</div>]]>
    </line>
    <line>
      <![CDATA[<div "result">clicks on sub-category: televisions and accessories (PASSED : 2s)</div>]]>
    </line>
    <line>
      <![CDATA[<div "result">category splash screen is shown (PASSED : 0s)</div>]]>
    </line>
    <line>
[...]
            </line>
            <line>
              <![CDATA[<div "result">customer searches and misspells &lt;category&gt; with NERSERY using search feature (PASSED : 3s)</div>]]>
            </line>
            <line>
              <![CDATA[<div "result">results of matching products are shown by order of popularity (PASSED : 0s)</div>]]>
            </line>
          </reporter-output>
        </test-method> <!-- run_scenario -->
        <test-method status="PASS" signature="run_scenario(cucumber.api.testng.PickleEventWrapper, cucumber.api.testng.CucumberFeatureWrapper)[pri:0, instance:selenium_tests.Runner@39c0f4a]" name="run_scenario" duration-ms="11906" started-at="2018-10-07T21:16:45Z" description="Runs Cucumber Scenarios" data-provider="scenarios" finished-at="2018-10-07T21:16:57Z">
          <params>
            <param index="0">
              <value>
                <![CDATA["customer searches for category using misspelling"]]>
              </value>
            </param>
            <param index="1">
              <value>
                <![CDATA["CategorySearch"]]>
              </value>
            </param>
          </params>
          <reporter-output>
            <line>
              <![CDATA[<div "result">customer is on homepage (PASSED : 8s)</div>]]>
            </line>
            <line>
              <![CDATA[<div "result">customer searches and misspells &lt;category&gt; with TOIS using search feature (PASSED : 3s)</div>]]>
            </line>
            <line>
              <![CDATA[<div "result">results of matching products are shown by order of popularity (PASSED : 0s)</div>]]>
            </line>
          </reporter-output>
        </test-method> <!-- run_scenario -->
        <test-method status="PASS" signature="run_scenario(cucumber.api.testng.PickleEventWrapper, cucumber.api.testng.CucumberFeatureWrapper)[pri:0, instance:selenium_tests.Runner@39c0f4a]" name="run_scenario" duration-ms="12081" started-at="2018-10-07T21:16:57Z" description="Runs Cucumber Scenarios" data-provider="scenarios" finished-at="2018-10-07T21:17:09Z">
          <params>
            <param index="0">
              <value>
                <![CDATA["customer searches for category using misspelling"]]>
              </value>
            </param>
            <param index="1">
              <value>
                <![CDATA["CategorySearch"]]>
              </value>
            </param>
          </params>
          <reporter-output>
            <line>
              <![CDATA[<div "result">customer is on homepage (PASSED : 8s)</div>]]>
            </line>
            <line>
              <![CDATA[<div "result">customer searches and misspells &lt;category&gt; with LESSURE using search feature (PASSED : 3s)</div>]]>
            </line>
            <line>
              <![CDATA[<div "result">results of matching products are shown by order of popularity (PASSED : 0s)</div>]]>
            </line>
          </reporter-output>
        </test-method> <!-- run_scenario -->
        <test-method status="PASS" signature="run_scenario(cucumber.api.testng.PickleEventWrapper, cucumber.api.testng.CucumberFeatureWrapper)[pri:0, instance:selenium_tests.Runner@39c0f4a]" name="run_scenario" duration-ms="6421" started-at="2018-10-07T21:17:09Z" description="Runs Cucumber Scenarios" data-provider="scenarios" finished-at="2018-10-07T21:17:16Z">
          <params>
            <param index="0">
              <value>
                <![CDATA["customer searches for category using misspelling"]]>
              </value>
            </param>
            <param index="1">
              <value>
                <![CDATA["CategorySearch"]]>
              </value>
            </param>
          </params>
          <reporter-output>
            <line>
              <![CDATA[<div "result">customer is on homepage (PASSED : 2s)</div>]]>
            </line>
            <line>
              <![CDATA[<div "result">customer searches and misspells &lt;category&gt; with helth using search feature (PASSED : 3s)</div>]]>
            </line>
            <line>
              <![CDATA[<div "result">results of matching products are shown by order of popularity (PASSED : 0s)</div>]]>
            </line>
          </reporter-output>
        </test-method> <!-- run_scenario -->
        <test-method status="PASS" signature="run_scenario(cucumber.api.testng.PickleEventWrapper, cucumber.api.testng.CucumberFeatureWrapper)[pri:0, instance:selenium_tests.Runner@39c0f4a]" name="run_scenario" duration-ms="5335" started-at="2018-10-07T21:17:16Z" description="Runs Cucumber Scenarios" data-provider="scenarios" finished-at="2018-10-07T21:17:21Z">
          <params>
            <param index="0">
              <value>
                <![CDATA["customer searches for category using misspelling"]]>
              </value>
            </param>
            <param index="1">
              <value>
                <![CDATA["CategorySearch"]]>
              </value>
            </param>
          </params>
          <reporter-output>
            <line>
              <![CDATA[<div "result">customer is on homepage (PASSED : 2s)</div>]]>
            </line>
            <line>
              <![CDATA[<div "result">customer searches and misspells &lt;category&gt; with CLOTHIN using search feature (PASSED : 2s)</div>]]>
            </line>
            <line>
              <![CDATA[<div "result">results of matching products are shown by order of popularity (PASSED : 0s)</div>]]>
            </line>
          </reporter-output>
        </test-method> <!-- run_scenario -->
        <test-method status="PASS" signature="run_scenario(cucumber.api.testng.PickleEventWrapper, cucumber.api.testng.CucumberFeatureWrapper)[pri:0, instance:selenium_tests.Runner@39c0f4a]" name="run_scenario" duration-ms="6437" started-at="2018-10-07T21:17:21Z" description="Runs Cucumber Scenarios" data-provider="scenarios" finished-at="2018-10-07T21:17:27Z">
          <params>
            <param index="0">
              <value>
                <![CDATA["customer searches for category using misspelling"]]>
              </value>
            </param>
            <param index="1">
              <value>
                <![CDATA["CategorySearch"]]>
              </value>
            </param>
          </params>
          <reporter-output>
            <line>
              <![CDATA[<div "result">customer is on homepage (PASSED : 2s)</div>]]>
            </line>
            <line>
              <![CDATA[<div "result">customer searches and misspells &lt;category&gt; with JEWLERY using search feature (PASSED : 3s)</div>]]>
            </line>
            <line>
              <![CDATA[<div "result">results of matching products are shown by order of popularity (PASSED : 0s)</div>]]>
            </line>
          </reporter-output>
        </test-method> <!-- run_scenario -->
        <test-method status="PASS" signature="run_scenario(cucumber.api.testng.PickleEventWrapper, cucumber.api.testng.CucumberFeatureWrapper)[pri:0, instance:selenium_tests.Runner@39c0f4a]" name="run_scenario" duration-ms="6580" started-at="2018-10-07T21:17:27Z" description="Runs Cucumber Scenarios" data-provider="scenarios" finished-at="2018-10-07T21:17:34Z">
          <params>
            <param index="0">
              <value>
                <![CDATA["customer searches for unrecognised category"]]>
              </value>
            </param>
            <param index="1">
              <value>
                <![CDATA["CategorySearch"]]>
              </value>
            </param>
          </params>
          <reporter-output>
            <line>
              <![CDATA[<div "result">customer is on homepage (PASSED : 3s)</div>]]>
            </line>
            <line>
              <![CDATA[<div "result">customer searches for unrecognised category: gdfgdfe using search feature (PASSED : 3s)</div>]]>
            </line>
            <line>
              <![CDATA[<div "result">no search results page is shown (PASSED : 0s)</div>]]>
            </line>
          </reporter-output>
        </test-method> <!-- run_scenario -->
        <test-method status="PASS" signature="run_scenario(cucumber.api.testng.PickleEventWrapper, cucumber.api.testng.CucumberFeatureWrapper)[pri:0, instance:selenium_tests.Runner@39c0f4a]" name="run_scenario" duration-ms="11613" started-at="2018-10-07T21:17:34Z" description="Runs Cucumber Scenarios" data-provider="scenarios" finished-at="2018-10-07T21:17:46Z">
          <params>
            <param index="0">
              <value>
                <![CDATA["customer searches for unrecognised category"]]>
              </value>
            </param>
            <param index="1">
              <value>
                <![CDATA["CategorySearch"]]>
              </value>
            </param>
          </params>
          <reporter-output>
            <line>
              <![CDATA[<div "result">customer is on homepage (PASSED : 9s)</div>]]>
            </line>
            <line>
              <![CDATA[<div "result">customer searches for unrecognised category: 12332432 using search feature (PASSED : 2s)</div>]]>
            </line>
            <line>
              <![CDATA[<div "result">no search results page is shown (PASSED : 0s)</div>]]>
            </line>
          </reporter-output>
        </test-method> <!-- run_scenario -->
        <test-method status="PASS" signature="run_scenario(cucumber.api.testng.PickleEventWrapper, cucumber.api.testng.CucumberFeatureWrapper)[pri:0, instance:selenium_tests.Runner@39c0f4a]" name="run_scenario" duration-ms="12011" started-at="2018-10-07T21:17:46Z" description="Runs Cucumber Scenarios" data-provider="scenarios" finished-at="2018-10-07T21:17:58Z">
          <params>
            <param index="0">
              <value>
                <![CDATA["customer searches for unrecognised category"]]>
              </value>
            </param>
            <param index="1">
              <value>
                <![CDATA["CategorySearch"]]>
              </value>
            </param>
          </params>
          <reporter-output>
            <line>
              <![CDATA[<div "result">customer is on homepage (PASSED : 3s)</div>]]>
            </line>
            <line>
              <![CDATA[<div "result">customer searches for unrecognised category: xxxxxxx using search feature (PASSED : 4s)</div>]]>
            </line>
            <line>
              <![CDATA[<div "result">no search results page is shown (PASSED : 3s)</div>]]>
            </line>
          </reporter-output>
        </test-method> <!-- run_scenario -->
        <test-method status="PASS" signature="run_scenario(cucumber.api.testng.PickleEventWrapper, cucumber.api.testng.CucumberFeatureWrapper)[pri:0, instance:selenium_tests.Runner@39c0f4a]" name="run_scenario" duration-ms="5308" started-at="2018-10-07T21:17:58Z" description="Runs Cucumber Scenarios" data-provider="scenarios" finished-at="2018-10-07T21:18:03Z">
          <params>
            <param index="0">
              <value>
                <![CDATA["customer searches for unrecognised category"]]>
              </value>
            </param>
            <param index="1">
              <value>
                <![CDATA["CategorySearch"]]>
              </value>
            </param>
          </params>
          <reporter-output>
            <line>
              <![CDATA[<div "result">customer is on homepage (PASSED : 3s)</div>]]>
            </line>
            <line>
              <![CDATA[<div "result">customer searches for unrecognised category: TBYSPOS using search feature (PASSED : 2s)</div>]]>
            </line>
            <line>
              <![CDATA[<div "result">no search results page is shown (PASSED : 0s)</div>]]>
            </line>
          </reporter-output>
        </test-method> <!-- run_scenario -->
        <test-method status="PASS" signature="run_scenario(cucumber.api.testng.PickleEventWrapper, cucumber.api.testng.CucumberFeatureWrapper)[pri:0, instance:selenium_tests.Runner@39c0f4a]" name="run_scenario" duration-ms="11346" started-at="2018-10-07T21:18:03Z" description="Runs Cucumber Scenarios" data-provider="scenarios" finished-at="2018-10-07T21:18:14Z">
          <params>
            <param index="0">
              <value>
                <![CDATA["customer searches for unrecognised category"]]>
              </value>
            </param>
            <param index="1">
              <value>
                <![CDATA["CategorySearch"]]>
              </value>
            </param>
          </params>
          <reporter-output>
            <line>
              <![CDATA[<div "result">customer is on homepage (PASSED : 8s)</div>]]>
            </line>
            <line>
              <![CDATA[<div "result">customer searches for unrecognised category: SPOSPO using search feature (PASSED : 2s)</div>]]>
            </line>
            <line>
              <![CDATA[<div "result">no search results page is shown (PASSED : 0s)</div>]]>
            </line>
          </reporter-output>
        </test-method> <!-- run_scenario -->
        <test-method status="PASS" signature="run_scenario(cucumber.api.testng.PickleEventWrapper, cucumber.api.testng.CucumberFeatureWrapper)[pri:0, instance:selenium_tests.Runner@39c0f4a]" name="run_scenario" duration-ms="11386" started-at="2018-10-07T21:18:14Z" description="Runs Cucumber Scenarios" data-provider="scenarios" finished-at="2018-10-07T21:18:26Z">
          <params>
            <param index="0">
              <value>
                <![CDATA["customer searches for unrecognised category"]]>
              </value>
            </param>
            <param index="1">
              <value>
                <![CDATA["CategorySearch"]]>
              </value>
            </param>
          </params>
          <reporter-output>
            <line>
              <![CDATA[<div "result">customer is on homepage (PASSED : 2s)</div>]]>
            </line>
            <line>
              <![CDATA[<div "result">customer searches for unrecognised category: AND AND AND using search feature (PASSED : 4s)</div>]]>
            </line>
            <line>
              <![CDATA[<div "result">no search results page is shown (PASSED : 3s)</div>]]>
            </line>
          </reporter-output>
        </test-method> <!-- run_scenario -->
        <test-method status="PASS" signature="run_scenario(cucumber.api.testng.PickleEventWrapper, cucumber.api.testng.CucumberFeatureWrapper)[pri:0, instance:selenium_tests.Runner@39c0f4a]" name="run_scenario" duration-ms="4841" started-at="2018-10-07T21:18:26Z" description="Runs Cucumber Scenarios" data-provider="scenarios" finished-at="2018-10-07T21:18:31Z">
          <params>
            <param index="0">
              <value>
                <![CDATA["customer searches for unrecognised category"]]>
              </value>
            </param>
            <param index="1">
              <value>
                <![CDATA["CategorySearch"]]>
              </value>
            </param>
          </params>
          <reporter-output>
            <line>
              <![CDATA[<div "result">customer is on homepage (PASSED : 2s)</div>]]>
            </line>
            <line>
              <![CDATA[<div "result">customer searches for unrecognised category: OR OR OR using search feature (PASSED : 2s)</div>]]>
            </line>
            <line>
              <![CDATA[<div "result">no search results page is shown (PASSED : 0s)</div>]]>
            </line>
          </reporter-output>
        </test-method> <!-- run_scenario -->
        <test-method status="PASS" signature="run_scenario(cucumber.api.testng.PickleEventWrapper, cucumber.api.testng.CucumberFeatureWrapper)[pri:0, instance:selenium_tests.Runner@39c0f4a]" name="run_scenario" duration-ms="11585" started-at="2018-10-07T21:18:31Z" description="Runs Cucumber Scenarios" data-provider="scenarios" finished-at="2018-10-07T21:18:42Z">
          <params>
            <param index="0">
              <value>
                <![CDATA["customer searches for unrecognised category"]]>
              </value>
            </param>
            <param index="1">
              <value>
                <![CDATA["CategorySearch"]]>
              </value>
            </param>
          </params>
          <reporter-output>
            <line>
              <![CDATA[<div "result">customer is on homepage (PASSED : 9s)</div>]]>
            </line>
            <line>
              <![CDATA[<div "result">customer searches for unrecognised category: @@@ using search feature (PASSED : 2s)</div>]]>
            </line>
            <line>
              <![CDATA[<div "result">no search results page is shown (PASSED : 0s)</div>]]>
            </line>
          </reporter-output>
        </test-method> <!-- run_scenario -->
        <test-method status="PASS" signature="run_scenario(cucumber.api.testng.PickleEventWrapper, cucumber.api.testng.CucumberFeatureWrapper)[pri:0, instance:selenium_tests.Runner@39c0f4a]" name="run_scenario" duration-ms="3139" started-at="2018-10-07T21:18:42Z" description="Runs Cucumber Scenarios" data-provider="scenarios" finished-at="2018-10-07T21:18:45Z">
          <params>
            <param index="0">
              <value>
                <![CDATA["Customer able to see all key features on homepage"]]>
              </value>
            </param>
            <param index="1">
              <value>
                <![CDATA["Homepage"]]>
              </value>
            </param>
          </params>
          <reporter-output>
            <line>
              <![CDATA[<div "result">customer is on homepage (PASSED : 2s)</div>]]>
            </line>
            <line>
              <![CDATA[<div "result">all key homepage elements are shown (PASSED : 0s)</div>]]>
            </line>
          </reporter-output>
        </test-method> <!-- run_scenario -->
        <test-method status="PASS" signature="run_scenario(cucumber.api.testng.PickleEventWrapper, cucumber.api.testng.CucumberFeatureWrapper)[pri:0, instance:selenium_tests.Runner@39c0f4a]" name="run_scenario" duration-ms="9591" started-at="2018-10-07T21:18:45Z" description="Runs Cucumber Scenarios" data-provider="scenarios" finished-at="2018-10-07T21:18:55Z">
          <params>
            <param index="0">
              <value>
                <![CDATA["Customer opens up help menu"]]>
              </value>
            </param>
            <param index="1">
              <value>
                <![CDATA["Homepage"]]>
              </value>
            </param>
          </params>
          <reporter-output>
            <line>
              <![CDATA[<div "result">customer is on homepage (PASSED : 7s)</div>]]>
            </line>
            <line>
              <![CDATA[<div "result">customer clicks on help menu (PASSED : 2s)</div>]]>
            </line>
            <line>
              <![CDATA[<div "result">help page is shown (PASSED : 0s)</div>]]>
            </line>
          </reporter-output>
        </test-method> <!-- run_scenario -->
        <test-method status="PASS" signature="tear_down()[pri:0, instance:selenium_tests.Runner@39c0f4a]" name="tear_down" is-config="true" duration-ms="12344" started-at="2018-10-07T21:18:55Z" finished-at="2018-10-07T21:19:07Z">
          <reporter-output>
          </reporter-output>
        </test-method> <!-- tear_down -->
      </class> <!-- selenium_tests.Runner -->
    </test> <!-- windows firefox - no tags (all features) -->
  </suite> <!-- Environment config tsts -->
</testng-results>
