<?xml version="1.0" encoding="UTF-8"?>
<testsuite xmlns:xsi="http://www.w3.org/2001/XMLSchema-instance" xsi:noNamespaceSchemaLocation="https://maven.apache.org/surefire/maven-failsafe-plugin/xsd/failsafe-test-report.xsd" name="TestSuite" time="1,464.276" tests="258" errors="0" skipped="5" failures="0">
  <properties>
[...]
</properties>
  <testcase name="run_scenario" classname="selenium_tests.Runner" time="1.306"/>
  <testcase name="run_scenario" classname="selenium_tests.Runner" time="13.137"/>
  <testcase name="run_scenario" classname="selenium_tests.Runner" time="1.356"/>
  <testcase name="run_scenario" classname="selenium_tests.Runner" time="1.771"/>
  <testcase name="run_scenario" classname="selenium_tests.Runner" time="9.582"/>
  <testcase name="run_scenario" classname="selenium_tests.Runner" time="3.332"/>
  <testcase name="run_scenario" classname="selenium_tests.Runner" time="2.039"/>
  <testcase name="run_scenario" classname="selenium_tests.Runner" time="11.103"/>
  <testcase name="run_scenario" classname="selenium_tests.Runner" time="0.228"/>
  <testcase name="run_scenario" classname="selenium_tests.Runner" time="3.347"/>
  <testcase name="run_scenario" classname="selenium_tests.Runner" time="8.259"/>
  <testcase name="run_scenario" classname="selenium_tests.Runner" time="5.429"/>
  <testcase name="run_scenario" classname="selenium_tests.Runner" time="2.605"/>
  <testcase name="run_scenario" classname="selenium_tests.Runner" time="5.67"/>
  <testcase name="run_scenario" classname="selenium_tests.Runner" time="9.429"/>
  <testcase name="run_scenario" classname="selenium_tests.Runner" time="0.026"/>
  <testcase name="run_scenario" classname="selenium_tests.Runner" time="2.235"/>
  <testcase name="run_scenario" classname="selenium_tests.Runner" time="10.434"/>
  <testcase name="run_scenario" classname="selenium_tests.Runner" time="1.736"/>
  <testcase name="run_scenario" classname="selenium_tests.Runner" time="1.977"/>
  <testcase name="run_scenario" classname="selenium_tests.Runner" time="11.164"/>
  <testcase name="run_scenario" classname="selenium_tests.Runner" time="2.081"/>
  <testcase name="run_scenario" classname="selenium_tests.Runner" time="2.133"/>
  <testcase name="run_scenario" classname="selenium_tests.Runner" time="7.518"/>
  <testcase name="run_scenario" classname="selenium_tests.Runner" time="8.961"/>
  <testcase name="run_scenario" classname="selenium_tests.Runner" time="9.209"/>
  <testcase name="run_scenario" classname="selenium_tests.Runner" time="6.938"/>
  <testcase name="run_scenario" classname="selenium_tests.Runner" time="7.926"/>
  <testcase name="run_scenario" classname="selenium_tests.Runner" time="8.649"/>
  <testcase name="run_scenario" classname="selenium_tests.Runner" time="6.837"/>
  <testcase name="run_scenario" classname="selenium_tests.Runner" time="9.807"/>
  <testcase name="run_scenario" classname="selenium_tests.Runner" time="10.566"/>
  <testcase name="run_scenario" classname="selenium_tests.Runner" time="4.484"/>
  <testcase name="run_scenario" classname="selenium_tests.Runner" time="10.897"/>
  <testcase name="run_scenario" classname="selenium_tests.Runner" time="11.065"/>
  <testcase name="run_scenario" classname="selenium_tests.Runner" time="3.811"/>
  <testcase name="run_scenario" classname="selenium_tests.Runner" time="10.465"/>
  <testcase name="run_scenario" classname="selenium_tests.Runner" time="1.668"/>
  <testcase name="run_scenario" classname="selenium_tests.Runner" time="3.853"/>
  <testcase name="run_scenario" classname="selenium_tests.Runner" time="9.044"/>
  <testcase name="run_scenario" classname="selenium_tests.Runner" time="2.644"/>
  <testcase name="run_scenario" classname="selenium_tests.Runner" time="3.426"/>
  <testcase name="run_scenario" classname="selenium_tests.Runner" time="7.168"/>
  <testcase name="run_scenario" classname="selenium_tests.Runner" time="3.148"/>
  <testcase name="run_scenario" classname="selenium_tests.Runner" time="7.505"/>
  <testcase name="run_scenario" classname="selenium_tests.Runner" time="5.158"/>
  <testcase name="run_scenario" classname="selenium_tests.Runner" time="2.98"/>
  <testcase name="run_scenario" classname="selenium_tests.Runner" time="8.368"/>
  <testcase name="run_scenario" classname="selenium_tests.Runner" time="5.08"/>
  <testcase name="run_scenario" classname="selenium_tests.Runner" time="4.091"/>
  <testcase name="run_scenario" classname="selenium_tests.Runner" time="9.686"/>
  <testcase name="run_scenario" classname="selenium_tests.Runner" time="4.955"/>
  <testcase name="run_scenario" classname="selenium_tests.Runner" time="3.183"/>
  <testcase name="run_scenario" classname="selenium_tests.Runner" time="11.306"/>
  <testcase name="run_scenario" classname="selenium_tests.Runner" time="0.055"/>
  <testcase name="run_scenario" classname="selenium_tests.Runner" time="6.417"/>
  <testcase name="run_scenario" classname="selenium_tests.Runner" time="7.693"/>
  <testcase name="run_scenario" classname="selenium_tests.Runner" time="7.887"/>
  <testcase name="run_scenario" classname="selenium_tests.Runner" time="0.075"/>
  <testcase name="run_scenario" classname="selenium_tests.Runner" time="0.84"/>
  <testcase name="run_scenario" classname="selenium_tests.Runner" time="7.543"/>
  <testcase name="run_scenario" classname="selenium_tests.Runner" time="12.135"/>
  <testcase name="run_scenario" classname="selenium_tests.Runner" time="0.549"/>
  <testcase name="run_scenario" classname="selenium_tests.Runner" time="9.706"/>
  <testcase name="run_scenario" classname="selenium_tests.Runner" time="1.523"/>
  <testcase name="run_scenario" classname="selenium_tests.Runner" time="8.334"/>
  <testcase name="run_scenario" classname="selenium_tests.Runner" time="15.414"/>
  <testcase name="run_scenario" classname="selenium_tests.Runner" time="0.847"/>
  <testcase name="run_scenario" classname="selenium_tests.Runner" time="5.641"/>
  <testcase name="run_scenario" classname="selenium_tests.Runner" time="15.517"/>
  <testcase name="run_scenario" classname="selenium_tests.Runner" time="3.696"/>
  <testcase name="run_scenario" classname="selenium_tests.Runner" time="3.935"/>
  <testcase name="run_scenario" classname="selenium_tests.Runner" time="17.897"/>
  <testcase name="run_scenario" classname="selenium_tests.Runner" time="3.274"/>
  <testcase name="run_scenario" classname="selenium_tests.Runner" time="0.159"/>
  <testcase name="run_scenario" classname="selenium_tests.Runner" time="17.483"/>
  <testcase name="run_scenario" classname="selenium_tests.Runner" time="3.469"/>
  <testcase name="run_scenario" classname="selenium_tests.Runner" time="3.267"/>
  <testcase name="run_scenario" classname="selenium_tests.Runner" time="15.662"/>
  <testcase name="run_scenario" classname="selenium_tests.Runner" time="2.177"/>
  <testcase name="run_scenario" classname="selenium_tests.Runner" time="7.382"/>
  <testcase name="run_scenario" classname="selenium_tests.Runner" time="0">
    <skipped message="cucumber.api.PendingException: TODO: implement me&#10;	at selenium_tests.feature_steps.Steps_basket_feature.adds_product_to_basket(Steps_basket_feature.java:42)&#10;	at ✽.adds product to basket(src/test/resources/Features/TestSuite_basket.feature:14)&#10;"/>
    <system-out><![CDATA[[Skipping next scenerio step/s] This item is not available online to add to basket
]]></system-out>
  </testcase>
  <testcase name="run_scenario" classname="selenium_tests.Runner" time="3.679"/>
  <testcase name="run_scenario" classname="selenium_tests.Runner" time="11.263"/>
  <testcase name="run_scenario" classname="selenium_tests.Runner" time="0">
    <skipped message="cucumber.api.PendingException: TODO: implement me&#10;	at selenium_tests.feature_steps.Steps_basket_feature.adds_product_to_basket(Steps_basket_feature.java:42)&#10;	at ✽.adds product to basket(src/test/resources/Features/TestSuite_basket.feature:14)&#10;"/>
    <system-out><![CDATA[[Skipping next scenerio step/s] This item is not available online to add to basket
]]></system-out>
  </testcase>
  <testcase name="run_scenario" classname="selenium_tests.Runner" time="5.736"/>
  <testcase name="run_scenario" classname="selenium_tests.Runner" time="18.223"/>
  <testcase name="run_scenario" classname="selenium_tests.Runner" time="1.674"/>
  <testcase name="run_scenario" classname="selenium_tests.Runner" time="4.19"/>
  <testcase name="run_scenario" classname="selenium_tests.Runner" time="0">
    <skipped message="cucumber.api.PendingException: TODO: implement me&#10;	at selenium_tests.feature_steps.Steps_basket_feature.adds_product_to_basket(Steps_basket_feature.java:42)&#10;	at ✽.adds product to basket(src/test/resources/Features/TestSuite_basket.feature:14)&#10;"/>
    <system-out><![CDATA[[Skipping next scenerio step/s] This item is not available online to add to basket
]]></system-out>
  </testcase>
  <testcase name="run_scenario" classname="selenium_tests.Runner" time="0">
    <skipped message="[Standard click error]&#10;Stale element reference (WARNING: The server did not provide any stacktrace information)&#10;Command duration or timeout: 0 milliseconds&#10;For documentation on this error, please visit: http://seleniumhq.org/exceptions/stale_element_reference.html&#10;Build info: version: &apos;3.12.0&apos;, revision: &apos;7c6e0b3&apos;, time: &apos;2018-05-08T14:04:26.12Z&apos;&#10;System info: host: &apos;DESKTOP-KQS99BN&apos;, ip: &apos;192.168.0.17&apos;, os.name: &apos;Windows 10&apos;, os.arch: &apos;amd64&apos;, os.version: &apos;10.0&apos;, java.version: &apos;1.8.0_161&apos;&#10;Driver info: org.openqa.selenium.edge.EdgeDriver&#10;Capabilities {InPrivate: false, acceptSslCerts: true, applicationCacheEnabled: true, browserName: MicrosoftEdge, browserVersion: 42.17134.1.0, javascriptEnabled: true, locationContextEnabled: true, pageLoadStrategy: normal, platform: WINDOWS, platformName: WINDOWS, platformVersion: 10, takesElementScreenshot: true, takesScreenshot: true, webStorageEnabled: true}&#10;Session ID: 9EB5843A-59CE-4632-97DA-3114293344B7&#10;[Alternative Action click error]&#10;Invalid argument (WARNING: The server did not provide any stacktrace information)&#10;Command duration or timeout: 0 milliseconds&#10;Build info: version: &apos;3.12.0&apos;, revision: &apos;7c6e0b3&apos;, time: &apos;2018-05-08T14:04:26.12Z&apos;&#10;System info: host: &apos;DESKTOP-KQS99BN&apos;, ip: &apos;192.168.0.17&apos;, os.name: &apos;Windows 10&apos;, os.arch: &apos;amd64&apos;, os.version: &apos;10.0&apos;, java.version: &apos;1.8.0_161&apos;&#10;Driver info: org.openqa.selenium.edge.EdgeDriver&#10;Capabilities {InPrivate: false, acceptSslCerts: true, applicationCacheEnabled: true, browserName: MicrosoftEdge, browserVersion: 42.17134.1.0, javascriptEnabled: true, locationContextEnabled: true, pageLoadStrategy: normal, platform: WINDOWS, platformName: WINDOWS, platformVersion: 10, takesElementScreenshot: true, takesScreenshot: true, webStorageEnabled: true}&#10;Session ID: 9EB5843A-59CE-4632-97DA-3114293344B7"/>
    <system-out><![CDATA[trying alternative click
==============================================
[Test ID]
Customer views basket with x1 products, totalling x2 quantity

[Failed URL]
http://www.argos.co.uk/product/6044273

[Page Title]
Buy Opti Vinyl Barbell Dumbbell Set - 35kg | Dumbbells | Argos

[Environment]
windows_edge

[Screenshot ands logs found here]
C:/Users/workpeter/Documents/Eclipse-workspace/cucumber-selenium-framework/target/CAPTURED-ERRORS/test-failures/windows-edge_7c0dc9b2-c049-40f6-882e-19fc2fc56011

[Stack trace]
java.lang.Exception: [Standard click error]
Stale element reference (WARNING: The server did not provide any stacktrace information)
Command duration or timeout: 0 milliseconds
For documentation on this error, please visit: http://seleniumhq.org/exceptions/stale_element_reference.html
Build info: version: '3.12.0', revision: '7c6e0b3', time: '2018-05-08T14:04:26.12Z'
System info: host: 'DESKTOP-KQS99BN', ip: '192.168.0.17', os.name: 'Windows 10', os.arch: 'amd64', os.version: '10.0', java.version: '1.8.0_161'
Driver info: org.openqa.selenium.edge.EdgeDriver
Capabilities {InPrivate: false, acceptSslCerts: true, applicationCacheEnabled: true, browserName: MicrosoftEdge, browserVersion: 42.17134.1.0, javascriptEnabled: true, locationContextEnabled: true, pageLoadStrategy: normal, platform: WINDOWS, platformName: WINDOWS, platformVersion: 10, takesElementScreenshot: true, takesScreenshot: true, webStorageEnabled: true}
Session ID: 9EB5843A-59CE-4632-97DA-3114293344B7
[Alternative Action click error]
Invalid argument (WARNING: The server did not provide any stacktrace information)
Command duration or timeout: 0 milliseconds
Build info: version: '3.12.0', revision: '7c6e0b3', time: '2018-05-08T14:04:26.12Z'
System info: host: 'DESKTOP-KQS99BN', ip: '192.168.0.17', os.name: 'Windows 10', os.arch: 'amd64', os.version: '10.0', java.version: '1.8.0_161'
Driver info: org.openqa.selenium.edge.EdgeDriver
Capabilities {InPrivate: false, acceptSslCerts: true, applicationCacheEnabled: true, browserName: MicrosoftEdge, browserVersion: 42.17134.1.0, javascriptEnabled: true, locationContextEnabled: true, pageLoadStrategy: normal, platform: WINDOWS, platformName: WINDOWS, platformVersion: 10, takesElementScreenshot: true, takesScreenshot: true, webStorageEnabled: true}
Session ID: 9EB5843A-59CE-4632-97DA-3114293344B7
	at selenium_tests.Webdriver_builder$Enhanced_selenium_methods.click(Webdriver_builder.java:436)
	at selenium_tests.page_object_model.POM_popupBasket.checkContinueShopping(POM_popupBasket.java:16)
	at selenium_tests.feature_steps.Steps_basket_feature.adds_product_to_basket(Steps_basket_feature.java:39)
	at selenium_tests.feature_steps.Steps_basket_feature.adds_product_to_basket_twice(Steps_basket_feature.java:51)
	at ?.adds product: WEIGHTS to basket twice(src/test/resources/Features/TestSuite_basket.feature:32)


]]></system-out>
  </testcase>
  <testcase name="run_scenario" classname="selenium_tests.Runner" time="4.015"/>
  <testcase name="run_scenario" classname="selenium_tests.Runner" time="15.235"/>
  <testcase name="run_scenario" classname="selenium_tests.Runner" time="1.984"/>
  <testcase name="run_scenario" classname="selenium_tests.Runner" time="14.385"/>
  <testcase name="run_scenario" classname="selenium_tests.Runner" time="0.984"/>
  <testcase name="run_scenario" classname="selenium_tests.Runner" time="12.24"/>
  <testcase name="run_scenario" classname="selenium_tests.Runner" time="2.672"/>
  <testcase name="run_scenario" classname="selenium_tests.Runner" time="0.664"/>
  <testcase name="run_scenario" classname="selenium_tests.Runner" time="0">
    <skipped message="[Standard click error]&#10;Element not displayed (WARNING: The server did not provide any stacktrace information)&#10;Command duration or timeout: 0 milliseconds&#10;Build info: version: &apos;3.12.0&apos;, revision: &apos;7c6e0b3&apos;, time: &apos;2018-05-08T14:04:26.12Z&apos;&#10;System info: host: &apos;DESKTOP-KQS99BN&apos;, ip: &apos;192.168.0.17&apos;, os.name: &apos;Windows 10&apos;, os.arch: &apos;amd64&apos;, os.version: &apos;10.0&apos;, java.version: &apos;1.8.0_161&apos;&#10;Driver info: org.openqa.selenium.edge.EdgeDriver&#10;Capabilities {InPrivate: false, acceptSslCerts: true, applicationCacheEnabled: true, browserName: MicrosoftEdge, browserVersion: 42.17134.1.0, javascriptEnabled: true, locationContextEnabled: true, pageLoadStrategy: normal, platform: WINDOWS, platformName: WINDOWS, platformVersion: 10, takesElementScreenshot: true, takesScreenshot: true, webStorageEnabled: true}&#10;Session ID: 9EB5843A-59CE-4632-97DA-3114293344B7&#10;[Alternative Action click error]&#10;Invalid argument (WARNING: The server did not provide any stacktrace information)&#10;Command duration or timeout: 0 milliseconds&#10;Build info: version: &apos;3.12.0&apos;, revision: &apos;7c6e0b3&apos;, time: &apos;2018-05-08T14:04:26.12Z&apos;&#10;System info: host: &apos;DESKTOP-KQS99BN&apos;, ip: &apos;192.168.0.17&apos;, os.name: &apos;Windows 10&apos;, os.arch: &apos;amd64&apos;, os.version: &apos;10.0&apos;, java.version: &apos;1.8.0_161&apos;&#10;Driver info: org.openqa.selenium.edge.EdgeDriver&#10;Capabilities {InPrivate: false, acceptSslCerts: true, applicationCacheEnabled: true, browserName: MicrosoftEdge, browserVersion: 42.17134.1.0, javascriptEnabled: true, locationContextEnabled: true, pageLoadStrategy: normal, platform: WINDOWS, platformName: WINDOWS, platformVersion: 10, takesElementScreenshot: true, takesScreenshot: true, webStorageEnabled: true}&#10;Session ID: 9EB5843A-59CE-4632-97DA-3114293344B7"/>
    <system-out><![CDATA[trying alternative click
trying alternative click
==============================================
[Test ID]
Customer views basket with x2 products, totalling x2 quantity

[Failed URL]
http://www.argos.co.uk/search/football/

[Page Title]
Results for football in Sports and leisure, Sports, Football, Footballs

[Environment]
windows_edge

[Screenshot ands logs found here]
C:/Users/workpeter/Documents/Eclipse-workspace/cucumber-selenium-framework/target/CAPTURED-ERRORS/test-failures/windows-edge_2a7d81fb-9489-43a7-850f-265e831613a0

[Stack trace]
java.lang.Exception: [Standard click error]
Element not displayed (WARNING: The server did not provide any stacktrace information)
Command duration or timeout: 0 milliseconds
Build info: version: '3.12.0', revision: '7c6e0b3', time: '2018-05-08T14:04:26.12Z'
System info: host: 'DESKTOP-KQS99BN', ip: '192.168.0.17', os.name: 'Windows 10', os.arch: 'amd64', os.version: '10.0', java.version: '1.8.0_161'
Driver info: org.openqa.selenium.edge.EdgeDriver
Capabilities {InPrivate: false, acceptSslCerts: true, applicationCacheEnabled: true, browserName: MicrosoftEdge, browserVersion: 42.17134.1.0, javascriptEnabled: true, locationContextEnabled: true, pageLoadStrategy: normal, platform: WINDOWS, platformName: WINDOWS, platformVersion: 10, takesElementScreenshot: true, takesScreenshot: true, webStorageEnabled: true}
Session ID: 9EB5843A-59CE-4632-97DA-3114293344B7
[Alternative Action click error]
Invalid argument (WARNING: The server did not provide any stacktrace information)
Command duration or timeout: 0 milliseconds
Build info: version: '3.12.0', revision: '7c6e0b3', time: '2018-05-08T14:04:26.12Z'
System info: host: 'DESKTOP-KQS99BN', ip: '192.168.0.17', os.name: 'Windows 10', os.arch: 'amd64', os.version: '10.0', java.version: '1.8.0_161'
Driver info: org.openqa.selenium.edge.EdgeDriver
Capabilities {InPrivate: false, acceptSslCerts: true, applicationCacheEnabled: true, browserName: MicrosoftEdge, browserVersion: 42.17134.1.0, javascriptEnabled: true, locationContextEnabled: true, pageLoadStrategy: normal, platform: WINDOWS, platformName: WINDOWS, platformVersion: 10, takesElementScreenshot: true, takesScreenshot: true, webStorageEnabled: true}
Session ID: 9EB5843A-59CE-4632-97DA-3114293344B7
	at selenium_tests.Webdriver_builder$Enhanced_selenium_methods.click(Webdriver_builder.java:436)
	at selenium_tests.page_object_model.POM_popupBasket.checkContinueShopping(POM_popupBasket.java:16)
	at selenium_tests.feature_steps.Steps_basket_feature.adds_second_product_to_basket_x_quantity(Steps_basket_feature.java:91)
	at ?.adds second product to basket x1 quantity(src/test/resources/Features/TestSuite_basket.feature:50)


]]></system-out>
  </testcase>
  <testcase name="run_scenario" classname="selenium_tests.Runner" time="15.498"/>
  <testcase name="run_scenario" classname="selenium_tests.Runner" time="19.877"/>
  <testcase name="run_scenario" classname="selenium_tests.Runner" time="5.949"/>
  <testcase name="run_scenario" classname="selenium_tests.Runner" time="22.878"/>
  <testcase name="run_scenario" classname="selenium_tests.Runner" time="2.593"/>
  <testcase name="run_scenario" classname="selenium_tests.Runner" time="11.812"/>
  <testcase name="run_scenario" classname="selenium_tests.Runner" time="10.007"/>
  <testcase name="run_scenario" classname="selenium_tests.Runner" time="12.182"/>
  <testcase name="run_scenario" classname="selenium_tests.Runner" time="7.029"/>
  <testcase name="run_scenario" classname="selenium_tests.Runner" time="2.075"/>
  <testcase name="run_scenario" classname="selenium_tests.Runner" time="4.545"/>
  <testcase name="run_scenario" classname="selenium_tests.Runner" time="6.254"/>
  <testcase name="run_scenario" classname="selenium_tests.Runner" time="0.78"/>
  <testcase name="run_scenario" classname="selenium_tests.Runner" time="5.246"/>
  <testcase name="run_scenario" classname="selenium_tests.Runner" time="5.435"/>
  <testcase name="run_scenario" classname="selenium_tests.Runner" time="5.602"/>
  <testcase name="run_scenario" classname="selenium_tests.Runner" time="5.352"/>
  <testcase name="run_scenario" classname="selenium_tests.Runner" time="3.35"/>
  <testcase name="run_scenario" classname="selenium_tests.Runner" time="2.143"/>
  <testcase name="run_scenario" classname="selenium_tests.Runner" time="5.175"/>
  <testcase name="run_scenario" classname="selenium_tests.Runner" time="6.036"/>
  <testcase name="run_scenario" classname="selenium_tests.Runner" time="1.152"/>
  <testcase name="run_scenario" classname="selenium_tests.Runner" time="7.207"/>
  <testcase name="run_scenario" classname="selenium_tests.Runner" time="1.744"/>
  <testcase name="run_scenario" classname="selenium_tests.Runner" time="3.937"/>
  <testcase name="run_scenario" classname="selenium_tests.Runner" time="0.548"/>
  <testcase name="run_scenario" classname="selenium_tests.Runner" time="4.757"/>
  <testcase name="run_scenario" classname="selenium_tests.Runner" time="1.135"/>
  <testcase name="run_scenario" classname="selenium_tests.Runner" time="7.302"/>
  <testcase name="run_scenario" classname="selenium_tests.Runner" time="1.476"/>
  <testcase name="run_scenario" classname="selenium_tests.Runner" time="5.233"/>
  <testcase name="run_scenario" classname="selenium_tests.Runner" time="4.096"/>
  <testcase name="run_scenario" classname="selenium_tests.Runner" time="2.066"/>
  <testcase name="run_scenario" classname="selenium_tests.Runner" time="6.942"/>
  <testcase name="run_scenario" classname="selenium_tests.Runner" time="1.808"/>
  <testcase name="run_scenario" classname="selenium_tests.Runner" time="8.743"/>
  <testcase name="run_scenario" classname="selenium_tests.Runner" time="1.434"/>
  <testcase name="run_scenario" classname="selenium_tests.Runner" time="8.112"/>
  <testcase name="run_scenario" classname="selenium_tests.Runner" time="0.827"/>
  <testcase name="run_scenario" classname="selenium_tests.Runner" time="8.238"/>
  <testcase name="run_scenario" classname="selenium_tests.Runner" time="1.562"/>
  <testcase name="run_scenario" classname="selenium_tests.Runner" time="0.149"/>
  <testcase name="run_scenario" classname="selenium_tests.Runner" time="8.609"/>
  <testcase name="run_scenario" classname="selenium_tests.Runner" time="0.994"/>
  <testcase name="run_scenario" classname="selenium_tests.Runner" time="8.039"/>
  <testcase name="run_scenario" classname="selenium_tests.Runner" time="0.658"/>
  <testcase name="run_scenario" classname="selenium_tests.Runner" time="3.886"/>
  <testcase name="run_scenario" classname="selenium_tests.Runner" time="5.859"/>
  <testcase name="run_scenario" classname="selenium_tests.Runner" time="1.113"/>
  <testcase name="run_scenario" classname="selenium_tests.Runner" time="2.138"/>
  <testcase name="run_scenario" classname="selenium_tests.Runner" time="8.004"/>
  <testcase name="run_scenario" classname="selenium_tests.Runner" time="0.508"/>
  <testcase name="run_scenario" classname="selenium_tests.Runner" time="2.172"/>
  <testcase name="run_scenario" classname="selenium_tests.Runner" time="7.561"/>
  <testcase name="run_scenario" classname="selenium_tests.Runner" time="0.899"/>
  <testcase name="run_scenario" classname="selenium_tests.Runner" time="1.87"/>
  <testcase name="run_scenario" classname="selenium_tests.Runner" time="3.836"/>
  <testcase name="run_scenario" classname="selenium_tests.Runner" time="5.15"/>
  <testcase name="run_scenario" classname="selenium_tests.Runner" time="1.445"/>
  <testcase name="run_scenario" classname="selenium_tests.Runner" time="2.115"/>
  <testcase name="run_scenario" classname="selenium_tests.Runner" time="7.537"/>
  <testcase name="run_scenario" classname="selenium_tests.Runner" time="0.646"/>
  <testcase name="run_scenario" classname="selenium_tests.Runner" time="1.998"/>
  <testcase name="run_scenario" classname="selenium_tests.Runner" time="3.629"/>
  <testcase name="run_scenario" classname="selenium_tests.Runner" time="3.484"/>
  <testcase name="run_scenario" classname="selenium_tests.Runner" time="3.534"/>
  <testcase name="run_scenario" classname="selenium_tests.Runner" time="0.113"/>
  <testcase name="run_scenario" classname="selenium_tests.Runner" time="6.509"/>
  <testcase name="run_scenario" classname="selenium_tests.Runner" time="4.088"/>
  <testcase name="run_scenario" classname="selenium_tests.Runner" time="5.459"/>
  <testcase name="run_scenario" classname="selenium_tests.Runner" time="4.6"/>
  <testcase name="run_scenario" classname="selenium_tests.Runner" time="4.307"/>
  <testcase name="run_scenario" classname="selenium_tests.Runner" time="5.579"/>
  <testcase name="run_scenario" classname="selenium_tests.Runner" time="2.573"/>
  <testcase name="run_scenario" classname="selenium_tests.Runner" time="2.028"/>
  <testcase name="run_scenario" classname="selenium_tests.Runner" time="5.299"/>
  <testcase name="run_scenario" classname="selenium_tests.Runner" time="3.743"/>
  <testcase name="run_scenario" classname="selenium_tests.Runner" time="3.757"/>
  <testcase name="run_scenario" classname="selenium_tests.Runner" time="7.069"/>
  <testcase name="run_scenario" classname="selenium_tests.Runner" time="3.851"/>
  <testcase name="run_scenario" classname="selenium_tests.Runner" time="3.856"/>
  <testcase name="run_scenario" classname="selenium_tests.Runner" time="6.213"/>
  <testcase name="run_scenario" classname="selenium_tests.Runner" time="1.748"/>
  <testcase name="run_scenario" classname="selenium_tests.Runner" time="6.478"/>
  <testcase name="run_scenario" classname="selenium_tests.Runner" time="0.235"/>
  <testcase name="run_scenario" classname="selenium_tests.Runner" time="7.368"/>
  <testcase name="run_scenario" classname="selenium_tests.Runner" time="2.071"/>
  <testcase name="run_scenario" classname="selenium_tests.Runner" time="4.948"/>
  <testcase name="run_scenario" classname="selenium_tests.Runner" time="0.641"/>
  <testcase name="run_scenario" classname="selenium_tests.Runner" time="0.667"/>
  <testcase name="run_scenario" classname="selenium_tests.Runner" time="6.177"/>
  <testcase name="run_scenario" classname="selenium_tests.Runner" time="3.368"/>
  <testcase name="run_scenario" classname="selenium_tests.Runner" time="5.246"/>
  <testcase name="run_scenario" classname="selenium_tests.Runner" time="0.136"/>
  <testcase name="run_scenario" classname="selenium_tests.Runner" time="3.291"/>
  <testcase name="run_scenario" classname="selenium_tests.Runner" time="3.571"/>
  <testcase name="run_scenario" classname="selenium_tests.Runner" time="4.993"/>
  <testcase name="run_scenario" classname="selenium_tests.Runner" time="2.857"/>
  <testcase name="run_scenario" classname="selenium_tests.Runner" time="2.618"/>
  <testcase name="run_scenario" classname="selenium_tests.Runner" time="3.294"/>
  <testcase name="run_scenario" classname="selenium_tests.Runner" time="2.009"/>
  <testcase name="run_scenario" classname="selenium_tests.Runner" time="4.87"/>
  <testcase name="run_scenario" classname="selenium_tests.Runner" time="1.167"/>
  <testcase name="run_scenario" classname="selenium_tests.Runner" time="4.013"/>
  <testcase name="run_scenario" classname="selenium_tests.Runner" time="2.292"/>
  <testcase name="run_scenario" classname="selenium_tests.Runner" time="0.135"/>
  <testcase name="run_scenario" classname="selenium_tests.Runner" time="6.053"/>
  <testcase name="run_scenario" classname="selenium_tests.Runner" time="0.858"/>
  <testcase name="run_scenario" classname="selenium_tests.Runner" time="2.357"/>
  <testcase name="run_scenario" classname="selenium_tests.Runner" time="3.16"/>
  <testcase name="run_scenario" classname="selenium_tests.Runner" time="4.134"/>
  <testcase name="run_scenario" classname="selenium_tests.Runner" time="1.021"/>
  <testcase name="run_scenario" classname="selenium_tests.Runner" time="2.71"/>
  <testcase name="run_scenario" classname="selenium_tests.Runner" time="6.28"/>
  <testcase name="run_scenario" classname="selenium_tests.Runner" time="0.756"/>
  <testcase name="run_scenario" classname="selenium_tests.Runner" time="0.636"/>
  <testcase name="run_scenario" classname="selenium_tests.Runner" time="5.299"/>
  <testcase name="run_scenario" classname="selenium_tests.Runner" time="0.251"/>
  <testcase name="run_scenario" classname="selenium_tests.Runner" time="2.903"/>
  <testcase name="run_scenario" classname="selenium_tests.Runner" time="3.411"/>
  <testcase name="run_scenario" classname="selenium_tests.Runner" time="3.567"/>
  <testcase name="run_scenario" classname="selenium_tests.Runner" time="0.556"/>
  <testcase name="run_scenario" classname="selenium_tests.Runner" time="4.757"/>
  <testcase name="run_scenario" classname="selenium_tests.Runner" time="5.636"/>
  <testcase name="run_scenario" classname="selenium_tests.Runner" time="5.421"/>
  <testcase name="run_scenario" classname="selenium_tests.Runner" time="0.511"/>
  <testcase name="run_scenario" classname="selenium_tests.Runner" time="6.243"/>
  <testcase name="run_scenario" classname="selenium_tests.Runner" time="1.762"/>
  <testcase name="run_scenario" classname="selenium_tests.Runner" time="4.211"/>
  <testcase name="run_scenario" classname="selenium_tests.Runner" time="4.514"/>
  <testcase name="run_scenario" classname="selenium_tests.Runner" time="1.23"/>
  <testcase name="run_scenario" classname="selenium_tests.Runner" time="2.671"/>
  <testcase name="run_scenario" classname="selenium_tests.Runner" time="5.677"/>
  <testcase name="run_scenario" classname="selenium_tests.Runner" time="10.076"/>
  <testcase name="run_scenario" classname="selenium_tests.Runner" time="6.828"/>
  <testcase name="run_scenario" classname="selenium_tests.Runner" time="30.228"/>
  <testcase name="run_scenario" classname="selenium_tests.Runner" time="13.724"/>
  <testcase name="run_scenario" classname="selenium_tests.Runner" time="7.112"/>
  <testcase name="run_scenario" classname="selenium_tests.Runner" time="7.507"/>
  <testcase name="run_scenario" classname="selenium_tests.Runner" time="7.375"/>
  <testcase name="run_scenario" classname="selenium_tests.Runner" time="13.182"/>
  <testcase name="run_scenario" classname="selenium_tests.Runner" time="6.184"/>
  <testcase name="run_scenario" classname="selenium_tests.Runner" time="11.722"/>
  <testcase name="run_scenario" classname="selenium_tests.Runner" time="11.9"/>
  <testcase name="run_scenario" classname="selenium_tests.Runner" time="12.074"/>
  <testcase name="run_scenario" classname="selenium_tests.Runner" time="6.413"/>
  <testcase name="run_scenario" classname="selenium_tests.Runner" time="5.327"/>
  <testcase name="run_scenario" classname="selenium_tests.Runner" time="6.428"/>
  <testcase name="run_scenario" classname="selenium_tests.Runner" time="6.573"/>
  <testcase name="run_scenario" classname="selenium_tests.Runner" time="11.604"/>
  <testcase name="run_scenario" classname="selenium_tests.Runner" time="11.999"/>
  <testcase name="run_scenario" classname="selenium_tests.Runner" time="5.299"/>
  <testcase name="run_scenario" classname="selenium_tests.Runner" time="11.337"/>
  <testcase name="run_scenario" classname="selenium_tests.Runner" time="11.379"/>
  <testcase name="run_scenario" classname="selenium_tests.Runner" time="4.832"/>
  <testcase name="run_scenario" classname="selenium_tests.Runner" time="11.578"/>
  <testcase name="run_scenario" classname="selenium_tests.Runner" time="3.132"/>
  <testcase name="run_scenario" classname="selenium_tests.Runner" time="9.582"/>
</testsuite>