<?xml version="1.0" encoding="UTF-8"?>
<testsuite xmlns:xsi="http://www.w3.org/2001/XMLSchema-instance" xsi:noNamespaceSchemaLocation="https://maven.apache.org/surefire/maven-failsafe-plugin/xsd/failsafe-test-report.xsd" name="TestSuite" time="2,170.848" tests="255" errors="0" skipped="6" failures="6">
  <properties>
[...]
</properties>
  <testcase name="run_scenario" classname="selenium_tests.Runner" time="8.61"/>
  <testcase name="run_scenario" classname="selenium_tests.Runner" time="14.065"/>
  <testcase name="run_scenario" classname="selenium_tests.Runner" time="0.695"/>
  <testcase name="run_scenario" classname="selenium_tests.Runner" time="3.519"/>
  <testcase name="run_scenario" classname="selenium_tests.Runner" time="16.628"/>
  <testcase name="run_scenario" classname="selenium_tests.Runner" time="16.864"/>
  <testcase name="run_scenario" classname="selenium_tests.Runner" time="1.634"/>
  <testcase name="run_scenario" classname="selenium_tests.Runner" time="19.088"/>
  <testcase name="run_scenario" classname="selenium_tests.Runner" time="20.017"/>
  <testcase name="run_scenario" classname="selenium_tests.Runner" time="3.229"/>
  <testcase name="run_scenario" classname="selenium_tests.Runner" time="10.304"/>
  <testcase name="run_scenario" classname="selenium_tests.Runner" time="5.858"/>
  <testcase name="run_scenario" classname="selenium_tests.Runner" time="1.999"/>
  <testcase name="run_scenario" classname="selenium_tests.Runner" time="10.991"/>
  <testcase name="run_scenario" classname="selenium_tests.Runner" time="6.321"/>
  <testcase name="run_scenario" classname="selenium_tests.Runner" time="1.671"/>
  <testcase name="run_scenario" classname="selenium_tests.Runner" time="9.954"/>
  <testcase name="run_scenario" classname="selenium_tests.Runner" time="8.252"/>
  <testcase name="run_scenario" classname="selenium_tests.Runner" time="9.006"/>
  <testcase name="run_scenario" classname="selenium_tests.Runner" time="8.463"/>
  <testcase name="run_scenario" classname="selenium_tests.Runner" time="7.878"/>
  <testcase name="run_scenario" classname="selenium_tests.Runner" time="2.337"/>
  <testcase name="run_scenario" classname="selenium_tests.Runner" time="8.924"/>
  <testcase name="run_scenario" classname="selenium_tests.Runner" time="5.486"/>
  <testcase name="run_scenario" classname="selenium_tests.Runner" time="4.079"/>
  <testcase name="run_scenario" classname="selenium_tests.Runner" time="8.575"/>
  <testcase name="run_scenario" classname="selenium_tests.Runner" time="13.456"/>
  <testcase name="run_scenario" classname="selenium_tests.Runner" time="0.456"/>
  <testcase name="run_scenario" classname="selenium_tests.Runner" time="7.507"/>
  <testcase name="run_scenario" classname="selenium_tests.Runner" time="11.87"/>
  <testcase name="run_scenario" classname="selenium_tests.Runner" time="4.063"/>
  <testcase name="run_scenario" classname="selenium_tests.Runner" time="1.296"/>
  <testcase name="run_scenario" classname="selenium_tests.Runner" time="18.559"/>
  <testcase name="run_scenario" classname="selenium_tests.Runner" time="19.36"/>
  <testcase name="run_scenario" classname="selenium_tests.Runner" time="5.254"/>
  <testcase name="run_scenario" classname="selenium_tests.Runner" time="11.286"/>
  <testcase name="run_scenario" classname="selenium_tests.Runner" time="10.676"/>
  <testcase name="run_scenario" classname="selenium_tests.Runner" time="4.058"/>
  <testcase name="run_scenario" classname="selenium_tests.Runner" time="0.248"/>
  <testcase name="run_scenario" classname="selenium_tests.Runner" time="18.079"/>
  <testcase name="run_scenario" classname="selenium_tests.Runner" time="3.137"/>
  <testcase name="run_scenario" classname="selenium_tests.Runner" time="5.009"/>
  <testcase name="run_scenario" classname="selenium_tests.Runner" time="11.019"/>
  <testcase name="run_scenario" classname="selenium_tests.Runner" time="6.527"/>
  <testcase name="run_scenario" classname="selenium_tests.Runner" time="10.466"/>
  <testcase name="run_scenario" classname="selenium_tests.Runner" time="3.802"/>
  <testcase name="run_scenario" classname="selenium_tests.Runner" time="8.181"/>
  <testcase name="run_scenario" classname="selenium_tests.Runner" time="12.379"/>
  <testcase name="run_scenario" classname="selenium_tests.Runner" time="1.423"/>
  <testcase name="run_scenario" classname="selenium_tests.Runner" time="3.292"/>
  <testcase name="run_scenario" classname="selenium_tests.Runner" time="14.236"/>
  <testcase name="run_scenario" classname="selenium_tests.Runner" time="2.217"/>
  <testcase name="run_scenario" classname="selenium_tests.Runner" time="7.932"/>
  <testcase name="run_scenario" classname="selenium_tests.Runner" time="0.475"/>
  <testcase name="run_scenario" classname="selenium_tests.Runner" time="6.968"/>
  <testcase name="run_scenario" classname="selenium_tests.Runner" time="16.862"/>
  <testcase name="run_scenario" classname="selenium_tests.Runner" time="0.394"/>
  <testcase name="run_scenario" classname="selenium_tests.Runner" time="1.002"/>
  <testcase name="run_scenario" classname="selenium_tests.Runner" time="14.879"/>
  <testcase name="run_scenario" classname="selenium_tests.Runner" time="5.5"/>
  <testcase name="run_scenario" classname="selenium_tests.Runner" time="1.84"/>
  <testcase name="run_scenario" classname="selenium_tests.Runner" time="3.528"/>
  <testcase name="run_scenario" classname="selenium_tests.Runner" time="18.235"/>
  <testcase name="run_scenario" classname="selenium_tests.Runner" time="2.537"/>
  <testcase name="run_scenario" classname="selenium_tests.Runner" time="5.242"/>
  <testcase name="run_scenario" classname="selenium_tests.Runner" time="14.08"/>
  <testcase name="run_scenario" classname="selenium_tests.Runner" time="3.64"/>
  <testcase name="run_scenario" classname="selenium_tests.Runner" time="10.58"/>
  <testcase name="run_scenario" classname="selenium_tests.Runner" time="6.983"/>
  <testcase name="run_scenario" classname="selenium_tests.Runner" time="1.671"/>
  <testcase name="run_scenario" classname="selenium_tests.Runner" time="8.246"/>
  <testcase name="run_scenario" classname="selenium_tests.Runner" time="11.33"/>
  <testcase name="run_scenario" classname="selenium_tests.Runner" time="0.524"/>
  <testcase name="run_scenario" classname="selenium_tests.Runner" time="19.964"/>
  <testcase name="run_scenario" classname="selenium_tests.Runner" time="2.449"/>
  <testcase name="run_scenario" classname="selenium_tests.Runner" time="2.218"/>
  <testcase name="run_scenario" classname="selenium_tests.Runner" time="0">
    <skipped message="cucumber.api.PendingException: TODO: implement me&#10;	at selenium_tests.feature_steps.Steps_basket_feature.adds_product_to_basket(Steps_basket_feature.java:41)&#10;	at ✽.adds product to basket(src/test/resources/Features/TestSuite_basket.feature:14)&#10;"/>
    <system-out><![CDATA[[Skipping next scenerio step/s] This item is not available online to add to basket
]]></system-out>
  </testcase>
  <testcase name="run_scenario" classname="selenium_tests.Runner" time="3.751"/>
  <testcase name="run_scenario" classname="selenium_tests.Runner" time="18.739"/>
  <testcase name="run_scenario" classname="selenium_tests.Runner" time="2.737"/>
  <testcase name="run_scenario" classname="selenium_tests.Runner" time="6.375"/>
  <testcase name="run_scenario" classname="selenium_tests.Runner" time="0">
    <skipped message="cucumber.api.PendingException: TODO: implement me&#10;	at selenium_tests.feature_steps.Steps_basket_feature.adds_product_to_basket(Steps_basket_feature.java:41)&#10;	at ✽.adds product to basket(src/test/resources/Features/TestSuite_basket.feature:14)&#10;"/>
    <system-out><![CDATA[[Skipping next scenerio step/s] This item is not available online to add to basket
]]></system-out>
  </testcase>
  <testcase name="run_scenario" classname="selenium_tests.Runner" time="14.942"/>
  <testcase name="run_scenario" classname="selenium_tests.Runner" time="7.162"/>
  <testcase name="run_scenario" classname="selenium_tests.Runner" time="2.261"/>
  <testcase name="run_scenario" classname="selenium_tests.Runner" time="22.549"/>
  <testcase name="run_scenario" classname="selenium_tests.Runner" time="3.771"/>
  <testcase name="run_scenario" classname="selenium_tests.Runner" time="3.076"/>
  <testcase name="run_scenario" classname="selenium_tests.Runner" time="14.047"/>
  <testcase name="run_scenario" classname="selenium_tests.Runner" time="10.975"/>
  <testcase name="run_scenario" classname="selenium_tests.Runner" time="5.15"/>
  <testcase name="run_scenario" classname="selenium_tests.Runner" time="3.32"/>
  <testcase name="run_scenario" classname="selenium_tests.Runner" time="8.59"/>
  <testcase name="run_scenario" classname="selenium_tests.Runner" time="8.155"/>
  <testcase name="run_scenario" classname="selenium_tests.Runner" time="8.301"/>
  <testcase name="run_scenario" classname="selenium_tests.Runner" time="8.438"/>
  <testcase name="run_scenario" classname="selenium_tests.Runner" time="0">
    <skipped message="Element is obscured (WARNING: The server did not provide any stacktrace information)&#10;Command duration or timeout: 0 milliseconds&#10;Build info: version: &apos;3.12.0&apos;, revision: &apos;7c6e0b3&apos;, time: &apos;2018-05-08T14:04:26.12Z&apos;&#10;System info: host: &apos;DESKTOP-KQS99BN&apos;, ip: &apos;192.168.0.17&apos;, os.name: &apos;Windows 10&apos;, os.arch: &apos;amd64&apos;, os.version: &apos;10.0&apos;, java.version: &apos;1.8.0_161&apos;&#10;Driver info: org.openqa.selenium.edge.EdgeDriver&#10;Capabilities {InPrivate: false, acceptSslCerts: true, applicationCacheEnabled: true, browserName: MicrosoftEdge, browserVersion: 42.17134.1.0, javascriptEnabled: true, locationContextEnabled: true, pageLoadStrategy: normal, platform: WINDOWS, platformName: WINDOWS, platformVersion: 10, takesElementScreenshot: true, takesScreenshot: true, webStorageEnabled: true}&#10;Session ID: 732DE77E-7B2F-4B43-A3EA-A1B4C23794CC"/>
    <system-out><![CDATA[[Warning]
Invalid argument (WARNING: The server did not provide any stacktrace information)
Command duration or timeout: 0 milliseconds
Build info: version: '3.12.0', revision: '7c6e0b3', time: '2018-05-08T14:04:26.12Z'
System info: host: 'DESKTOP-KQS99BN', ip: '192.168.0.17', os.name: 'Windows 10', os.arch: 'amd64', os.version: '10.0', java.version: '1.8.0_161'
Driver info: org.openqa.selenium.edge.EdgeDriver
Capabilities {InPrivate: false, acceptSslCerts: true, applicationCacheEnabled: true, browserName: MicrosoftEdge, browserVersion: 42.17134.1.0, javascriptEnabled: true, locationContextEnabled: true, pageLoadStrategy: normal, platform: WINDOWS, platformName: WINDOWS, platformVersion: 10, takesElementScreenshot: true, takesScreenshot: true, webStorageEnabled: true}
Session ID: 732DE77E-7B2F-4B43-A3EA-A1B4C23794CC

[Continuing test scenerio]
Selenium will fail if normal execution flow is impacted

==============================================
[Test ID]
Customer views basket with x2 products, totalling x4 quantity then removes 1st product

[Failed URL]
http://www.argos.co.uk/search/xbox/

[Page Title]
Results for xbox

[Environment]
windows_edge

[Screenshot ands logs found here]
C:/Users/workpeter/Documents/Eclipse-workspace/cucumber-selenium-framework/target/error-log/test-failures/windows-edge_3db7bdd6-2382-4879-8076-2512e282f52b

[Stack trace]
org.openqa.selenium.WebDriverException: Element is obscured (WARNING: The server did not provide any stacktrace information)
Command duration or timeout: 0 milliseconds
Build info: version: '3.12.0', revision: '7c6e0b3', time: '2018-05-08T14:04:26.12Z'
System info: host: 'DESKTOP-KQS99BN', ip: '192.168.0.17', os.name: 'Windows 10', os.arch: 'amd64', os.version: '10.0', java.version: '1.8.0_161'
Driver info: org.openqa.selenium.edge.EdgeDriver
Capabilities {InPrivate: false, acceptSslCerts: true, applicationCacheEnabled: true, browserName: MicrosoftEdge, browserVersion: 42.17134.1.0, javascriptEnabled: true, locationContextEnabled: true, pageLoadStrategy: normal, platform: WINDOWS, platformName: WINDOWS, platformVersion: 10, takesElementScreenshot: true, takesScreenshot: true, webStorageEnabled: true}
Session ID: 732DE77E-7B2F-4B43-A3EA-A1B4C23794CC
	at sun.reflect.NativeConstructorAccessorImpl.newInstance0(Native Method)
	at sun.reflect.NativeConstructorAccessorImpl.newInstance(NativeConstructorAccessorImpl.java:62)
	at sun.reflect.DelegatingConstructorAccessorImpl.newInstance(DelegatingConstructorAccessorImpl.java:45)
	at java.lang.reflect.Constructor.newInstance(Constructor.java:423)
	at org.openqa.selenium.remote.ErrorHandler.createThrowable(ErrorHandler.java:214)
	at org.openqa.selenium.remote.ErrorHandler.throwIfResponseFailed(ErrorHandler.java:166)
	at org.openqa.selenium.remote.http.JsonHttpResponseCodec.reconstructValue(JsonHttpResponseCodec.java:40)
	at org.openqa.selenium.remote.http.AbstractHttpResponseCodec.decode(AbstractHttpResponseCodec.java:80)
	at org.openqa.selenium.remote.http.AbstractHttpResponseCodec.decode(AbstractHttpResponseCodec.java:44)
	at org.openqa.selenium.remote.HttpCommandExecutor.execute(HttpCommandExecutor.java:158)
	at org.openqa.selenium.remote.service.DriverCommandExecutor.execute(DriverCommandExecutor.java:83)
	at org.openqa.selenium.remote.RemoteWebDriver.execute(RemoteWebDriver.java:543)
	at org.openqa.selenium.remote.RemoteWebElement.execute(RemoteWebElement.java:276)
	at org.openqa.selenium.remote.RemoteWebElement.click(RemoteWebElement.java:83)
	at selenium_tests.Webdriver_builder$Enhanced_selenium_methods.click(Webdriver_builder.java:421)
	at selenium_tests.Webdriver_builder$Enhanced_selenium_methods.click(Webdriver_builder.java:413)
	at selenium_tests.feature_steps.Steps_basket_feature.adds_first_product_to_basket_x_quantity(Steps_basket_feature.java:64)
	at ?.adds first product to basket x2 quantity(src/test/resources/Features/TestSuite_basket.feature:64)


]]></system-out>
  </testcase>
  <testcase name="run_scenario" classname="selenium_tests.Runner" time="14.505"/>
  <testcase name="run_scenario" classname="selenium_tests.Runner" time="9.393"/>
  <testcase name="run_scenario" classname="selenium_tests.Runner" time="0">
    <skipped message="cucumber.api.PendingException: TODO: implement me&#10;	at selenium_tests.feature_steps.Steps_basket_feature.adds_product_to_basket(Steps_basket_feature.java:41)&#10;	at ✽.adds product to basket(src/test/resources/Features/TestSuite_basket.feature:14)&#10;"/>
    <system-out><![CDATA[[Skipping next scenerio step/s] This item is not available online to add to basket
]]></system-out>
  </testcase>
  <testcase name="run_scenario" classname="selenium_tests.Runner" time="7.081">
    <failure message="For input string: &quot;&quot;" type="java.lang.NumberFormatException">java.lang.NumberFormatException: For input string: ""
</failure>
    <system-out><![CDATA[[Warning]
Expected condition failed: waiting for visibility of element located by By.xpath: //select[starts-with(@id,'quantity')] (tried for 15 second(s) with 500 milliseconds interval)
Build info: version: '3.12.0', revision: '7c6e0b3', time: '2018-05-08T14:04:26.12Z'
System info: host: 'DESKTOP-KQS99BN', ip: '192.168.0.17', os.name: 'Windows 10', os.arch: 'amd64', os.version: '10.0', java.version: '1.8.0_161'
Driver info: org.openqa.selenium.chrome.ChromeDriver
Capabilities {acceptInsecureCerts: true, acceptSslCerts: true, applicationCacheEnabled: false, browserConnectionEnabled: false, browserName: chrome, chrome: {chromedriverVersion: 70.0.3538.16 (16ed95b41bb05..., userDataDir: C:\Users\WORKPE~1\AppData\L...}, cssSelectorsEnabled: true, databaseEnabled: false, goog:chromeOptions: {debuggerAddress: localhost:56820}, handlesAlerts: true, hasTouchScreen: false, javascriptEnabled: true, locationContextEnabled: true, mobileEmulationEnabled: false, nativeEvents: true, networkConnectionEnabled: false, pageLoadStrategy: normal, platform: XP, platformName: XP, rotatable: false, setWindowRect: true, takesHeapSnapshot: true, takesScreenshot: true, unexpectedAlertBehaviour: accept, unhandledPromptBehavior: accept, version: 69.0.3497.100, webStorageEnabled: true}
Session ID: 6b490ebe86d2cd79758b213132402aae

[Continuing test scenerio]
Selenium will fail if normal execution flow is impacted

==============================================
[Test ID]
Customer views basket with x2 products, totalling x4 quantity then removes 1st product

[Failed URL]
https://www.argos.co.uk/basket?rt=async&storeId=10151&GiftMode=Reset&action=OrderItemDisplay%3FstoreId%3D10151&langId=110

[Page Title]
Trolley

[Environment]
windows_chrome

[Screenshot ands logs found here]
C:/Users/workpeter/Documents/Eclipse-workspace/cucumber-selenium-framework/target/error-log/test-failures/windows-chrome_52747e7c-a1e0-4d2c-a331-73c4dc76faa4

[Stack trace]
java.lang.NumberFormatException: For input string: ""
	at java.lang.NumberFormatException.forInputString(NumberFormatException.java:65)
	at java.lang.Integer.parseInt(Integer.java:592)
	at java.lang.Integer.valueOf(Integer.java:766)
	at selenium_tests.feature_steps.Steps_basket_feature.basket_with_products_and_quantity_is_shown(Steps_basket_feature.java:163)
	at ?.basket with 1 products and 2 quantity is shown(src/test/resources/Features/TestSuite_basket.feature:69)


]]></system-out>
  </testcase>
  <testcase name="run_scenario" classname="selenium_tests.Runner" time="6.65"/>
  <testcase name="run_scenario" classname="selenium_tests.Runner" time="16.08"/>
  <testcase name="run_scenario" classname="selenium_tests.Runner" time="0">
    <skipped message="Element is obscured (WARNING: The server did not provide any stacktrace information)&#10;Command duration or timeout: 0 milliseconds&#10;Build info: version: &apos;3.12.0&apos;, revision: &apos;7c6e0b3&apos;, time: &apos;2018-05-08T14:04:26.12Z&apos;&#10;System info: host: &apos;DESKTOP-KQS99BN&apos;, ip: &apos;192.168.0.17&apos;, os.name: &apos;Windows 10&apos;, os.arch: &apos;amd64&apos;, os.version: &apos;10.0&apos;, java.version: &apos;1.8.0_161&apos;&#10;Driver info: org.openqa.selenium.edge.EdgeDriver&#10;Capabilities {InPrivate: false, acceptSslCerts: true, applicationCacheEnabled: true, browserName: MicrosoftEdge, browserVersion: 42.17134.1.0, javascriptEnabled: true, locationContextEnabled: true, pageLoadStrategy: normal, platform: WINDOWS, platformName: WINDOWS, platformVersion: 10, takesElementScreenshot: true, takesScreenshot: true, webStorageEnabled: true}&#10;Session ID: 732DE77E-7B2F-4B43-A3EA-A1B4C23794CC"/>
    <system-out><![CDATA[==============================================
[Test ID]
Customer views basket with x2 products, totalling x4 quantity then removes 1st product

[Failed URL]
http://www.argos.co.uk/product/tuc133895160

[Page Title]
Buy Black Skinny Jeans - 12 | Jeans | Argos

[Environment]
windows_edge

[Screenshot ands logs found here]
C:/Users/workpeter/Documents/Eclipse-workspace/cucumber-selenium-framework/target/error-log/test-failures/windows-edge_afaf1fba-6bf8-4578-922c-183787725e38

[Stack trace]
org.openqa.selenium.WebDriverException: Element is obscured (WARNING: The server did not provide any stacktrace information)
Command duration or timeout: 0 milliseconds
Build info: version: '3.12.0', revision: '7c6e0b3', time: '2018-05-08T14:04:26.12Z'
System info: host: 'DESKTOP-KQS99BN', ip: '192.168.0.17', os.name: 'Windows 10', os.arch: 'amd64', os.version: '10.0', java.version: '1.8.0_161'
Driver info: org.openqa.selenium.edge.EdgeDriver
Capabilities {InPrivate: false, acceptSslCerts: true, applicationCacheEnabled: true, browserName: MicrosoftEdge, browserVersion: 42.17134.1.0, javascriptEnabled: true, locationContextEnabled: true, pageLoadStrategy: normal, platform: WINDOWS, platformName: WINDOWS, platformVersion: 10, takesElementScreenshot: true, takesScreenshot: true, webStorageEnabled: true}
Session ID: 732DE77E-7B2F-4B43-A3EA-A1B4C23794CC
	at sun.reflect.NativeConstructorAccessorImpl.newInstance0(Native Method)
	at sun.reflect.NativeConstructorAccessorImpl.newInstance(NativeConstructorAccessorImpl.java:62)
	at sun.reflect.DelegatingConstructorAccessorImpl.newInstance(DelegatingConstructorAccessorImpl.java:45)
	at java.lang.reflect.Constructor.newInstance(Constructor.java:423)
	at org.openqa.selenium.remote.ErrorHandler.createThrowable(ErrorHandler.java:214)
	at org.openqa.selenium.remote.ErrorHandler.throwIfResponseFailed(ErrorHandler.java:166)
	at org.openqa.selenium.remote.http.JsonHttpResponseCodec.reconstructValue(JsonHttpResponseCodec.java:40)
	at org.openqa.selenium.remote.http.AbstractHttpResponseCodec.decode(AbstractHttpResponseCodec.java:80)
	at org.openqa.selenium.remote.http.AbstractHttpResponseCodec.decode(AbstractHttpResponseCodec.java:44)
	at org.openqa.selenium.remote.HttpCommandExecutor.execute(HttpCommandExecutor.java:158)
	at org.openqa.selenium.remote.service.DriverCommandExecutor.execute(DriverCommandExecutor.java:83)
	at org.openqa.selenium.remote.RemoteWebDriver.execute(RemoteWebDriver.java:543)
	at org.openqa.selenium.remote.RemoteWebElement.execute(RemoteWebElement.java:276)
	at org.openqa.selenium.remote.RemoteWebElement.click(RemoteWebElement.java:83)
	at selenium_tests.Webdriver_builder$Enhanced_selenium_methods.click(Webdriver_builder.java:421)
	at selenium_tests.feature_steps.Steps_basket_feature.adds_product_to_basket(Steps_basket_feature.java:37)
	at selenium_tests.feature_steps.Steps_basket_feature.adds_second_product_to_basket_x_quantity(Steps_basket_feature.java:94)
	at ?.adds second product to basket x2 quantity(src/test/resources/Features/TestSuite_basket.feature:65)


]]></system-out>
  </testcase>
  <testcase name="run_scenario" classname="selenium_tests.Runner" time="7.373">
    <failure message="For input string: &quot;&quot;" type="java.lang.NumberFormatException">java.lang.NumberFormatException: For input string: ""
</failure>
    <system-out><![CDATA[[Warning]
Expected condition failed: waiting for visibility of element located by By.xpath: //select[starts-with(@id,'quantity')] (tried for 15 second(s) with 500 milliseconds interval)
Build info: version: '3.12.0', revision: '7c6e0b3', time: '2018-05-08T14:04:26.12Z'
System info: host: 'DESKTOP-KQS99BN', ip: '192.168.0.17', os.name: 'Windows 10', os.arch: 'amd64', os.version: '10.0', java.version: '1.8.0_161'
Driver info: org.openqa.selenium.chrome.ChromeDriver
Capabilities {acceptInsecureCerts: true, acceptSslCerts: true, applicationCacheEnabled: false, browserConnectionEnabled: false, browserName: chrome, chrome: {chromedriverVersion: 70.0.3538.16 (16ed95b41bb05..., userDataDir: C:\Users\WORKPE~1\AppData\L...}, cssSelectorsEnabled: true, databaseEnabled: false, goog:chromeOptions: {debuggerAddress: localhost:56820}, handlesAlerts: true, hasTouchScreen: false, javascriptEnabled: true, locationContextEnabled: true, mobileEmulationEnabled: false, nativeEvents: true, networkConnectionEnabled: false, pageLoadStrategy: normal, platform: XP, platformName: XP, rotatable: false, setWindowRect: true, takesHeapSnapshot: true, takesScreenshot: true, unexpectedAlertBehaviour: accept, unhandledPromptBehavior: accept, version: 69.0.3497.100, webStorageEnabled: true}
Session ID: 6b490ebe86d2cd79758b213132402aae

[Continuing test scenerio]
Selenium will fail if normal execution flow is impacted

==============================================
[Test ID]
Customer views basket with x2 products, totalling x4 quantity then removes 1st product

[Failed URL]
https://www.argos.co.uk/basket?rt=async&storeId=10151&GiftMode=Reset&action=OrderItemDisplay%3FstoreId%3D10151&langId=110

[Page Title]
Trolley

[Environment]
windows_chrome

[Screenshot ands logs found here]
C:/Users/workpeter/Documents/Eclipse-workspace/cucumber-selenium-framework/target/error-log/test-failures/windows-chrome_299ed929-c1e4-4fe8-a7d9-020a0a6e86a2

[Stack trace]
java.lang.NumberFormatException: For input string: ""
	at java.lang.NumberFormatException.forInputString(NumberFormatException.java:65)
	at java.lang.Integer.parseInt(Integer.java:592)
	at java.lang.Integer.valueOf(Integer.java:766)
	at selenium_tests.feature_steps.Steps_basket_feature.basket_with_products_and_quantity_is_shown(Steps_basket_feature.java:163)
	at ?.basket with 1 products and 2 quantity is shown(src/test/resources/Features/TestSuite_basket.feature:69)


]]></system-out>
  </testcase>
  <testcase name="run_scenario" classname="selenium_tests.Runner" time="7.649"/>
  <testcase name="run_scenario" classname="selenium_tests.Runner" time="1.665"/>
  <testcase name="run_scenario" classname="selenium_tests.Runner" time="7.972"/>
  <testcase name="run_scenario" classname="selenium_tests.Runner" time="8.468"/>
  <testcase name="run_scenario" classname="selenium_tests.Runner" time="8.369"/>
  <testcase name="run_scenario" classname="selenium_tests.Runner" time="9.38"/>
  <testcase name="run_scenario" classname="selenium_tests.Runner" time="9.92"/>
  <testcase name="run_scenario" classname="selenium_tests.Runner" time="8.009"/>
  <testcase name="run_scenario" classname="selenium_tests.Runner" time="1.141"/>
  <testcase name="run_scenario" classname="selenium_tests.Runner" time="6.125"/>
  <testcase name="run_scenario" classname="selenium_tests.Runner" time="9.139"/>
  <testcase name="run_scenario" classname="selenium_tests.Runner" time="3.048">
    <failure message="For input string: &quot;&quot;" type="java.lang.NumberFormatException">java.lang.NumberFormatException: For input string: ""
</failure>
    <system-out><![CDATA[[Warning]
Expected condition failed: waiting for visibility of element located by By.xpath: //select[starts-with(@id,'quantity')] (tried for 15 second(s) with 500 milliseconds interval)
Build info: version: '3.12.0', revision: '7c6e0b3', time: '2018-05-08T14:04:26.12Z'
System info: host: 'DESKTOP-KQS99BN', ip: '192.168.0.17', os.name: 'Windows 10', os.arch: 'amd64', os.version: '10.0', java.version: '1.8.0_161'
Driver info: org.openqa.selenium.chrome.ChromeDriver
Capabilities {acceptInsecureCerts: true, acceptSslCerts: true, applicationCacheEnabled: false, browserConnectionEnabled: false, browserName: chrome, chrome: {chromedriverVersion: 70.0.3538.16 (16ed95b41bb05..., userDataDir: C:\Users\WORKPE~1\AppData\L...}, cssSelectorsEnabled: true, databaseEnabled: false, goog:chromeOptions: {debuggerAddress: localhost:56820}, handlesAlerts: true, hasTouchScreen: false, javascriptEnabled: true, locationContextEnabled: true, mobileEmulationEnabled: false, nativeEvents: true, networkConnectionEnabled: false, pageLoadStrategy: normal, platform: XP, platformName: XP, rotatable: false, setWindowRect: true, takesHeapSnapshot: true, takesScreenshot: true, unexpectedAlertBehaviour: accept, unhandledPromptBehavior: accept, version: 69.0.3497.100, webStorageEnabled: true}
Session ID: 6b490ebe86d2cd79758b213132402aae

[Continuing test scenerio]
Selenium will fail if normal execution flow is impacted

==============================================
[Test ID]
Customer views basket with x2 products, totalling x4 quantity then removes 1st product

[Failed URL]
https://www.argos.co.uk/basket?rt=async&storeId=10151&GiftMode=Reset&action=OrderItemDisplay%3FstoreId%3D10151&langId=110

[Page Title]
Trolley

[Environment]
windows_chrome

[Screenshot ands logs found here]
C:/Users/workpeter/Documents/Eclipse-workspace/cucumber-selenium-framework/target/error-log/test-failures/windows-chrome_50f0c31d-cf41-47bf-9292-ceb2a49a6a37

[Stack trace]
java.lang.NumberFormatException: For input string: ""
	at java.lang.NumberFormatException.forInputString(NumberFormatException.java:65)
	at java.lang.Integer.parseInt(Integer.java:592)
	at java.lang.Integer.valueOf(Integer.java:766)
	at selenium_tests.feature_steps.Steps_basket_feature.basket_with_products_and_quantity_is_shown(Steps_basket_feature.java:163)
	at ?.basket with 1 products and 2 quantity is shown(src/test/resources/Features/TestSuite_basket.feature:69)


]]></system-out>
  </testcase>
  <testcase name="run_scenario" classname="selenium_tests.Runner" time="8.02"/>
  <testcase name="run_scenario" classname="selenium_tests.Runner" time="0.239"/>
  <testcase name="run_scenario" classname="selenium_tests.Runner" time="1.092"/>
  <testcase name="run_scenario" classname="selenium_tests.Runner" time="7.677"/>
  <testcase name="run_scenario" classname="selenium_tests.Runner" time="8.699"/>
  <testcase name="run_scenario" classname="selenium_tests.Runner" time="9.257"/>
  <testcase name="run_scenario" classname="selenium_tests.Runner" time="9.568"/>
  <testcase name="run_scenario" classname="selenium_tests.Runner" time="6.032"/>
  <testcase name="run_scenario" classname="selenium_tests.Runner" time="2.76"/>
  <testcase name="run_scenario" classname="selenium_tests.Runner" time="0.191"/>
  <testcase name="run_scenario" classname="selenium_tests.Runner" time="4.248"/>
  <testcase name="run_scenario" classname="selenium_tests.Runner" time="7.354"/>
  <testcase name="run_scenario" classname="selenium_tests.Runner" time="0.356"/>
  <testcase name="run_scenario" classname="selenium_tests.Runner" time="6.43"/>
  <testcase name="run_scenario" classname="selenium_tests.Runner" time="2.315"/>
  <testcase name="run_scenario" classname="selenium_tests.Runner" time="3.733"/>
  <testcase name="run_scenario" classname="selenium_tests.Runner" time="5.909"/>
  <testcase name="run_scenario" classname="selenium_tests.Runner" time="2.588"/>
  <testcase name="run_scenario" classname="selenium_tests.Runner" time="4.67"/>
  <testcase name="run_scenario" classname="selenium_tests.Runner" time="8.068"/>
  <testcase name="run_scenario" classname="selenium_tests.Runner" time="3.898"/>
  <testcase name="run_scenario" classname="selenium_tests.Runner" time="7.69"/>
  <testcase name="run_scenario" classname="selenium_tests.Runner" time="4.066"/>
  <testcase name="run_scenario" classname="selenium_tests.Runner" time="7.136"/>
  <testcase name="run_scenario" classname="selenium_tests.Runner" time="4.602"/>
  <testcase name="run_scenario" classname="selenium_tests.Runner" time="6.192"/>
  <testcase name="run_scenario" classname="selenium_tests.Runner" time="3.992"/>
  <testcase name="run_scenario" classname="selenium_tests.Runner" time="5.361"/>
  <testcase name="run_scenario" classname="selenium_tests.Runner" time="2.805">
    <failure message="For input string: &quot;&quot;" type="java.lang.NumberFormatException">java.lang.NumberFormatException: For input string: ""
</failure>
    <system-out><![CDATA[[Warning]
Expected condition failed: waiting for visibility of element located by By.xpath: //select[starts-with(@id,'quantity')] (tried for 15 second(s) with 500 milliseconds interval)
Build info: version: '3.12.0', revision: '7c6e0b3', time: '2018-05-08T14:04:26.12Z'
System info: host: 'DESKTOP-KQS99BN', ip: '192.168.0.17', os.name: 'Windows 10', os.arch: 'amd64', os.version: '10.0', java.version: '1.8.0_161'
Driver info: org.openqa.selenium.firefox.FirefoxDriver
Capabilities {acceptInsecureCerts: true, browserName: firefox, browserVersion: 62.0.2, javascriptEnabled: true, moz:accessibilityChecks: false, moz:geckodriverVersion: 0.23.0, moz:headless: false, moz:processID: 20100, moz:profile: C:\Users\workpeter\AppData\..., moz:useNonSpecCompliantPointerOrigin: false, moz:webdriverClick: true, pageLoadStrategy: normal, platform: XP, platformName: XP, platformVersion: 10.0, rotatable: false, timeouts: {implicit: 0, pageLoad: 300000, script: 30000}}
Session ID: 357ba39b-f67a-4554-ae90-7451395f9097

[Continuing test scenerio]
Selenium will fail if normal execution flow is impacted

==============================================
[Test ID]
Customer views basket with x2 products, totalling x4 quantity then removes 1st product

[Failed URL]
https://www.argos.co.uk/basket?rt=async&storeId=10151&GiftMode=Reset&action=OrderItemDisplay%3FstoreId%3D10151&langId=110

[Page Title]
Trolley

[Environment]
windows_firefox

[Screenshot ands logs found here]
C:/Users/workpeter/Documents/Eclipse-workspace/cucumber-selenium-framework/target/error-log/test-failures/windows-firefox_64b0c302-a7e1-47bb-ba90-f6c261ae29f8

[Stack trace]
java.lang.NumberFormatException: For input string: ""
	at java.lang.NumberFormatException.forInputString(NumberFormatException.java:65)
	at java.lang.Integer.parseInt(Integer.java:592)
	at java.lang.Integer.valueOf(Integer.java:766)
	at selenium_tests.feature_steps.Steps_basket_feature.basket_with_products_and_quantity_is_shown(Steps_basket_feature.java:163)
	at ?.basket with 1 products and 2 quantity is shown(src/test/resources/Features/TestSuite_basket.feature:69)


]]></system-out>
  </testcase>
  <testcase name="run_scenario" classname="selenium_tests.Runner" time="4.511"/>
  <testcase name="run_scenario" classname="selenium_tests.Runner" time="3.613"/>
  <testcase name="run_scenario" classname="selenium_tests.Runner" time="10.807"/>
  <testcase name="run_scenario" classname="selenium_tests.Runner" time="13.012"/>
  <testcase name="run_scenario" classname="selenium_tests.Runner" time="8.929"/>
  <testcase name="run_scenario" classname="selenium_tests.Runner" time="2.68"/>
  <testcase name="run_scenario" classname="selenium_tests.Runner" time="7.423"/>
  <testcase name="run_scenario" classname="selenium_tests.Runner" time="3.884"/>
  <testcase name="run_scenario" classname="selenium_tests.Runner" time="7.362"/>
  <testcase name="run_scenario" classname="selenium_tests.Runner" time="5.543"/>
  <testcase name="run_scenario" classname="selenium_tests.Runner" time="4.331"/>
  <testcase name="run_scenario" classname="selenium_tests.Runner" time="8.675"/>
  <testcase name="run_scenario" classname="selenium_tests.Runner" time="7.032"/>
  <testcase name="run_scenario" classname="selenium_tests.Runner" time="9.088"/>
  <testcase name="run_scenario" classname="selenium_tests.Runner" time="0">
    <skipped message="Expected condition failed: waiting for presence of element located by: By.xpath: //a[@href=&quot;/browse/baby-and-nursery/safety-and-health/c:29003/&quot;] (tried for 15 second(s) with 500 milliseconds interval)"/>
    <system-out><![CDATA[==============================================
[Test ID]
customer navigates to subcategory via category menu hover feature then goes to niche-category

[Failed URL]
http://www.argos.co.uk/

[Page Title]
Argos | Same Day Delivery or Faster In-Store Collection

[Environment]
windows_chrome

[Screenshot ands logs found here]
C:/Users/workpeter/Documents/Eclipse-workspace/cucumber-selenium-framework/target/error-log/test-failures/windows-chrome_c6d249fc-a969-4020-834b-636deb549dfb

[Stack trace]
org.openqa.selenium.TimeoutException: Expected condition failed: waiting for presence of element located by: By.xpath: //a[@href="/browse/baby-and-nursery/safety-and-health/c:29003/"] (tried for 15 second(s) with 500 milliseconds interval)
	at org.openqa.selenium.support.ui.WebDriverWait.timeoutException(WebDriverWait.java:81)
	at org.openqa.selenium.support.ui.FluentWait.until(FluentWait.java:271)
	at selenium_tests.Webdriver_builder$Enhanced_selenium_methods.wait_until_exists(Webdriver_builder.java:533)
	at selenium_tests.Webdriver_builder$Enhanced_selenium_methods.move_to_element(Webdriver_builder.java:749)
	at selenium_tests.Webdriver_builder$Enhanced_selenium_methods.click(Webdriver_builder.java:419)
	at selenium_tests.Webdriver_builder$Enhanced_selenium_methods.click(Webdriver_builder.java:413)
	at selenium_tests.feature_steps.Steps_categorySearch_feature.clicks_on_a_sub_category(Steps_categorySearch_feature.java:71)
	at ?.clicks on sub-category: safety and health(src/test/resources/Features/TestSuite_categorySearch.feature:26)
Caused by: org.openqa.selenium.NoSuchElementException: Cannot locate an element using By.xpath: //a[@href="/browse/baby-and-nursery/safety-and-health/c:29003/"]
For documentation on this error, please visit: http://seleniumhq.org/exceptions/no_such_element.html
Build info: version: '3.12.0', revision: '7c6e0b3', time: '2018-05-08T14:04:26.12Z'
System info: host: 'DESKTOP-KQS99BN', ip: '192.168.0.17', os.name: 'Windows 10', os.arch: 'amd64', os.version: '10.0', java.version: '1.8.0_161'
Driver info: driver.version: unknown
	at org.openqa.selenium.support.ui.ExpectedConditions.lambda$findElement$0(ExpectedConditions.java:896)
	at java.util.Optional.orElseThrow(Optional.java:290)
	at org.openqa.selenium.support.ui.ExpectedConditions.findElement(ExpectedConditions.java:895)
	at org.openqa.selenium.support.ui.ExpectedConditions.access$000(ExpectedConditions.java:44)
	at org.openqa.selenium.support.ui.ExpectedConditions$6.apply(ExpectedConditions.java:183)
	at org.openqa.selenium.support.ui.ExpectedConditions$6.apply(ExpectedConditions.java:180)
	at org.openqa.selenium.support.ui.FluentWait.until(FluentWait.java:248)
	at selenium_tests.Webdriver_builder$Enhanced_selenium_methods.wait_until_exists(Webdriver_builder.java:533)
	at selenium_tests.Webdriver_builder$Enhanced_selenium_methods.move_to_element(Webdriver_builder.java:749)
	at selenium_tests.Webdriver_builder$Enhanced_selenium_methods.click(Webdriver_builder.java:419)
	at selenium_tests.Webdriver_builder$Enhanced_selenium_methods.click(Webdriver_builder.java:413)
	at selenium_tests.feature_steps.Steps_categorySearch_feature.clicks_on_a_sub_category(Steps_categorySearch_feature.java:71)
	at sun.reflect.GeneratedMethodAccessor29.invoke(Unknown Source)
	at sun.reflect.DelegatingMethodAccessorImpl.invoke(DelegatingMethodAccessorImpl.java:43)
	at java.lang.reflect.Method.invoke(Method.java:498)
	at cucumber.runtime.Utils$1.call(Utils.java:26)
	at cucumber.runtime.Timeout.timeout(Timeout.java:16)
	at cucumber.runtime.Utils.invoke(Utils.java:20)
	at cucumber.runtime.java.JavaStepDefinition.execute(JavaStepDefinition.java:48)
	at cucumber.runtime.PickleStepDefinitionMatch.runStep(PickleStepDefinitionMatch.java:50)
	at cucumber.runner.TestStep.executeStep(TestStep.java:55)
	at cucumber.runner.TestStep.run(TestStep.java:42)
	at cucumber.runner.PickleStepTestStep.run(PickleStepTestStep.java:53)
	at cucumber.runner.TestCase.run(TestCase.java:47)
	at cucumber.runner.Runner.runPickle(Runner.java:44)
	at cucumber.api.testng.TestNGCucumberRunner.runScenario(TestNGCucumberRunner.java:56)
	at selenium_tests.Runner.run_scenario(Runner.java:149)
	at sun.reflect.GeneratedMethodAccessor7.invoke(Unknown Source)
	at sun.reflect.DelegatingMethodAccessorImpl.invoke(DelegatingMethodAccessorImpl.java:43)
	at java.lang.reflect.Method.invoke(Method.java:498)
	at org.testng.internal.MethodInvocationHelper.invokeMethod(MethodInvocationHelper.java:108)
	at org.testng.internal.Invoker.invokeMethod(Invoker.java:661)
	at org.testng.internal.Invoker.invokeTestMethod(Invoker.java:869)
	at org.testng.internal.Invoker.invokeTestMethods(Invoker.java:1193)
	at org.testng.internal.TestMethodWorker.invokeTestMethods(TestMethodWorker.java:126)
	at org.testng.internal.TestMethodWorker.run(TestMethodWorker.java:109)
	at org.testng.TestRunner.privateRun(TestRunner.java:744)
	at org.testng.TestRunner.run(TestRunner.java:602)
	at org.testng.SuiteRunner.runTest(SuiteRunner.java:380)
	at org.testng.SuiteRunner.access$000(SuiteRunner.java:39)
	at org.testng.SuiteRunner$SuiteWorker.run(SuiteRunner.java:414)
	at org.testng.internal.thread.ThreadUtil$1.call(ThreadUtil.java:52)
	at java.util.concurrent.FutureTask.run(FutureTask.java:266)
	at java.util.concurrent.ThreadPoolExecutor.runWorker(ThreadPoolExecutor.java:1149)
	at java.util.concurrent.ThreadPoolExecutor$Worker.run(ThreadPoolExecutor.java:624)
	at java.lang.Thread.run(Thread.java:748)


]]></system-out>
  </testcase>
  <testcase name="run_scenario" classname="selenium_tests.Runner" time="4.185"/>
  <testcase name="run_scenario" classname="selenium_tests.Runner" time="6.521"/>
  <testcase name="run_scenario" classname="selenium_tests.Runner" time="2.92"/>
  <testcase name="run_scenario" classname="selenium_tests.Runner" time="5.256"/>
  <testcase name="run_scenario" classname="selenium_tests.Runner" time="3.365"/>
  <testcase name="run_scenario" classname="selenium_tests.Runner" time="8.347"/>
  <testcase name="run_scenario" classname="selenium_tests.Runner" time="11.931"/>
  <testcase name="run_scenario" classname="selenium_tests.Runner" time="6.36"/>
  <testcase name="run_scenario" classname="selenium_tests.Runner" time="2.012"/>
  <testcase name="run_scenario" classname="selenium_tests.Runner" time="5.542"/>
  <testcase name="run_scenario" classname="selenium_tests.Runner" time="0.839">
    <failure message="For input string: &quot;&quot;" type="java.lang.NumberFormatException">java.lang.NumberFormatException: For input string: ""
</failure>
    <system-out><![CDATA[[Warning]
Expected condition failed: waiting for visibility of element located by By.xpath: //select[starts-with(@id,'quantity')] (tried for 15 second(s) with 500 milliseconds interval)
Build info: version: '3.12.0', revision: '7c6e0b3', time: '2018-05-08T14:04:26.12Z'
System info: host: 'DESKTOP-KQS99BN', ip: '192.168.0.17', os.name: 'Windows 10', os.arch: 'amd64', os.version: '10.0', java.version: '1.8.0_161'
Driver info: org.openqa.selenium.firefox.FirefoxDriver
Capabilities {acceptInsecureCerts: true, browserName: firefox, browserVersion: 62.0.2, javascriptEnabled: true, moz:accessibilityChecks: false, moz:geckodriverVersion: 0.23.0, moz:headless: false, moz:processID: 20100, moz:profile: C:\Users\workpeter\AppData\..., moz:useNonSpecCompliantPointerOrigin: false, moz:webdriverClick: true, pageLoadStrategy: normal, platform: XP, platformName: XP, platformVersion: 10.0, rotatable: false, timeouts: {implicit: 0, pageLoad: 300000, script: 30000}}
Session ID: 357ba39b-f67a-4554-ae90-7451395f9097

[Continuing test scenerio]
Selenium will fail if normal execution flow is impacted

==============================================
[Test ID]
Customer views basket with x2 products, totalling x4 quantity then removes 1st product

[Failed URL]
https://www.argos.co.uk/basket?rt=async&storeId=10151&GiftMode=Reset&action=OrderItemDisplay%3FstoreId%3D10151&langId=110

[Page Title]
Trolley

[Environment]
windows_firefox

[Screenshot ands logs found here]
C:/Users/workpeter/Documents/Eclipse-workspace/cucumber-selenium-framework/target/error-log/test-failures/windows-firefox_71106c5e-f642-499a-9213-649d7ccf51a5

[Stack trace]
java.lang.NumberFormatException: For input string: ""
	at java.lang.NumberFormatException.forInputString(NumberFormatException.java:65)
	at java.lang.Integer.parseInt(Integer.java:592)
	at java.lang.Integer.valueOf(Integer.java:766)
	at selenium_tests.feature_steps.Steps_basket_feature.basket_with_products_and_quantity_is_shown(Steps_basket_feature.java:163)
	at ?.basket with 1 products and 2 quantity is shown(src/test/resources/Features/TestSuite_basket.feature:69)


]]></system-out>
  </testcase>
  <testcase name="run_scenario" classname="selenium_tests.Runner" time="2.65"/>
  <testcase name="run_scenario" classname="selenium_tests.Runner" time="4.917"/>
  <testcase name="run_scenario" classname="selenium_tests.Runner" time="3.917"/>
  <testcase name="run_scenario" classname="selenium_tests.Runner" time="5.35"/>
  <testcase name="run_scenario" classname="selenium_tests.Runner" time="3.78"/>
  <testcase name="run_scenario" classname="selenium_tests.Runner" time="6.327"/>
  <testcase name="run_scenario" classname="selenium_tests.Runner" time="2.381"/>
  <testcase name="run_scenario" classname="selenium_tests.Runner" time="3.175"/>
  <testcase name="run_scenario" classname="selenium_tests.Runner" time="6.731"/>
  <testcase name="run_scenario" classname="selenium_tests.Runner" time="8.466"/>
  <testcase name="run_scenario" classname="selenium_tests.Runner" time="8.043"/>
  <testcase name="run_scenario" classname="selenium_tests.Runner" time="4.045"/>
  <testcase name="run_scenario" classname="selenium_tests.Runner" time="4.405"/>
  <testcase name="run_scenario" classname="selenium_tests.Runner" time="1.863"/>
  <testcase name="run_scenario" classname="selenium_tests.Runner" time="7.872"/>
  <testcase name="run_scenario" classname="selenium_tests.Runner" time="7.875"/>
  <testcase name="run_scenario" classname="selenium_tests.Runner" time="3.785"/>
  <testcase name="run_scenario" classname="selenium_tests.Runner" time="4.268"/>
  <testcase name="run_scenario" classname="selenium_tests.Runner" time="6.188"/>
  <testcase name="run_scenario" classname="selenium_tests.Runner" time="6.757"/>
  <testcase name="run_scenario" classname="selenium_tests.Runner" time="6.302"/>
  <testcase name="run_scenario" classname="selenium_tests.Runner" time="6.827"/>
  <testcase name="run_scenario" classname="selenium_tests.Runner" time="6.562"/>
  <testcase name="run_scenario" classname="selenium_tests.Runner" time="6.555"/>
  <testcase name="run_scenario" classname="selenium_tests.Runner" time="5.744"/>
  <testcase name="run_scenario" classname="selenium_tests.Runner" time="6.283"/>
  <testcase name="run_scenario" classname="selenium_tests.Runner" time="0.151">
    <failure message="For input string: &quot;&quot;" type="java.lang.NumberFormatException">java.lang.NumberFormatException: For input string: ""
</failure>
    <system-out><![CDATA[[Warning]
Expected condition failed: waiting for visibility of element located by By.xpath: //select[starts-with(@id,'quantity')] (tried for 15 second(s) with 500 milliseconds interval)
Build info: version: '3.12.0', revision: '7c6e0b3', time: '2018-05-08T14:04:26.12Z'
System info: host: 'DESKTOP-KQS99BN', ip: '192.168.0.17', os.name: 'Windows 10', os.arch: 'amd64', os.version: '10.0', java.version: '1.8.0_161'
Driver info: org.openqa.selenium.firefox.FirefoxDriver
Capabilities {acceptInsecureCerts: true, browserName: firefox, browserVersion: 62.0.2, javascriptEnabled: true, moz:accessibilityChecks: false, moz:geckodriverVersion: 0.23.0, moz:headless: false, moz:processID: 20100, moz:profile: C:\Users\workpeter\AppData\..., moz:useNonSpecCompliantPointerOrigin: false, moz:webdriverClick: true, pageLoadStrategy: normal, platform: XP, platformName: XP, platformVersion: 10.0, rotatable: false, timeouts: {implicit: 0, pageLoad: 300000, script: 30000}}
Session ID: 357ba39b-f67a-4554-ae90-7451395f9097

[Continuing test scenerio]
Selenium will fail if normal execution flow is impacted

==============================================
[Test ID]
Customer views basket with x2 products, totalling x4 quantity then removes 1st product

[Failed URL]
https://www.argos.co.uk/basket?rt=async&storeId=10151&GiftMode=Reset&action=OrderItemDisplay%3FstoreId%3D10151&langId=110

[Page Title]
Trolley

[Environment]
windows_firefox

[Screenshot ands logs found here]
C:/Users/workpeter/Documents/Eclipse-workspace/cucumber-selenium-framework/target/error-log/test-failures/windows-firefox_ea9c2af5-de32-40c6-b7fc-c6245531d8b7

[Stack trace]
java.lang.NumberFormatException: For input string: ""
	at java.lang.NumberFormatException.forInputString(NumberFormatException.java:65)
	at java.lang.Integer.parseInt(Integer.java:592)
	at java.lang.Integer.valueOf(Integer.java:766)
	at selenium_tests.feature_steps.Steps_basket_feature.basket_with_products_and_quantity_is_shown(Steps_basket_feature.java:163)
	at ?.basket with 1 products and 2 quantity is shown(src/test/resources/Features/TestSuite_basket.feature:69)


]]></system-out>
  </testcase>
  <testcase name="run_scenario" classname="selenium_tests.Runner" time="7.626"/>
  <testcase name="run_scenario" classname="selenium_tests.Runner" time="1.872"/>
  <testcase name="run_scenario" classname="selenium_tests.Runner" time="3.103"/>
  <testcase name="run_scenario" classname="selenium_tests.Runner" time="6.079"/>
  <testcase name="run_scenario" classname="selenium_tests.Runner" time="9.287"/>
  <testcase name="run_scenario" classname="selenium_tests.Runner" time="9.31"/>
  <testcase name="run_scenario" classname="selenium_tests.Runner" time="13.197"/>
  <testcase name="run_scenario" classname="selenium_tests.Runner" time="13.458"/>
  <testcase name="run_scenario" classname="selenium_tests.Runner" time="4.88"/>
  <testcase name="run_scenario" classname="selenium_tests.Runner" time="3.564"/>
  <testcase name="run_scenario" classname="selenium_tests.Runner" time="8.188"/>
  <testcase name="run_scenario" classname="selenium_tests.Runner" time="10.073"/>
  <testcase name="run_scenario" classname="selenium_tests.Runner" time="11.488"/>
  <testcase name="run_scenario" classname="selenium_tests.Runner" time="16.079"/>
  <testcase name="run_scenario" classname="selenium_tests.Runner" time="15.901"/>
  <testcase name="run_scenario" classname="selenium_tests.Runner" time="5.757"/>
  <testcase name="run_scenario" classname="selenium_tests.Runner" time="2.373"/>
  <testcase name="run_scenario" classname="selenium_tests.Runner" time="2.77"/>
  <testcase name="run_scenario" classname="selenium_tests.Runner" time="2.554"/>
  <testcase name="run_scenario" classname="selenium_tests.Runner" time="30.566"/>
  <testcase name="run_scenario" classname="selenium_tests.Runner" time="12.517"/>
  <testcase name="run_scenario" classname="selenium_tests.Runner" time="17.66"/>
  <testcase name="run_scenario" classname="selenium_tests.Runner" time="13.341"/>
  <testcase name="run_scenario" classname="selenium_tests.Runner" time="14.761"/>
  <testcase name="run_scenario" classname="selenium_tests.Runner" time="21.421"/>
  <testcase name="run_scenario" classname="selenium_tests.Runner" time="13.177"/>
  <testcase name="run_scenario" classname="selenium_tests.Runner" time="22.462"/>
  <testcase name="run_scenario" classname="selenium_tests.Runner" time="36.545"/>
  <testcase name="run_scenario" classname="selenium_tests.Runner" time="14.711"/>
  <testcase name="run_scenario" classname="selenium_tests.Runner" time="13.534"/>
  <testcase name="run_scenario" classname="selenium_tests.Runner" time="16.702"/>
  <testcase name="run_scenario" classname="selenium_tests.Runner" time="10.498"/>
  <testcase name="run_scenario" classname="selenium_tests.Runner" time="11.808"/>
  <testcase name="run_scenario" classname="selenium_tests.Runner" time="16.45"/>
  <testcase name="run_scenario" classname="selenium_tests.Runner" time="35.977"/>
  <testcase name="run_scenario" classname="selenium_tests.Runner" time="10.848"/>
  <testcase name="run_scenario" classname="selenium_tests.Runner" time="12.277"/>
  <testcase name="run_scenario" classname="selenium_tests.Runner" time="17.318"/>
  <testcase name="run_scenario" classname="selenium_tests.Runner" time="39.395"/>
  <testcase name="run_scenario" classname="selenium_tests.Runner" time="11.227"/>
  <testcase name="run_scenario" classname="selenium_tests.Runner" time="10.92"/>
  <testcase name="run_scenario" classname="selenium_tests.Runner" time="36.974"/>
  <testcase name="run_scenario" classname="selenium_tests.Runner" time="27.557"/>
  <testcase name="run_scenario" classname="selenium_tests.Runner" time="12.228"/>
  <testcase name="run_scenario" classname="selenium_tests.Runner" time="11.328"/>
  <testcase name="run_scenario" classname="selenium_tests.Runner" time="28.934"/>
  <testcase name="run_scenario" classname="selenium_tests.Runner" time="26.885"/>
  <testcase name="run_scenario" classname="selenium_tests.Runner" time="23.186"/>
  <testcase name="run_scenario" classname="selenium_tests.Runner" time="8.851"/>
  <testcase name="run_scenario" classname="selenium_tests.Runner" time="7.675"/>
  <testcase name="run_scenario" classname="selenium_tests.Runner" time="7.569"/>
  <testcase name="run_scenario" classname="selenium_tests.Runner" time="13.738"/>
  <testcase name="run_scenario" classname="selenium_tests.Runner" time="7.497"/>
  <testcase name="run_scenario" classname="selenium_tests.Runner" time="7.442"/>
  <testcase name="run_scenario" classname="selenium_tests.Runner" time="11.065"/>
  <testcase name="run_scenario" classname="selenium_tests.Runner" time="4.82"/>
</testsuite>