<?xml version="1.0" encoding="UTF-8"?>
<testsuite xmlns:xsi="http://www.w3.org/2001/XMLSchema-instance" xsi:noNamespaceSchemaLocation="https://maven.apache.org/surefire/maven-failsafe-plugin/xsd/failsafe-test-report.xsd" name="TestSuite" time="2,007.735" tests="258" errors="0" skipped="4" failures="0">
  <properties>
[...]
</properties>
  <testcase name="run_scenario" classname="selenium_tests.Runner" time="8.138"/>
  <testcase name="run_scenario" classname="selenium_tests.Runner" time="11.606"/>
  <testcase name="run_scenario" classname="selenium_tests.Runner" time="1.559"/>
  <testcase name="run_scenario" classname="selenium_tests.Runner" time="2.195"/>
  <testcase name="run_scenario" classname="selenium_tests.Runner" time="10.212"/>
  <testcase name="run_scenario" classname="selenium_tests.Runner" time="0.616"/>
  <testcase name="run_scenario" classname="selenium_tests.Runner" time="8.225"/>
  <testcase name="run_scenario" classname="selenium_tests.Runner" time="8.077"/>
  <testcase name="run_scenario" classname="selenium_tests.Runner" time="1.16"/>
  <testcase name="run_scenario" classname="selenium_tests.Runner" time="10.506"/>
  <testcase name="run_scenario" classname="selenium_tests.Runner" time="4.554"/>
  <testcase name="run_scenario" classname="selenium_tests.Runner" time="1.584"/>
  <testcase name="run_scenario" classname="selenium_tests.Runner" time="12.033"/>
  <testcase name="run_scenario" classname="selenium_tests.Runner" time="0.975"/>
  <testcase name="run_scenario" classname="selenium_tests.Runner" time="2.825"/>
  <testcase name="run_scenario" classname="selenium_tests.Runner" time="10.725"/>
  <testcase name="run_scenario" classname="selenium_tests.Runner" time="2.99"/>
  <testcase name="run_scenario" classname="selenium_tests.Runner" time="0.618"/>
  <testcase name="run_scenario" classname="selenium_tests.Runner" time="17.301"/>
  <testcase name="run_scenario" classname="selenium_tests.Runner" time="1.978"/>
  <testcase name="run_scenario" classname="selenium_tests.Runner" time="0.168"/>
  <testcase name="run_scenario" classname="selenium_tests.Runner" time="15.106"/>
  <testcase name="run_scenario" classname="selenium_tests.Runner" time="5.171"/>
  <testcase name="run_scenario" classname="selenium_tests.Runner" time="0.681"/>
  <testcase name="run_scenario" classname="selenium_tests.Runner" time="13.303"/>
  <testcase name="run_scenario" classname="selenium_tests.Runner" time="5.632"/>
  <testcase name="run_scenario" classname="selenium_tests.Runner" time="10.73"/>
  <testcase name="run_scenario" classname="selenium_tests.Runner" time="10.127"/>
  <testcase name="run_scenario" classname="selenium_tests.Runner" time="0.236"/>
  <testcase name="run_scenario" classname="selenium_tests.Runner" time="11.065"/>
  <testcase name="run_scenario" classname="selenium_tests.Runner" time="10.279"/>
  <testcase name="run_scenario" classname="selenium_tests.Runner" time="0.523"/>
  <testcase name="run_scenario" classname="selenium_tests.Runner" time="10.25"/>
  <testcase name="run_scenario" classname="selenium_tests.Runner" time="7.131"/>
  <testcase name="run_scenario" classname="selenium_tests.Runner" time="8.326"/>
  <testcase name="run_scenario" classname="selenium_tests.Runner" time="7.18"/>
  <testcase name="run_scenario" classname="selenium_tests.Runner" time="4.541"/>
  <testcase name="run_scenario" classname="selenium_tests.Runner" time="9.212"/>
  <testcase name="run_scenario" classname="selenium_tests.Runner" time="8.331"/>
  <testcase name="run_scenario" classname="selenium_tests.Runner" time="3.018"/>
  <testcase name="run_scenario" classname="selenium_tests.Runner" time="7.492"/>
  <testcase name="run_scenario" classname="selenium_tests.Runner" time="10.966"/>
  <testcase name="run_scenario" classname="selenium_tests.Runner" time="1.76"/>
  <testcase name="run_scenario" classname="selenium_tests.Runner" time="8.781"/>
  <testcase name="run_scenario" classname="selenium_tests.Runner" time="6.918"/>
  <testcase name="run_scenario" classname="selenium_tests.Runner" time="13.652"/>
  <testcase name="run_scenario" classname="selenium_tests.Runner" time="8.525"/>
  <testcase name="run_scenario" classname="selenium_tests.Runner" time="0.587"/>
  <testcase name="run_scenario" classname="selenium_tests.Runner" time="14.612"/>
  <testcase name="run_scenario" classname="selenium_tests.Runner" time="3.562"/>
  <testcase name="run_scenario" classname="selenium_tests.Runner" time="4.501"/>
  <testcase name="run_scenario" classname="selenium_tests.Runner" time="12.093"/>
  <testcase name="run_scenario" classname="selenium_tests.Runner" time="4.475"/>
  <testcase name="run_scenario" classname="selenium_tests.Runner" time="5.768"/>
  <testcase name="run_scenario" classname="selenium_tests.Runner" time="8.052"/>
  <testcase name="run_scenario" classname="selenium_tests.Runner" time="12.306"/>
  <testcase name="run_scenario" classname="selenium_tests.Runner" time="4.393"/>
  <testcase name="run_scenario" classname="selenium_tests.Runner" time="1.294"/>
  <testcase name="run_scenario" classname="selenium_tests.Runner" time="3.07"/>
  <testcase name="run_scenario" classname="selenium_tests.Runner" time="17.465"/>
  <testcase name="run_scenario" classname="selenium_tests.Runner" time="2.824"/>
  <testcase name="run_scenario" classname="selenium_tests.Runner" time="4.836"/>
  <testcase name="run_scenario" classname="selenium_tests.Runner" time="3.735"/>
  <testcase name="run_scenario" classname="selenium_tests.Runner" time="6.808"/>
  <testcase name="run_scenario" classname="selenium_tests.Runner" time="16.018"/>
  <testcase name="run_scenario" classname="selenium_tests.Runner" time="3.5"/>
  <testcase name="run_scenario" classname="selenium_tests.Runner" time="7.797"/>
  <testcase name="run_scenario" classname="selenium_tests.Runner" time="14.785"/>
  <testcase name="run_scenario" classname="selenium_tests.Runner" time="1.653"/>
  <testcase name="run_scenario" classname="selenium_tests.Runner" time="18.325"/>
  <testcase name="run_scenario" classname="selenium_tests.Runner" time="4.308"/>
  <testcase name="run_scenario" classname="selenium_tests.Runner" time="4.63"/>
  <testcase name="run_scenario" classname="selenium_tests.Runner" time="12.489"/>
  <testcase name="run_scenario" classname="selenium_tests.Runner" time="7.218"/>
  <testcase name="run_scenario" classname="selenium_tests.Runner" time="6.989"/>
  <testcase name="run_scenario" classname="selenium_tests.Runner" time="10.808"/>
  <testcase name="run_scenario" classname="selenium_tests.Runner" time="6.825"/>
  <testcase name="run_scenario" classname="selenium_tests.Runner" time="9.657"/>
  <testcase name="run_scenario" classname="selenium_tests.Runner" time="10.105"/>
  <testcase name="run_scenario" classname="selenium_tests.Runner" time="5.69"/>
  <testcase name="run_scenario" classname="selenium_tests.Runner" time="9.475"/>
  <testcase name="run_scenario" classname="selenium_tests.Runner" time="0">
    <skipped message="cucumber.api.PendingException: TODO: implement me&#10;	at selenium_tests.feature_steps.Steps_basket_feature.adds_product_to_basket(Steps_basket_feature.java:49)&#10;	at ✽.adds product to basket(src/test/resources/Features/TestSuite_basket.feature:14)&#10;"/>
    <system-out><![CDATA[[Skipping next scenerio step/s] This item is not available online to add to basket
]]></system-out>
  </testcase>
  <testcase name="run_scenario" classname="selenium_tests.Runner" time="9.46"/>
  <testcase name="run_scenario" classname="selenium_tests.Runner" time="7.82"/>
  <testcase name="run_scenario" classname="selenium_tests.Runner" time="13.05"/>
  <testcase name="run_scenario" classname="selenium_tests.Runner" time="0">
    <skipped message="cucumber.api.PendingException: TODO: implement me&#10;	at selenium_tests.feature_steps.Steps_basket_feature.adds_product_to_basket(Steps_basket_feature.java:49)&#10;	at ✽.adds product to basket(src/test/resources/Features/TestSuite_basket.feature:14)&#10;"/>
    <system-out><![CDATA[[Skipping next scenerio step/s] This item is not available online to add to basket
]]></system-out>
  </testcase>
  <testcase name="run_scenario" classname="selenium_tests.Runner" time="13.462"/>
  <testcase name="run_scenario" classname="selenium_tests.Runner" time="10.48"/>
  <testcase name="run_scenario" classname="selenium_tests.Runner" time="4.141"/>
  <testcase name="run_scenario" classname="selenium_tests.Runner" time="0">
    <skipped message="cucumber.api.PendingException: TODO: implement me&#10;	at selenium_tests.feature_steps.Steps_basket_feature.adds_product_to_basket(Steps_basket_feature.java:49)&#10;	at ✽.adds product to basket(src/test/resources/Features/TestSuite_basket.feature:14)&#10;"/>
    <system-out><![CDATA[[Skipping next scenerio step/s] This item is not available online to add to basket
]]></system-out>
  </testcase>
  <testcase name="run_scenario" classname="selenium_tests.Runner" time="11.626"/>
  <testcase name="run_scenario" classname="selenium_tests.Runner" time="6.376"/>
  <testcase name="run_scenario" classname="selenium_tests.Runner" time="25.127"/>
  <testcase name="run_scenario" classname="selenium_tests.Runner" time="1.199"/>
  <testcase name="run_scenario" classname="selenium_tests.Runner" time="1.972"/>
  <testcase name="run_scenario" classname="selenium_tests.Runner" time="22.205"/>
  <testcase name="run_scenario" classname="selenium_tests.Runner" time="0.074"/>
  <testcase name="run_scenario" classname="selenium_tests.Runner" time="17.134"/>
  <testcase name="run_scenario" classname="selenium_tests.Runner" time="6.998"/>
  <testcase name="run_scenario" classname="selenium_tests.Runner" time="1.535"/>
  <testcase name="run_scenario" classname="selenium_tests.Runner" time="23.101"/>
  <testcase name="run_scenario" classname="selenium_tests.Runner" time="11.181"/>
  <testcase name="run_scenario" classname="selenium_tests.Runner" time="32.109"/>
  <testcase name="run_scenario" classname="selenium_tests.Runner" time="14.891"/>
  <testcase name="run_scenario" classname="selenium_tests.Runner" time="3.496"/>
  <testcase name="run_scenario" classname="selenium_tests.Runner" time="6.002"/>
  <testcase name="run_scenario" classname="selenium_tests.Runner" time="48.432"/>
  <testcase name="run_scenario" classname="selenium_tests.Runner" time="1.732"/>
  <testcase name="run_scenario" classname="selenium_tests.Runner" time="12.984"/>
  <testcase name="run_scenario" classname="selenium_tests.Runner" time="0">
    <skipped message="Stale element reference (WARNING: The server did not provide any stacktrace information)&#10;Command duration or timeout: 0 milliseconds&#10;For documentation on this error, please visit: http://seleniumhq.org/exceptions/stale_element_reference.html&#10;Build info: version: &apos;3.12.0&apos;, revision: &apos;7c6e0b3&apos;, time: &apos;2018-05-08T14:04:26.12Z&apos;&#10;System info: host: &apos;DESKTOP-KQS99BN&apos;, ip: &apos;192.168.0.17&apos;, os.name: &apos;Windows 10&apos;, os.arch: &apos;amd64&apos;, os.version: &apos;10.0&apos;, java.version: &apos;1.8.0_161&apos;&#10;Driver info: org.openqa.selenium.edge.EdgeDriver&#10;Capabilities {InPrivate: false, acceptSslCerts: true, applicationCacheEnabled: true, browserName: MicrosoftEdge, browserVersion: 42.17134.1.0, javascriptEnabled: true, locationContextEnabled: true, pageLoadStrategy: normal, platform: WINDOWS, platformName: WINDOWS, platformVersion: 10, takesElementScreenshot: true, takesScreenshot: true, webStorageEnabled: true}&#10;Session ID: 6AB90BB7-E1DD-4EA0-BCCC-BABADCF8E228"/>
  </testcase>
  <testcase name="run_scenario" classname="selenium_tests.Runner" time="0.371"/>
  <testcase name="run_scenario" classname="selenium_tests.Runner" time="9.749"/>
  <testcase name="run_scenario" classname="selenium_tests.Runner" time="3.424"/>
  <testcase name="run_scenario" classname="selenium_tests.Runner" time="5.772"/>
  <testcase name="run_scenario" classname="selenium_tests.Runner" time="4.521"/>
  <testcase name="run_scenario" classname="selenium_tests.Runner" time="4.074"/>
  <testcase name="run_scenario" classname="selenium_tests.Runner" time="4.367"/>
  <testcase name="run_scenario" classname="selenium_tests.Runner" time="2.869"/>
  <testcase name="run_scenario" classname="selenium_tests.Runner" time="3.562"/>
  <testcase name="run_scenario" classname="selenium_tests.Runner" time="3.991"/>
  <testcase name="run_scenario" classname="selenium_tests.Runner" time="3.872"/>
  <testcase name="run_scenario" classname="selenium_tests.Runner" time="5.931"/>
  <testcase name="run_scenario" classname="selenium_tests.Runner" time="4.728"/>
  <testcase name="run_scenario" classname="selenium_tests.Runner" time="4.771"/>
  <testcase name="run_scenario" classname="selenium_tests.Runner" time="7.538"/>
  <testcase name="run_scenario" classname="selenium_tests.Runner" time="1.42"/>
  <testcase name="run_scenario" classname="selenium_tests.Runner" time="8.112"/>
  <testcase name="run_scenario" classname="selenium_tests.Runner" time="4.649"/>
  <testcase name="run_scenario" classname="selenium_tests.Runner" time="9.086"/>
  <testcase name="run_scenario" classname="selenium_tests.Runner" time="3.39"/>
  <testcase name="run_scenario" classname="selenium_tests.Runner" time="0.132"/>
  <testcase name="run_scenario" classname="selenium_tests.Runner" time="12.611"/>
  <testcase name="run_scenario" classname="selenium_tests.Runner" time="0.387"/>
  <testcase name="run_scenario" classname="selenium_tests.Runner" time="11.108"/>
  <testcase name="run_scenario" classname="selenium_tests.Runner" time="7.136"/>
  <testcase name="run_scenario" classname="selenium_tests.Runner" time="6.2"/>
  <testcase name="run_scenario" classname="selenium_tests.Runner" time="13.786"/>
  <testcase name="run_scenario" classname="selenium_tests.Runner" time="4.074"/>
  <testcase name="run_scenario" classname="selenium_tests.Runner" time="8.426"/>
  <testcase name="run_scenario" classname="selenium_tests.Runner" time="12.369"/>
  <testcase name="run_scenario" classname="selenium_tests.Runner" time="1.839"/>
  <testcase name="run_scenario" classname="selenium_tests.Runner" time="16.818"/>
  <testcase name="run_scenario" classname="selenium_tests.Runner" time="4.346"/>
  <testcase name="run_scenario" classname="selenium_tests.Runner" time="8.423"/>
  <testcase name="run_scenario" classname="selenium_tests.Runner" time="5.608"/>
  <testcase name="run_scenario" classname="selenium_tests.Runner" time="7.019"/>
  <testcase name="run_scenario" classname="selenium_tests.Runner" time="11.196"/>
  <testcase name="run_scenario" classname="selenium_tests.Runner" time="2.467"/>
  <testcase name="run_scenario" classname="selenium_tests.Runner" time="8.588"/>
  <testcase name="run_scenario" classname="selenium_tests.Runner" time="3.019"/>
  <testcase name="run_scenario" classname="selenium_tests.Runner" time="6.743"/>
  <testcase name="run_scenario" classname="selenium_tests.Runner" time="5.499"/>
  <testcase name="run_scenario" classname="selenium_tests.Runner" time="10.301"/>
  <testcase name="run_scenario" classname="selenium_tests.Runner" time="1.538"/>
  <testcase name="run_scenario" classname="selenium_tests.Runner" time="12.254"/>
  <testcase name="run_scenario" classname="selenium_tests.Runner" time="2.328"/>
  <testcase name="run_scenario" classname="selenium_tests.Runner" time="3.415"/>
  <testcase name="run_scenario" classname="selenium_tests.Runner" time="7.48"/>
  <testcase name="run_scenario" classname="selenium_tests.Runner" time="3.583"/>
  <testcase name="run_scenario" classname="selenium_tests.Runner" time="5.654"/>
  <testcase name="run_scenario" classname="selenium_tests.Runner" time="7.125"/>
  <testcase name="run_scenario" classname="selenium_tests.Runner" time="0.798"/>
  <testcase name="run_scenario" classname="selenium_tests.Runner" time="8.133"/>
  <testcase name="run_scenario" classname="selenium_tests.Runner" time="2.295"/>
  <testcase name="run_scenario" classname="selenium_tests.Runner" time="7.916"/>
  <testcase name="run_scenario" classname="selenium_tests.Runner" time="2.73"/>
  <testcase name="run_scenario" classname="selenium_tests.Runner" time="8.482"/>
  <testcase name="run_scenario" classname="selenium_tests.Runner" time="3.286"/>
  <testcase name="run_scenario" classname="selenium_tests.Runner" time="8.918"/>
  <testcase name="run_scenario" classname="selenium_tests.Runner" time="3.811"/>
  <testcase name="run_scenario" classname="selenium_tests.Runner" time="2.31"/>
  <testcase name="run_scenario" classname="selenium_tests.Runner" time="8.156"/>
  <testcase name="run_scenario" classname="selenium_tests.Runner" time="1.477"/>
  <testcase name="run_scenario" classname="selenium_tests.Runner" time="1.259"/>
  <testcase name="run_scenario" classname="selenium_tests.Runner" time="7.3"/>
  <testcase name="run_scenario" classname="selenium_tests.Runner" time="3.784"/>
  <testcase name="run_scenario" classname="selenium_tests.Runner" time="1.733"/>
  <testcase name="run_scenario" classname="selenium_tests.Runner" time="5.957"/>
  <testcase name="run_scenario" classname="selenium_tests.Runner" time="6.98"/>
  <testcase name="run_scenario" classname="selenium_tests.Runner" time="0.856"/>
  <testcase name="run_scenario" classname="selenium_tests.Runner" time="10.582"/>
  <testcase name="run_scenario" classname="selenium_tests.Runner" time="5.182"/>
  <testcase name="run_scenario" classname="selenium_tests.Runner" time="4.625"/>
  <testcase name="run_scenario" classname="selenium_tests.Runner" time="2.363"/>
  <testcase name="run_scenario" classname="selenium_tests.Runner" time="7.6"/>
  <testcase name="run_scenario" classname="selenium_tests.Runner" time="0.733"/>
  <testcase name="run_scenario" classname="selenium_tests.Runner" time="5.18"/>
  <testcase name="run_scenario" classname="selenium_tests.Runner" time="10.101"/>
  <testcase name="run_scenario" classname="selenium_tests.Runner" time="1.72"/>
  <testcase name="run_scenario" classname="selenium_tests.Runner" time="1.462"/>
  <testcase name="run_scenario" classname="selenium_tests.Runner" time="12.33"/>
  <testcase name="run_scenario" classname="selenium_tests.Runner" time="1.764"/>
  <testcase name="run_scenario" classname="selenium_tests.Runner" time="3.635"/>
  <testcase name="run_scenario" classname="selenium_tests.Runner" time="12.558"/>
  <testcase name="run_scenario" classname="selenium_tests.Runner" time="7.084"/>
  <testcase name="run_scenario" classname="selenium_tests.Runner" time="2.32"/>
  <testcase name="run_scenario" classname="selenium_tests.Runner" time="9.947"/>
  <testcase name="run_scenario" classname="selenium_tests.Runner" time="3.89"/>
  <testcase name="run_scenario" classname="selenium_tests.Runner" time="5.908"/>
  <testcase name="run_scenario" classname="selenium_tests.Runner" time="0.373"/>
  <testcase name="run_scenario" classname="selenium_tests.Runner" time="6.982"/>
  <testcase name="run_scenario" classname="selenium_tests.Runner" time="2.505"/>
  <testcase name="run_scenario" classname="selenium_tests.Runner" time="9.015"/>
  <testcase name="run_scenario" classname="selenium_tests.Runner" time="4.72"/>
  <testcase name="run_scenario" classname="selenium_tests.Runner" time="5.457"/>
  <testcase name="run_scenario" classname="selenium_tests.Runner" time="7.96"/>
  <testcase name="run_scenario" classname="selenium_tests.Runner" time="0.661"/>
  <testcase name="run_scenario" classname="selenium_tests.Runner" time="0.163"/>
  <testcase name="run_scenario" classname="selenium_tests.Runner" time="5.393"/>
  <testcase name="run_scenario" classname="selenium_tests.Runner" time="7.771"/>
  <testcase name="run_scenario" classname="selenium_tests.Runner" time="9.837"/>
  <testcase name="run_scenario" classname="selenium_tests.Runner" time="11.57"/>
  <testcase name="run_scenario" classname="selenium_tests.Runner" time="7.889"/>
  <testcase name="run_scenario" classname="selenium_tests.Runner" time="4.138"/>
  <testcase name="run_scenario" classname="selenium_tests.Runner" time="3.613"/>
  <testcase name="run_scenario" classname="selenium_tests.Runner" time="8.209"/>
  <testcase name="run_scenario" classname="selenium_tests.Runner" time="1.125"/>
  <testcase name="run_scenario" classname="selenium_tests.Runner" time="5.394"/>
  <testcase name="run_scenario" classname="selenium_tests.Runner" time="7.027"/>
  <testcase name="run_scenario" classname="selenium_tests.Runner" time="0.403"/>
  <testcase name="run_scenario" classname="selenium_tests.Runner" time="6.917"/>
  <testcase name="run_scenario" classname="selenium_tests.Runner" time="5.932"/>
  <testcase name="run_scenario" classname="selenium_tests.Runner" time="4.948"/>
  <testcase name="run_scenario" classname="selenium_tests.Runner" time="3.004"/>
  <testcase name="run_scenario" classname="selenium_tests.Runner" time="7.084"/>
  <testcase name="run_scenario" classname="selenium_tests.Runner" time="11.757"/>
  <testcase name="run_scenario" classname="selenium_tests.Runner" time="12.085"/>
  <testcase name="run_scenario" classname="selenium_tests.Runner" time="8.572"/>
  <testcase name="run_scenario" classname="selenium_tests.Runner" time="8.68"/>
  <testcase name="run_scenario" classname="selenium_tests.Runner" time="14.8"/>
  <testcase name="run_scenario" classname="selenium_tests.Runner" time="22.113"/>
  <testcase name="run_scenario" classname="selenium_tests.Runner" time="9.381"/>
  <testcase name="run_scenario" classname="selenium_tests.Runner" time="8.081"/>
  <testcase name="run_scenario" classname="selenium_tests.Runner" time="9.212"/>
  <testcase name="run_scenario" classname="selenium_tests.Runner" time="19.361"/>
  <testcase name="run_scenario" classname="selenium_tests.Runner" time="24.583"/>
  <testcase name="run_scenario" classname="selenium_tests.Runner" time="22.194"/>
  <testcase name="run_scenario" classname="selenium_tests.Runner" time="23.403"/>
  <testcase name="run_scenario" classname="selenium_tests.Runner" time="8.787"/>
  <testcase name="run_scenario" classname="selenium_tests.Runner" time="49.918"/>
  <testcase name="run_scenario" classname="selenium_tests.Runner" time="11.083"/>
  <testcase name="run_scenario" classname="selenium_tests.Runner" time="8.323"/>
  <testcase name="run_scenario" classname="selenium_tests.Runner" time="9.168"/>
  <testcase name="run_scenario" classname="selenium_tests.Runner" time="10.337"/>
  <testcase name="run_scenario" classname="selenium_tests.Runner" time="6.922"/>
  <testcase name="run_scenario" classname="selenium_tests.Runner" time="8.208"/>
  <testcase name="run_scenario" classname="selenium_tests.Runner" time="7.705"/>
  <testcase name="run_scenario" classname="selenium_tests.Runner" time="14.823"/>
  <testcase name="run_scenario" classname="selenium_tests.Runner" time="19.7"/>
  <testcase name="run_scenario" classname="selenium_tests.Runner" time="7.962"/>
  <testcase name="run_scenario" classname="selenium_tests.Runner" time="6.826"/>
  <testcase name="run_scenario" classname="selenium_tests.Runner" time="6.466"/>
  <testcase name="run_scenario" classname="selenium_tests.Runner" time="6.717"/>
  <testcase name="run_scenario" classname="selenium_tests.Runner" time="7.099"/>
  <testcase name="run_scenario" classname="selenium_tests.Runner" time="9.445"/>
  <testcase name="run_scenario" classname="selenium_tests.Runner" time="12.151"/>
  <testcase name="run_scenario" classname="selenium_tests.Runner" time="18.378"/>
  <testcase name="run_scenario" classname="selenium_tests.Runner" time="10.298"/>
</testsuite>