<?xml version="1.0" encoding="UTF-8"?>
<!-- Generated by org.testng.reporters.JUnitXMLReporter -->
<testsuite hostname="DESKTOP-KQS99BN" ignored="0" name="windows firefox - no tags (all features)" tests="85" failures="3" timestamp="07 Oct 2018 00:50:40 GMT" time="2169.88" errors="0">
  <testcase name="run_scenario" time="24.314" classname="selenium_tests.Runner"/>
  <testcase name="run_scenario" time="20.436" classname="selenium_tests.Runner"/>
  <testcase name="run_scenario" time="28.338" classname="selenium_tests.Runner"/>
  <testcase name="run_scenario" time="19.975" classname="selenium_tests.Runner"/>
  <testcase name="run_scenario" time="23.154" classname="selenium_tests.Runner"/>
  <testcase name="run_scenario" time="19.215" classname="selenium_tests.Runner"/>
  <testcase name="run_scenario" time="19.295" classname="selenium_tests.Runner"/>
  <testcase name="run_scenario" time="18.97" classname="selenium_tests.Runner"/>
  <testcase name="run_scenario" time="28.662" classname="selenium_tests.Runner"/>
  <testcase name="run_scenario" time="24.916" classname="selenium_tests.Runner"/>
  <testcase name="run_scenario" time="29.804" classname="selenium_tests.Runner"/>
  <testcase name="run_scenario" time="28.671" classname="selenium_tests.Runner"/>
  <testcase name="run_scenario" time="26.792" classname="selenium_tests.Runner"/>
  <testcase name="run_scenario" time="29.103" classname="selenium_tests.Runner"/>
  <testcase name="run_scenario" time="25.381" classname="selenium_tests.Runner"/>
  <testcase name="run_scenario" time="30.56" classname="selenium_tests.Runner"/>
  <testcase name="run_scenario" time="24.873" classname="selenium_tests.Runner"/>
  <testcase name="run_scenario" time="30.952" classname="selenium_tests.Runner"/>
  <testcase name="run_scenario" time="27.303" classname="selenium_tests.Runner"/>
  <testcase name="run_scenario" time="28.966" classname="selenium_tests.Runner"/>
  <testcase name="run_scenario" time="17.348" classname="selenium_tests.Runner"/>
  <testcase name="run_scenario" time="35.542" classname="selenium_tests.Runner"/>
  <testcase name="run_scenario" time="40.704" classname="selenium_tests.Runner"/>
  <testcase name="run_scenario" time="33.92" classname="selenium_tests.Runner"/>
  <testcase name="run_scenario" time="36.29" classname="selenium_tests.Runner"/>
  <testcase name="run_scenario" time="35.325" classname="selenium_tests.Runner"/>
  <testcase name="run_scenario" time="29.141" classname="selenium_tests.Runner"/>
  <testcase name="run_scenario" time="30.238" classname="selenium_tests.Runner"/>
  <testcase name="run_scenario" time="24.526" classname="selenium_tests.Runner">
    <skipped/>
  </testcase> <!-- run_scenario -->
  <testcase name="run_scenario" time="30.111" classname="selenium_tests.Runner"/>
  <testcase name="run_scenario" time="44.091" classname="selenium_tests.Runner"/>
  <testcase name="run_scenario" time="52.264" classname="selenium_tests.Runner"/>
  <testcase name="run_scenario" time="28.124" classname="selenium_tests.Runner"/>
  <testcase name="run_scenario" time="33.692" classname="selenium_tests.Runner"/>
  <testcase name="run_scenario" time="32.758" classname="selenium_tests.Runner"/>
  <testcase name="run_scenario" time="63.71" classname="selenium_tests.Runner">
    <failure type="java.lang.NumberFormatException" message="For input string: &amp;quot;&amp;quot;">
      <![CDATA[java.lang.NumberFormatException: For input string: ""
	at java.lang.NumberFormatException.forInputString(NumberFormatException.java:65)
	at java.lang.Integer.parseInt(Integer.java:592)
	at java.lang.Integer.valueOf(Integer.java:766)
	at selenium_tests.feature_steps.Steps_basket_feature.basket_with_products_and_quantity_is_shown(Steps_basket_feature.java:163)
	at ✽.basket with 1 products and 2 quantity is shown(src/test/resources/Features/TestSuite_basket.feature:69)
]]>
    </failure>
  </testcase> <!-- run_scenario -->
  <testcase name="run_scenario" time="149.161" classname="selenium_tests.Runner">
    <failure type="java.lang.NumberFormatException" message="For input string: &amp;quot;&amp;quot;">
      <![CDATA[java.lang.NumberFormatException: For input string: ""
	at java.lang.NumberFormatException.forInputString(NumberFormatException.java:65)
	at java.lang.Integer.parseInt(Integer.java:592)
	at java.lang.Integer.valueOf(Integer.java:766)
	at selenium_tests.feature_steps.Steps_basket_feature.basket_with_products_and_quantity_is_shown(Steps_basket_feature.java:163)
	at ✽.basket with 1 products and 2 quantity is shown(src/test/resources/Features/TestSuite_basket.feature:69)
]]>
    </failure>
  </testcase> <!-- run_scenario -->
  <testcase name="run_scenario" time="136.575" classname="selenium_tests.Runner">
    <failure type="java.lang.NumberFormatException" message="For input string: &amp;quot;&amp;quot;">
      <![CDATA[java.lang.NumberFormatException: For input string: ""
	at java.lang.NumberFormatException.forInputString(NumberFormatException.java:65)
	at java.lang.Integer.parseInt(Integer.java:592)
	at java.lang.Integer.valueOf(Integer.java:766)
	at selenium_tests.feature_steps.Steps_basket_feature.basket_with_products_and_quantity_is_shown(Steps_basket_feature.java:163)
	at ✽.basket with 1 products and 2 quantity is shown(src/test/resources/Features/TestSuite_basket.feature:69)
]]>
    </failure>
  </testcase> <!-- run_scenario -->
  <testcase name="run_scenario" time="10.39" classname="selenium_tests.Runner"/>
  <testcase name="run_scenario" time="9.433" classname="selenium_tests.Runner"/>
  <testcase name="run_scenario" time="9.319" classname="selenium_tests.Runner"/>
  <testcase name="run_scenario" time="13.971" classname="selenium_tests.Runner"/>
  <testcase name="run_scenario" time="13.474" classname="selenium_tests.Runner"/>
  <testcase name="run_scenario" time="8.762" classname="selenium_tests.Runner"/>
  <testcase name="run_scenario" time="8.199" classname="selenium_tests.Runner"/>
  <testcase name="run_scenario" time="10.082" classname="selenium_tests.Runner"/>
  <testcase name="run_scenario" time="28.009" classname="selenium_tests.Runner"/>
  <testcase name="run_scenario" time="24.587" classname="selenium_tests.Runner"/>
  <testcase name="run_scenario" time="33.901" classname="selenium_tests.Runner"/>
  <testcase name="run_scenario" time="12.523" classname="selenium_tests.Runner"/>
  <testcase name="run_scenario" time="17.668" classname="selenium_tests.Runner"/>
  <testcase name="run_scenario" time="13.35" classname="selenium_tests.Runner"/>
  <testcase name="run_scenario" time="14.77" classname="selenium_tests.Runner"/>
  <testcase name="run_scenario" time="21.43" classname="selenium_tests.Runner"/>
  <testcase name="run_scenario" time="13.183" classname="selenium_tests.Runner"/>
  <testcase name="run_scenario" time="22.471" classname="selenium_tests.Runner"/>
  <testcase name="run_scenario" time="36.553" classname="selenium_tests.Runner"/>
  <testcase name="run_scenario" time="14.719" classname="selenium_tests.Runner"/>
  <testcase name="run_scenario" time="13.543" classname="selenium_tests.Runner"/>
  <testcase name="run_scenario" time="16.712" classname="selenium_tests.Runner"/>
  <testcase name="run_scenario" time="10.505" classname="selenium_tests.Runner"/>
  <testcase name="run_scenario" time="11.818" classname="selenium_tests.Runner"/>
  <testcase name="run_scenario" time="16.461" classname="selenium_tests.Runner"/>
  <testcase name="run_scenario" time="35.984" classname="selenium_tests.Runner"/>
  <testcase name="run_scenario" time="10.862" classname="selenium_tests.Runner"/>
  <testcase name="run_scenario" time="12.286" classname="selenium_tests.Runner"/>
  <testcase name="run_scenario" time="17.329" classname="selenium_tests.Runner"/>
  <testcase name="run_scenario" time="39.403" classname="selenium_tests.Runner"/>
  <testcase name="run_scenario" time="11.237" classname="selenium_tests.Runner"/>
  <testcase name="run_scenario" time="10.926" classname="selenium_tests.Runner"/>
  <testcase name="run_scenario" time="36.987" classname="selenium_tests.Runner"/>
  <testcase name="run_scenario" time="27.565" classname="selenium_tests.Runner"/>
  <testcase name="run_scenario" time="12.235" classname="selenium_tests.Runner"/>
  <testcase name="run_scenario" time="11.34" classname="selenium_tests.Runner"/>
  <testcase name="run_scenario" time="28.942" classname="selenium_tests.Runner"/>
  <testcase name="run_scenario" time="26.894" classname="selenium_tests.Runner"/>
  <testcase name="run_scenario" time="23.197" classname="selenium_tests.Runner"/>
  <testcase name="run_scenario" time="8.861" classname="selenium_tests.Runner"/>
  <testcase name="run_scenario" time="7.681" classname="selenium_tests.Runner"/>
  <testcase name="run_scenario" time="7.576" classname="selenium_tests.Runner"/>
  <testcase name="run_scenario" time="13.748" classname="selenium_tests.Runner"/>
  <testcase name="run_scenario" time="7.506" classname="selenium_tests.Runner"/>
  <testcase name="run_scenario" time="7.451" classname="selenium_tests.Runner"/>
  <testcase name="run_scenario" time="11.073" classname="selenium_tests.Runner"/>
  <testcase name="run_scenario" time="4.831" classname="selenium_tests.Runner"/>
</testsuite> <!-- windows firefox - no tags (all features) -->
