<?xml version="1.0" encoding="UTF-8"?>
<!-- Generated by org.testng.reporters.JUnitXMLReporter -->
<testsuite hostname="DESKTOP-KQS99BN" ignored="0" name="windows chrome - no tags (all features)" tests="86" failures="0" timestamp="08 Oct 2018 01:05:48 GMT" time="1568.159" errors="0">
  <testcase name="run_scenario" time="20.384" classname="selenium_tests.Runner"/>
  <testcase name="run_scenario" time="13.966" classname="selenium_tests.Runner"/>
  <testcase name="run_scenario" time="16.917" classname="selenium_tests.Runner"/>
  <testcase name="run_scenario" time="16.221" classname="selenium_tests.Runner"/>
  <testcase name="run_scenario" time="14.592" classname="selenium_tests.Runner"/>
  <testcase name="run_scenario" time="13.551" classname="selenium_tests.Runner"/>
  <testcase name="run_scenario" time="23.055" classname="selenium_tests.Runner"/>
  <testcase name="run_scenario" time="20.957" classname="selenium_tests.Runner"/>
  <testcase name="run_scenario" time="29.665" classname="selenium_tests.Runner"/>
  <testcase name="run_scenario" time="21.422" classname="selenium_tests.Runner"/>
  <testcase name="run_scenario" time="21.057" classname="selenium_tests.Runner"/>
  <testcase name="run_scenario" time="22.636" classname="selenium_tests.Runner"/>
  <testcase name="run_scenario" time="22.084" classname="selenium_tests.Runner"/>
  <testcase name="run_scenario" time="23.237" classname="selenium_tests.Runner"/>
  <testcase name="run_scenario" time="38.462" classname="selenium_tests.Runner"/>
  <testcase name="run_scenario" time="18.173" classname="selenium_tests.Runner"/>
  <testcase name="run_scenario" time="16.594" classname="selenium_tests.Runner"/>
  <testcase name="run_scenario" time="18.295" classname="selenium_tests.Runner"/>
  <testcase name="run_scenario" time="17.992" classname="selenium_tests.Runner"/>
  <testcase name="run_scenario" time="20.534" classname="selenium_tests.Runner"/>
  <testcase name="run_scenario" time="11.396" classname="selenium_tests.Runner"/>
  <testcase name="run_scenario" time="26.326" classname="selenium_tests.Runner"/>
  <testcase name="run_scenario" time="24.235" classname="selenium_tests.Runner"/>
  <testcase name="run_scenario" time="27.263" classname="selenium_tests.Runner"/>
  <testcase name="run_scenario" time="26.696" classname="selenium_tests.Runner"/>
  <testcase name="run_scenario" time="27.291" classname="selenium_tests.Runner"/>
  <testcase name="run_scenario" time="25.272" classname="selenium_tests.Runner"/>
  <testcase name="run_scenario" time="24.173" classname="selenium_tests.Runner"/>
  <testcase name="run_scenario" time="16.118" classname="selenium_tests.Runner">
    <skipped/>
  </testcase> <!-- run_scenario -->
  <testcase name="run_scenario" time="23.941" classname="selenium_tests.Runner"/>
  <testcase name="run_scenario" time="27.228" classname="selenium_tests.Runner"/>
  <testcase name="run_scenario" time="31.502" classname="selenium_tests.Runner"/>
  <testcase name="run_scenario" time="25.376" classname="selenium_tests.Runner"/>
  <testcase name="run_scenario" time="24.206" classname="selenium_tests.Runner"/>
  <testcase name="run_scenario" time="24.636" classname="selenium_tests.Runner"/>
  <testcase name="run_scenario" time="61.679" classname="selenium_tests.Runner"/>
  <testcase name="run_scenario" time="54.435" classname="selenium_tests.Runner"/>
  <testcase name="run_scenario" time="29.027" classname="selenium_tests.Runner"/>
  <testcase name="run_scenario" time="13.173" classname="selenium_tests.Runner"/>
  <testcase name="run_scenario" time="10.293" classname="selenium_tests.Runner"/>
  <testcase name="run_scenario" time="8.441" classname="selenium_tests.Runner"/>
  <testcase name="run_scenario" time="6.431" classname="selenium_tests.Runner"/>
  <testcase name="run_scenario" time="7.862" classname="selenium_tests.Runner"/>
  <testcase name="run_scenario" time="10.661" classname="selenium_tests.Runner"/>
  <testcase name="run_scenario" time="12.311" classname="selenium_tests.Runner"/>
  <testcase name="run_scenario" time="9.533" classname="selenium_tests.Runner"/>
  <testcase name="run_scenario" time="13.737" classname="selenium_tests.Runner"/>
  <testcase name="run_scenario" time="16.132" classname="selenium_tests.Runner"/>
  <testcase name="run_scenario" time="18.631" classname="selenium_tests.Runner"/>
  <testcase name="run_scenario" time="24.061" classname="selenium_tests.Runner"/>
  <testcase name="run_scenario" time="20.795" classname="selenium_tests.Runner"/>
  <testcase name="run_scenario" time="23.004" classname="selenium_tests.Runner"/>
  <testcase name="run_scenario" time="14.034" classname="selenium_tests.Runner"/>
  <testcase name="run_scenario" time="18.214" classname="selenium_tests.Runner"/>
  <testcase name="run_scenario" time="20.818" classname="selenium_tests.Runner"/>
  <testcase name="run_scenario" time="15.802" classname="selenium_tests.Runner"/>
  <testcase name="run_scenario" time="16.119" classname="selenium_tests.Runner"/>
  <testcase name="run_scenario" time="20.13" classname="selenium_tests.Runner"/>
  <testcase name="run_scenario" time="16.057" classname="selenium_tests.Runner"/>
  <testcase name="run_scenario" time="10.212" classname="selenium_tests.Runner"/>
  <testcase name="run_scenario" time="11.213" classname="selenium_tests.Runner"/>
  <testcase name="run_scenario" time="12.205" classname="selenium_tests.Runner"/>
  <testcase name="run_scenario" time="14.278" classname="selenium_tests.Runner"/>
  <testcase name="run_scenario" time="13.828" classname="selenium_tests.Runner"/>
  <testcase name="run_scenario" time="15.53" classname="selenium_tests.Runner"/>
  <testcase name="run_scenario" time="15.764" classname="selenium_tests.Runner"/>
  <testcase name="run_scenario" time="14.59" classname="selenium_tests.Runner"/>
  <testcase name="run_scenario" time="17.744" classname="selenium_tests.Runner"/>
  <testcase name="run_scenario" time="19.193" classname="selenium_tests.Runner"/>
  <testcase name="run_scenario" time="19.641" classname="selenium_tests.Runner"/>
  <testcase name="run_scenario" time="16.156" classname="selenium_tests.Runner"/>
  <testcase name="run_scenario" time="13.267" classname="selenium_tests.Runner"/>
  <testcase name="run_scenario" time="16.242" classname="selenium_tests.Runner"/>
  <testcase name="run_scenario" time="13.416" classname="selenium_tests.Runner"/>
  <testcase name="run_scenario" time="16.055" classname="selenium_tests.Runner"/>
  <testcase name="run_scenario" time="11.569" classname="selenium_tests.Runner"/>
  <testcase name="run_scenario" time="7.89" classname="selenium_tests.Runner"/>
  <testcase name="run_scenario" time="7.752" classname="selenium_tests.Runner"/>
  <testcase name="run_scenario" time="8.208" classname="selenium_tests.Runner"/>
  <testcase name="run_scenario" time="6.52" classname="selenium_tests.Runner"/>
  <testcase name="run_scenario" time="7.027" classname="selenium_tests.Runner"/>
  <testcase name="run_scenario" time="7.319" classname="selenium_tests.Runner"/>
  <testcase name="run_scenario" time="5.931" classname="selenium_tests.Runner"/>
  <testcase name="run_scenario" time="4.948" classname="selenium_tests.Runner"/>
  <testcase name="run_scenario" time="3.004" classname="selenium_tests.Runner"/>
  <testcase name="run_scenario" time="7.084" classname="selenium_tests.Runner"/>
</testsuite> <!-- windows chrome - no tags (all features) -->
