<?xml version="1.0" encoding="UTF-8"?>
<!-- Generated by org.testng.reporters.JUnitXMLReporter -->
<testsuite hostname="DESKTOP-KQS99BN" ignored="0" name="windows firefox - no tags (all features)" tests="86" failures="0" timestamp="08 Oct 2018 01:13:06 GMT" time="2006.652" errors="0">
  <testcase name="run_scenario" time="21.304" classname="selenium_tests.Runner"/>
  <testcase name="run_scenario" time="13.024" classname="selenium_tests.Runner"/>
  <testcase name="run_scenario" time="17.462" classname="selenium_tests.Runner"/>
  <testcase name="run_scenario" time="16.645" classname="selenium_tests.Runner"/>
  <testcase name="run_scenario" time="15.833" classname="selenium_tests.Runner"/>
  <testcase name="run_scenario" time="13.714" classname="selenium_tests.Runner"/>
  <testcase name="run_scenario" time="17.919" classname="selenium_tests.Runner"/>
  <testcase name="run_scenario" time="17.251" classname="selenium_tests.Runner"/>
  <testcase name="run_scenario" time="19.15" classname="selenium_tests.Runner"/>
  <testcase name="run_scenario" time="26.493" classname="selenium_tests.Runner"/>
  <testcase name="run_scenario" time="22.102" classname="selenium_tests.Runner"/>
  <testcase name="run_scenario" time="25.708" classname="selenium_tests.Runner"/>
  <testcase name="run_scenario" time="20.933" classname="selenium_tests.Runner"/>
  <testcase name="run_scenario" time="18.84" classname="selenium_tests.Runner"/>
  <testcase name="run_scenario" time="21.504" classname="selenium_tests.Runner"/>
  <testcase name="run_scenario" time="20.574" classname="selenium_tests.Runner"/>
  <testcase name="run_scenario" time="23.723" classname="selenium_tests.Runner"/>
  <testcase name="run_scenario" time="24.631" classname="selenium_tests.Runner"/>
  <testcase name="run_scenario" time="30.517" classname="selenium_tests.Runner"/>
  <testcase name="run_scenario" time="24.654" classname="selenium_tests.Runner"/>
  <testcase name="run_scenario" time="15.378" classname="selenium_tests.Runner"/>
  <testcase name="run_scenario" time="27.312" classname="selenium_tests.Runner"/>
  <testcase name="run_scenario" time="34.767" classname="selenium_tests.Runner"/>
  <testcase name="run_scenario" time="21.426" classname="selenium_tests.Runner"/>
  <testcase name="run_scenario" time="25.017" classname="selenium_tests.Runner"/>
  <testcase name="run_scenario" time="26.585" classname="selenium_tests.Runner"/>
  <testcase name="run_scenario" time="31.521" classname="selenium_tests.Runner"/>
  <testcase name="run_scenario" time="37.4" classname="selenium_tests.Runner"/>
  <testcase name="run_scenario" time="26.08" classname="selenium_tests.Runner">
    <skipped/>
  </testcase> <!-- run_scenario -->
  <testcase name="run_scenario" time="46.301" classname="selenium_tests.Runner"/>
  <testcase name="run_scenario" time="39.413" classname="selenium_tests.Runner"/>
  <testcase name="run_scenario" time="42.817" classname="selenium_tests.Runner"/>
  <testcase name="run_scenario" time="32.109" classname="selenium_tests.Runner"/>
  <testcase name="run_scenario" time="24.39" classname="selenium_tests.Runner"/>
  <testcase name="run_scenario" time="50.164" classname="selenium_tests.Runner"/>
  <testcase name="run_scenario" time="123.261" classname="selenium_tests.Runner"/>
  <testcase name="run_scenario" time="142.413" classname="selenium_tests.Runner"/>
  <testcase name="run_scenario" time="45.099" classname="selenium_tests.Runner"/>
  <testcase name="run_scenario" time="11.062" classname="selenium_tests.Runner"/>
  <testcase name="run_scenario" time="13.577" classname="selenium_tests.Runner"/>
  <testcase name="run_scenario" time="47.885" classname="selenium_tests.Runner"/>
  <testcase name="run_scenario" time="9.634" classname="selenium_tests.Runner"/>
  <testcase name="run_scenario" time="8.566" classname="selenium_tests.Runner"/>
  <testcase name="run_scenario" time="11.473" classname="selenium_tests.Runner"/>
  <testcase name="run_scenario" time="28.226" classname="selenium_tests.Runner"/>
  <testcase name="run_scenario" time="10.704" classname="selenium_tests.Runner"/>
  <testcase name="run_scenario" time="15.283" classname="selenium_tests.Runner"/>
  <testcase name="run_scenario" time="15.517" classname="selenium_tests.Runner"/>
  <testcase name="run_scenario" time="47.48" classname="selenium_tests.Runner"/>
  <testcase name="run_scenario" time="37.305" classname="selenium_tests.Runner"/>
  <testcase name="run_scenario" time="38.988" classname="selenium_tests.Runner"/>
  <testcase name="run_scenario" time="12.947" classname="selenium_tests.Runner"/>
  <testcase name="run_scenario" time="12.826" classname="selenium_tests.Runner"/>
  <testcase name="run_scenario" time="32.558" classname="selenium_tests.Runner"/>
  <testcase name="run_scenario" time="12.085" classname="selenium_tests.Runner"/>
  <testcase name="run_scenario" time="8.571" classname="selenium_tests.Runner"/>
  <testcase name="run_scenario" time="8.681" classname="selenium_tests.Runner"/>
  <testcase name="run_scenario" time="14.801" classname="selenium_tests.Runner"/>
  <testcase name="run_scenario" time="22.114" classname="selenium_tests.Runner"/>
  <testcase name="run_scenario" time="9.381" classname="selenium_tests.Runner"/>
  <testcase name="run_scenario" time="8.079" classname="selenium_tests.Runner"/>
  <testcase name="run_scenario" time="9.213" classname="selenium_tests.Runner"/>
  <testcase name="run_scenario" time="19.362" classname="selenium_tests.Runner"/>
  <testcase name="run_scenario" time="24.582" classname="selenium_tests.Runner"/>
  <testcase name="run_scenario" time="22.195" classname="selenium_tests.Runner"/>
  <testcase name="run_scenario" time="23.403" classname="selenium_tests.Runner"/>
  <testcase name="run_scenario" time="8.787" classname="selenium_tests.Runner"/>
  <testcase name="run_scenario" time="49.916" classname="selenium_tests.Runner"/>
  <testcase name="run_scenario" time="11.086" classname="selenium_tests.Runner"/>
  <testcase name="run_scenario" time="8.324" classname="selenium_tests.Runner"/>
  <testcase name="run_scenario" time="9.168" classname="selenium_tests.Runner"/>
  <testcase name="run_scenario" time="10.336" classname="selenium_tests.Runner"/>
  <testcase name="run_scenario" time="6.923" classname="selenium_tests.Runner"/>
  <testcase name="run_scenario" time="8.208" classname="selenium_tests.Runner"/>
  <testcase name="run_scenario" time="7.705" classname="selenium_tests.Runner"/>
  <testcase name="run_scenario" time="14.823" classname="selenium_tests.Runner"/>
  <testcase name="run_scenario" time="19.7" classname="selenium_tests.Runner"/>
  <testcase name="run_scenario" time="7.962" classname="selenium_tests.Runner"/>
  <testcase name="run_scenario" time="6.827" classname="selenium_tests.Runner"/>
  <testcase name="run_scenario" time="6.467" classname="selenium_tests.Runner"/>
  <testcase name="run_scenario" time="6.716" classname="selenium_tests.Runner"/>
  <testcase name="run_scenario" time="7.098" classname="selenium_tests.Runner"/>
  <testcase name="run_scenario" time="9.445" classname="selenium_tests.Runner"/>
  <testcase name="run_scenario" time="12.149" classname="selenium_tests.Runner"/>
  <testcase name="run_scenario" time="18.377" classname="selenium_tests.Runner"/>
  <testcase name="run_scenario" time="10.301" classname="selenium_tests.Runner"/>
</testsuite> <!-- windows firefox - no tags (all features) -->
