<?xml version="1.0" encoding="UTF-8"?>
<!-- Generated by org.testng.reporters.JUnitXMLReporter -->
<testsuite hostname="DESKTOP-KQS99BN" ignored="0" name="windows edge - no tags (all features)" tests="85" failures="0" timestamp="07 Oct 2018 00:36:42 GMT" time="1331.091" errors="0">
  <testcase name="run_scenario" time="17.824" classname="selenium_tests.Runner"/>
  <testcase name="run_scenario" time="19.23" classname="selenium_tests.Runner"/>
  <testcase name="run_scenario" time="21.966" classname="selenium_tests.Runner"/>
  <testcase name="run_scenario" time="20.028" classname="selenium_tests.Runner"/>
  <testcase name="run_scenario" time="17.085" classname="selenium_tests.Runner"/>
  <testcase name="run_scenario" time="20.506" classname="selenium_tests.Runner"/>
  <testcase name="run_scenario" time="18.749" classname="selenium_tests.Runner"/>
  <testcase name="run_scenario" time="20.653" classname="selenium_tests.Runner"/>
  <testcase name="run_scenario" time="21.318" classname="selenium_tests.Runner"/>
  <testcase name="run_scenario" time="19.63" classname="selenium_tests.Runner"/>
  <testcase name="run_scenario" time="22.093" classname="selenium_tests.Runner"/>
  <testcase name="run_scenario" time="18.704" classname="selenium_tests.Runner"/>
  <testcase name="run_scenario" time="19.397" classname="selenium_tests.Runner"/>
  <testcase name="run_scenario" time="20.394" classname="selenium_tests.Runner"/>
  <testcase name="run_scenario" time="17.113" classname="selenium_tests.Runner"/>
  <testcase name="run_scenario" time="18.351" classname="selenium_tests.Runner"/>
  <testcase name="run_scenario" time="19.733" classname="selenium_tests.Runner"/>
  <testcase name="run_scenario" time="21.885" classname="selenium_tests.Runner"/>
  <testcase name="run_scenario" time="23.003" classname="selenium_tests.Runner"/>
  <testcase name="run_scenario" time="20.684" classname="selenium_tests.Runner"/>
  <testcase name="run_scenario" time="7.947" classname="selenium_tests.Runner"/>
  <testcase name="run_scenario" time="24.957" classname="selenium_tests.Runner"/>
  <testcase name="run_scenario" time="24.342" classname="selenium_tests.Runner"/>
  <testcase name="run_scenario" time="25.263" classname="selenium_tests.Runner"/>
  <testcase name="run_scenario" time="23.15" classname="selenium_tests.Runner"/>
  <testcase name="run_scenario" time="21.87" classname="selenium_tests.Runner"/>
  <testcase name="run_scenario" time="23.067" classname="selenium_tests.Runner"/>
  <testcase name="run_scenario" time="25.055" classname="selenium_tests.Runner"/>
  <testcase name="run_scenario" time="15.614" classname="selenium_tests.Runner">
    <skipped/>
  </testcase> <!-- run_scenario -->
  <testcase name="run_scenario" time="32.811" classname="selenium_tests.Runner"/>
  <testcase name="run_scenario" time="31.149" classname="selenium_tests.Runner"/>
  <testcase name="run_scenario" time="25.336" classname="selenium_tests.Runner"/>
  <testcase name="run_scenario" time="22.511" classname="selenium_tests.Runner"/>
  <testcase name="run_scenario" time="19.924" classname="selenium_tests.Runner"/>
  <testcase name="run_scenario" time="17.353" classname="selenium_tests.Runner"/>
  <testcase name="run_scenario" time="13.798" classname="selenium_tests.Runner">
    <skipped/>
  </testcase> <!-- run_scenario -->
  <testcase name="run_scenario" time="63.266" classname="selenium_tests.Runner"/>
  <testcase name="run_scenario" time="50.563" classname="selenium_tests.Runner">
    <skipped/>
  </testcase> <!-- run_scenario -->
  <testcase name="run_scenario" time="7.661" classname="selenium_tests.Runner"/>
  <testcase name="run_scenario" time="9.836" classname="selenium_tests.Runner"/>
  <testcase name="run_scenario" time="8.483" classname="selenium_tests.Runner"/>
  <testcase name="run_scenario" time="8.384" classname="selenium_tests.Runner"/>
  <testcase name="run_scenario" time="9.434" classname="selenium_tests.Runner"/>
  <testcase name="run_scenario" time="9.928" classname="selenium_tests.Runner"/>
  <testcase name="run_scenario" time="9.199" classname="selenium_tests.Runner"/>
  <testcase name="run_scenario" time="6.143" classname="selenium_tests.Runner"/>
  <testcase name="run_scenario" time="9.147" classname="selenium_tests.Runner"/>
  <testcase name="run_scenario" time="11.401" classname="selenium_tests.Runner"/>
  <testcase name="run_scenario" time="11.188" classname="selenium_tests.Runner"/>
  <testcase name="run_scenario" time="12.145" classname="selenium_tests.Runner"/>
  <testcase name="run_scenario" time="10.427" classname="selenium_tests.Runner"/>
  <testcase name="run_scenario" time="12.098" classname="selenium_tests.Runner"/>
  <testcase name="run_scenario" time="10.96" classname="selenium_tests.Runner"/>
  <testcase name="run_scenario" time="12.507" classname="selenium_tests.Runner"/>
  <testcase name="run_scenario" time="13.466" classname="selenium_tests.Runner"/>
  <testcase name="run_scenario" time="12.105" classname="selenium_tests.Runner"/>
  <testcase name="run_scenario" time="11.771" classname="selenium_tests.Runner"/>
  <testcase name="run_scenario" time="11.355" classname="selenium_tests.Runner"/>
  <testcase name="run_scenario" time="9.711" classname="selenium_tests.Runner"/>
  <testcase name="run_scenario" time="11.87" classname="selenium_tests.Runner"/>
  <testcase name="run_scenario" time="13.03" classname="selenium_tests.Runner"/>
  <testcase name="run_scenario" time="11.166" classname="selenium_tests.Runner"/>
  <testcase name="run_scenario" time="10.655" classname="selenium_tests.Runner"/>
  <testcase name="run_scenario" time="11.852" classname="selenium_tests.Runner"/>
  <testcase name="run_scenario" time="10.24" classname="selenium_tests.Runner"/>
  <testcase name="run_scenario" time="8.686" classname="selenium_tests.Runner"/>
  <testcase name="run_scenario" time="7.049" classname="selenium_tests.Runner"/>
  <testcase name="run_scenario" time="9.096" classname="selenium_tests.Runner"/>
  <testcase name="run_scenario" time="9.876" classname="selenium_tests.Runner"/>
  <testcase name="run_scenario" time="10.193" classname="selenium_tests.Runner"/>
  <testcase name="run_scenario" time="9.166" classname="selenium_tests.Runner"/>
  <testcase name="run_scenario" time="11.95" classname="selenium_tests.Runner"/>
  <testcase name="run_scenario" time="8.094" classname="selenium_tests.Runner"/>
  <testcase name="run_scenario" time="8.391" classname="selenium_tests.Runner"/>
  <testcase name="run_scenario" time="8.85" classname="selenium_tests.Runner"/>
  <testcase name="run_scenario" time="9.601" classname="selenium_tests.Runner"/>
  <testcase name="run_scenario" time="11.477" classname="selenium_tests.Runner"/>
  <testcase name="run_scenario" time="6.842" classname="selenium_tests.Runner"/>
  <testcase name="run_scenario" time="8.472" classname="selenium_tests.Runner"/>
  <testcase name="run_scenario" time="8.155" classname="selenium_tests.Runner"/>
  <testcase name="run_scenario" time="7.119" classname="selenium_tests.Runner"/>
  <testcase name="run_scenario" time="6.942" classname="selenium_tests.Runner"/>
  <testcase name="run_scenario" time="7.915" classname="selenium_tests.Runner"/>
  <testcase name="run_scenario" time="6.466" classname="selenium_tests.Runner"/>
  <testcase name="run_scenario" time="4.283" classname="selenium_tests.Runner"/>
</testsuite> <!-- windows edge - no tags (all features) -->
