<?xml version="1.0" encoding="UTF-8"?>
<!-- Generated by org.testng.reporters.JUnitXMLReporter -->
<testsuite hostname="DESKTOP-KQS99BN" ignored="0" name="windows chrome - no tags (all features)" tests="86" failures="0" timestamp="07 Oct 2018 20:14:19 GMT" time="1175.125" errors="0">
  <testcase name="run_scenario" time="22.957" classname="selenium_tests.Runner"/>
  <testcase name="run_scenario" time="14.595" classname="selenium_tests.Runner"/>
  <testcase name="run_scenario" time="14.244" classname="selenium_tests.Runner"/>
  <testcase name="run_scenario" time="13.694" classname="selenium_tests.Runner"/>
  <testcase name="run_scenario" time="14.451" classname="selenium_tests.Runner"/>
  <testcase name="run_scenario" time="12.58" classname="selenium_tests.Runner"/>
  <testcase name="run_scenario" time="13.148" classname="selenium_tests.Runner"/>
  <testcase name="run_scenario" time="14.715" classname="selenium_tests.Runner"/>
  <testcase name="run_scenario" time="19.883" classname="selenium_tests.Runner"/>
  <testcase name="run_scenario" time="15.172" classname="selenium_tests.Runner"/>
  <testcase name="run_scenario" time="17.424" classname="selenium_tests.Runner"/>
  <testcase name="run_scenario" time="16.783" classname="selenium_tests.Runner"/>
  <testcase name="run_scenario" time="14.738" classname="selenium_tests.Runner"/>
  <testcase name="run_scenario" time="15.277" classname="selenium_tests.Runner"/>
  <testcase name="run_scenario" time="13.608" classname="selenium_tests.Runner"/>
  <testcase name="run_scenario" time="16.309" classname="selenium_tests.Runner"/>
  <testcase name="run_scenario" time="17.167" classname="selenium_tests.Runner"/>
  <testcase name="run_scenario" time="19.227" classname="selenium_tests.Runner"/>
  <testcase name="run_scenario" time="15.398" classname="selenium_tests.Runner"/>
  <testcase name="run_scenario" time="14.836" classname="selenium_tests.Runner"/>
  <testcase name="run_scenario" time="8.609" classname="selenium_tests.Runner"/>
  <testcase name="run_scenario" time="20.965" classname="selenium_tests.Runner"/>
  <testcase name="run_scenario" time="20.524" classname="selenium_tests.Runner"/>
  <testcase name="run_scenario" time="23.903" classname="selenium_tests.Runner"/>
  <testcase name="run_scenario" time="21.145" classname="selenium_tests.Runner"/>
  <testcase name="run_scenario" time="21.511" classname="selenium_tests.Runner"/>
  <testcase name="run_scenario" time="21.722" classname="selenium_tests.Runner"/>
  <testcase name="run_scenario" time="21.463" classname="selenium_tests.Runner"/>
  <testcase name="run_scenario" time="12.812" classname="selenium_tests.Runner">
    <skipped/>
  </testcase> <!-- run_scenario -->
  <testcase name="run_scenario" time="25.26" classname="selenium_tests.Runner"/>
  <testcase name="run_scenario" time="20.802" classname="selenium_tests.Runner"/>
  <testcase name="run_scenario" time="22.701" classname="selenium_tests.Runner"/>
  <testcase name="run_scenario" time="19.508" classname="selenium_tests.Runner"/>
  <testcase name="run_scenario" time="16.543" classname="selenium_tests.Runner"/>
  <testcase name="run_scenario" time="16.309" classname="selenium_tests.Runner"/>
  <testcase name="run_scenario" time="47.864" classname="selenium_tests.Runner"/>
  <testcase name="run_scenario" time="44.318" classname="selenium_tests.Runner"/>
  <testcase name="run_scenario" time="22.747" classname="selenium_tests.Runner"/>
  <testcase name="run_scenario" time="7.632" classname="selenium_tests.Runner"/>
  <testcase name="run_scenario" time="8.129" classname="selenium_tests.Runner"/>
  <testcase name="run_scenario" time="6.479" classname="selenium_tests.Runner"/>
  <testcase name="run_scenario" time="6.497" classname="selenium_tests.Runner"/>
  <testcase name="run_scenario" time="5.987" classname="selenium_tests.Runner"/>
  <testcase name="run_scenario" time="5.864" classname="selenium_tests.Runner"/>
  <testcase name="run_scenario" time="5.693" classname="selenium_tests.Runner"/>
  <testcase name="run_scenario" time="5.937" classname="selenium_tests.Runner"/>
  <testcase name="run_scenario" time="12.084" classname="selenium_tests.Runner"/>
  <testcase name="run_scenario" time="11.442" classname="selenium_tests.Runner"/>
  <testcase name="run_scenario" time="10.128" classname="selenium_tests.Runner"/>
  <testcase name="run_scenario" time="10.934" classname="selenium_tests.Runner"/>
  <testcase name="run_scenario" time="9.958" classname="selenium_tests.Runner"/>
  <testcase name="run_scenario" time="10.268" classname="selenium_tests.Runner"/>
  <testcase name="run_scenario" time="12.655" classname="selenium_tests.Runner"/>
  <testcase name="run_scenario" time="10.931" classname="selenium_tests.Runner"/>
  <testcase name="run_scenario" time="12.236" classname="selenium_tests.Runner"/>
  <testcase name="run_scenario" time="11.156" classname="selenium_tests.Runner"/>
  <testcase name="run_scenario" time="10.535" classname="selenium_tests.Runner"/>
  <testcase name="run_scenario" time="11.499" classname="selenium_tests.Runner"/>
  <testcase name="run_scenario" time="12.675" classname="selenium_tests.Runner"/>
  <testcase name="run_scenario" time="11.097" classname="selenium_tests.Runner"/>
  <testcase name="run_scenario" time="10.733" classname="selenium_tests.Runner"/>
  <testcase name="run_scenario" time="11.418" classname="selenium_tests.Runner"/>
  <testcase name="run_scenario" time="11.497" classname="selenium_tests.Runner"/>
  <testcase name="run_scenario" time="11.174" classname="selenium_tests.Runner"/>
  <testcase name="run_scenario" time="10.349" classname="selenium_tests.Runner"/>
  <testcase name="run_scenario" time="10.483" classname="selenium_tests.Runner"/>
  <testcase name="run_scenario" time="9.599" classname="selenium_tests.Runner"/>
  <testcase name="run_scenario" time="11.265" classname="selenium_tests.Runner"/>
  <testcase name="run_scenario" time="8.357" classname="selenium_tests.Runner"/>
  <testcase name="run_scenario" time="6.838" classname="selenium_tests.Runner"/>
  <testcase name="run_scenario" time="7.843" classname="selenium_tests.Runner"/>
  <testcase name="run_scenario" time="7.957" classname="selenium_tests.Runner"/>
  <testcase name="run_scenario" time="10.402" classname="selenium_tests.Runner"/>
  <testcase name="run_scenario" time="9.229" classname="selenium_tests.Runner"/>
  <testcase name="run_scenario" time="7.735" classname="selenium_tests.Runner"/>
  <testcase name="run_scenario" time="8.19" classname="selenium_tests.Runner"/>
  <testcase name="run_scenario" time="8.221" classname="selenium_tests.Runner"/>
  <testcase name="run_scenario" time="6.841" classname="selenium_tests.Runner"/>
  <testcase name="run_scenario" time="6.736" classname="selenium_tests.Runner"/>
  <testcase name="run_scenario" time="7.014" classname="selenium_tests.Runner"/>
  <testcase name="run_scenario" time="6.964" classname="selenium_tests.Runner"/>
  <testcase name="run_scenario" time="8.24" classname="selenium_tests.Runner"/>
  <testcase name="run_scenario" time="7.968" classname="selenium_tests.Runner"/>
  <testcase name="run_scenario" time="7.085" classname="selenium_tests.Runner"/>
  <testcase name="run_scenario" time="3.432" classname="selenium_tests.Runner"/>
  <testcase name="run_scenario" time="7.623" classname="selenium_tests.Runner"/>
</testsuite> <!-- windows chrome - no tags (all features) -->
