<?xml version="1.0" encoding="UTF-8"?>
<!-- Generated by org.testng.reporters.JUnitXMLReporter -->
<testsuite hostname="DESKTOP-KQS99BN" ignored="0" name="windows chrome - just Product feature" tests="20" failures="0" timestamp="05 Oct 2018 14:40:22 GMT" time="242.803" errors="0">
  <testcase name="run_scenario" time="21.628" classname="selenium_tests.Runner"/>
  <testcase name="run_scenario" time="12.833" classname="selenium_tests.Runner"/>
  <testcase name="run_scenario" time="12.007" classname="selenium_tests.Runner"/>
  <testcase name="run_scenario" time="10.714" classname="selenium_tests.Runner"/>
  <testcase name="run_scenario" time="10.57" classname="selenium_tests.Runner"/>
  <testcase name="run_scenario" time="11.135" classname="selenium_tests.Runner"/>
  <testcase name="run_scenario" time="7.895" classname="selenium_tests.Runner">
    <skipped/>
  </testcase> <!-- run_scenario -->
  <testcase name="run_scenario" time="10.033" classname="selenium_tests.Runner">
    <skipped/>
  </testcase> <!-- run_scenario -->
  <testcase name="run_scenario" time="12.124" classname="selenium_tests.Runner"/>
  <testcase name="run_scenario" time="10.696" classname="selenium_tests.Runner"/>
  <testcase name="run_scenario" time="10.71" classname="selenium_tests.Runner"/>
  <testcase name="run_scenario" time="10.28" classname="selenium_tests.Runner"/>
  <testcase name="run_scenario" time="10.262" classname="selenium_tests.Runner"/>
  <testcase name="run_scenario" time="10.563" classname="selenium_tests.Runner"/>
  <testcase name="run_scenario" time="12.497" classname="selenium_tests.Runner"/>
  <testcase name="run_scenario" time="12.245" classname="selenium_tests.Runner"/>
  <testcase name="run_scenario" time="10.667" classname="selenium_tests.Runner"/>
  <testcase name="run_scenario" time="11.153" classname="selenium_tests.Runner"/>
  <testcase name="run_scenario" time="11.232" classname="selenium_tests.Runner"/>
  <testcase name="run_scenario" time="12.029" classname="selenium_tests.Runner"/>
</testsuite> <!-- windows chrome - just Product feature -->
