<?xml version="1.0" encoding="UTF-8"?>
<!-- Generated by org.testng.reporters.JUnitXMLReporter -->
<testsuite hostname="DESKTOP-KQS99BN" ignored="0" name="windows edge - no tags (all features)" tests="86" failures="0" timestamp="08 Oct 2018 01:04:31 GMT" time="1491.626" errors="0">
  <testcase name="run_scenario" time="16.902" classname="selenium_tests.Runner"/>
  <testcase name="run_scenario" time="15.362" classname="selenium_tests.Runner"/>
  <testcase name="run_scenario" time="19.053" classname="selenium_tests.Runner"/>
  <testcase name="run_scenario" time="19.741" classname="selenium_tests.Runner"/>
  <testcase name="run_scenario" time="18.172" classname="selenium_tests.Runner"/>
  <testcase name="run_scenario" time="18.133" classname="selenium_tests.Runner"/>
  <testcase name="run_scenario" time="19.278" classname="selenium_tests.Runner"/>
  <testcase name="run_scenario" time="20.445" classname="selenium_tests.Runner"/>
  <testcase name="run_scenario" time="19.616" classname="selenium_tests.Runner"/>
  <testcase name="run_scenario" time="21.092" classname="selenium_tests.Runner"/>
  <testcase name="run_scenario" time="21.345" classname="selenium_tests.Runner"/>
  <testcase name="run_scenario" time="17.904" classname="selenium_tests.Runner"/>
  <testcase name="run_scenario" time="20.046" classname="selenium_tests.Runner"/>
  <testcase name="run_scenario" time="20.562" classname="selenium_tests.Runner"/>
  <testcase name="run_scenario" time="18.459" classname="selenium_tests.Runner"/>
  <testcase name="run_scenario" time="17.459" classname="selenium_tests.Runner"/>
  <testcase name="run_scenario" time="22.176" classname="selenium_tests.Runner"/>
  <testcase name="run_scenario" time="23.262" classname="selenium_tests.Runner"/>
  <testcase name="run_scenario" time="22.335" classname="selenium_tests.Runner"/>
  <testcase name="run_scenario" time="20.359" classname="selenium_tests.Runner"/>
  <testcase name="run_scenario" time="8.754" classname="selenium_tests.Runner"/>
  <testcase name="run_scenario" time="25.126" classname="selenium_tests.Runner"/>
  <testcase name="run_scenario" time="26.56" classname="selenium_tests.Runner"/>
  <testcase name="run_scenario" time="26.082" classname="selenium_tests.Runner"/>
  <testcase name="run_scenario" time="24.285" classname="selenium_tests.Runner"/>
  <testcase name="run_scenario" time="24.338" classname="selenium_tests.Runner"/>
  <testcase name="run_scenario" time="24.622" classname="selenium_tests.Runner"/>
  <testcase name="run_scenario" time="25.453" classname="selenium_tests.Runner"/>
  <testcase name="run_scenario" time="16.367" classname="selenium_tests.Runner">
    <skipped/>
  </testcase> <!-- run_scenario -->
  <testcase name="run_scenario" time="30.332" classname="selenium_tests.Runner"/>
  <testcase name="run_scenario" time="31.151" classname="selenium_tests.Runner"/>
  <testcase name="run_scenario" time="29.461" classname="selenium_tests.Runner"/>
  <testcase name="run_scenario" time="26.327" classname="selenium_tests.Runner"/>
  <testcase name="run_scenario" time="24.251" classname="selenium_tests.Runner"/>
  <testcase name="run_scenario" time="25.668" classname="selenium_tests.Runner"/>
  <testcase name="run_scenario" time="81.283" classname="selenium_tests.Runner"/>
  <testcase name="run_scenario" time="72.648" classname="selenium_tests.Runner"/>
  <testcase name="run_scenario" time="13.515" classname="selenium_tests.Runner">
    <skipped/>
  </testcase> <!-- run_scenario -->
  <testcase name="run_scenario" time="10.119" classname="selenium_tests.Runner"/>
  <testcase name="run_scenario" time="9.196" classname="selenium_tests.Runner"/>
  <testcase name="run_scenario" time="8.595" classname="selenium_tests.Runner"/>
  <testcase name="run_scenario" time="7.234" classname="selenium_tests.Runner"/>
  <testcase name="run_scenario" time="7.555" classname="selenium_tests.Runner"/>
  <testcase name="run_scenario" time="9.803" classname="selenium_tests.Runner"/>
  <testcase name="run_scenario" time="9.5" classname="selenium_tests.Runner"/>
  <testcase name="run_scenario" time="8.959" classname="selenium_tests.Runner"/>
  <testcase name="run_scenario" time="12.763" classname="selenium_tests.Runner"/>
  <testcase name="run_scenario" time="12.477" classname="selenium_tests.Runner"/>
  <testcase name="run_scenario" time="13.129" classname="selenium_tests.Runner"/>
  <testcase name="run_scenario" time="11.108" classname="selenium_tests.Runner"/>
  <testcase name="run_scenario" time="13.337" classname="selenium_tests.Runner"/>
  <testcase name="run_scenario" time="13.785" classname="selenium_tests.Runner"/>
  <testcase name="run_scenario" time="12.501" classname="selenium_tests.Runner"/>
  <testcase name="run_scenario" time="14.211" classname="selenium_tests.Runner"/>
  <testcase name="run_scenario" time="16.817" classname="selenium_tests.Runner"/>
  <testcase name="run_scenario" time="12.771" classname="selenium_tests.Runner"/>
  <testcase name="run_scenario" time="12.63" classname="selenium_tests.Runner"/>
  <testcase name="run_scenario" time="13.662" classname="selenium_tests.Runner"/>
  <testcase name="run_scenario" time="11.607" classname="selenium_tests.Runner"/>
  <testcase name="run_scenario" time="12.242" classname="selenium_tests.Runner"/>
  <testcase name="run_scenario" time="11.831" classname="selenium_tests.Runner"/>
  <testcase name="run_scenario" time="12.254" classname="selenium_tests.Runner"/>
  <testcase name="run_scenario" time="13.223" classname="selenium_tests.Runner"/>
  <testcase name="run_scenario" time="16.361" classname="selenium_tests.Runner"/>
  <testcase name="run_scenario" time="11.225" classname="selenium_tests.Runner"/>
  <testcase name="run_scenario" time="10.647" classname="selenium_tests.Runner"/>
  <testcase name="run_scenario" time="11.769" classname="selenium_tests.Runner"/>
  <testcase name="run_scenario" time="12.729" classname="selenium_tests.Runner"/>
  <testcase name="run_scenario" time="13.211" classname="selenium_tests.Runner"/>
  <testcase name="run_scenario" time="12.815" classname="selenium_tests.Runner"/>
  <testcase name="run_scenario" time="12.937" classname="selenium_tests.Runner"/>
  <testcase name="run_scenario" time="11.441" classname="selenium_tests.Runner"/>
  <testcase name="run_scenario" time="12.171" classname="selenium_tests.Runner"/>
  <testcase name="run_scenario" time="13.517" classname="selenium_tests.Runner"/>
  <testcase name="run_scenario" time="13.29" classname="selenium_tests.Runner"/>
  <testcase name="run_scenario" time="14.095" classname="selenium_tests.Runner"/>
  <testcase name="run_scenario" time="16.193" classname="selenium_tests.Runner"/>
  <testcase name="run_scenario" time="9.404" classname="selenium_tests.Runner"/>
  <testcase name="run_scenario" time="9.947" classname="selenium_tests.Runner"/>
  <testcase name="run_scenario" time="9.799" classname="selenium_tests.Runner"/>
  <testcase name="run_scenario" time="9.863" classname="selenium_tests.Runner"/>
  <testcase name="run_scenario" time="9.015" classname="selenium_tests.Runner"/>
  <testcase name="run_scenario" time="10.178" classname="selenium_tests.Runner"/>
  <testcase name="run_scenario" time="8.784" classname="selenium_tests.Runner"/>
  <testcase name="run_scenario" time="5.393" classname="selenium_tests.Runner"/>
  <testcase name="run_scenario" time="7.77" classname="selenium_tests.Runner"/>
</testsuite> <!-- windows edge - no tags (all features) -->
